[0.098s] Invoking command in '/home/tigertronics/mecanum_ws_v2/build/duck_operations': CMAKE_PREFIX_PATH=${CMAKE_PREFIX_PATH}:/home/tigertronics/testing_ws/install/rqt_joint_trajectory_controller:/home/tigertronics/testing_ws/install/rqt_controller_manager:/home/tigertronics/testing_ws/install/ros2controlcli:/home/tigertronics/testing_ws/install/ros2_controllers_test_nodes:/opt/ros/jazzy DEBUGINFOD_URLS=https://debuginfod.ubuntu.com /usr/bin/cmake /home/tigertronics/mecanum_ws_v2/src/duck_operations -DCMAKE_INSTALL_PREFIX=/home/tigertronics/mecanum_ws_v2/install/duck_operations
[0.338s] -- Found ament_cmake: 2.5.5 (/opt/ros/jazzy/share/ament_cmake/cmake)
[1.342s] -- Override CMake install command with custom implementation using symlinks instead of copying resources
[1.375s] -- Found rclcpp: 28.1.16 (/opt/ros/jazzy/share/rclcpp/cmake)
[1.495s] -- Found rosidl_generator_c: 4.6.7 (/opt/ros/jazzy/share/rosidl_generator_c/cmake)
[1.514s] -- Found rosidl_generator_cpp: 4.6.7 (/opt/ros/jazzy/share/rosidl_generator_cpp/cmake)
[1.557s] -- Using all available rosidl_typesupport_c: rosidl_typesupport_fastrtps_c;rosidl_typesupport_introspection_c
[1.637s] -- Using all available rosidl_typesupport_cpp: rosidl_typesupport_fastrtps_cpp;rosidl_typesupport_introspection_cpp
[1.836s] -- Found rmw_implementation_cmake: 7.3.3 (/opt/ros/jazzy/share/rmw_implementation_cmake/cmake)
[1.851s] -- Found rmw_fastrtps_cpp: 8.4.3 (/opt/ros/jazzy/share/rmw_fastrtps_cpp/cmake)
[2.093s] -- Using RMW implementation 'rmw_fastrtps_cpp' as default
[2.355s] -- Found geometry_msgs: 5.3.6 (/opt/ros/jazzy/share/geometry_msgs/cmake)
[2.684s] -- Found sensor_msgs: 5.3.6 (/opt/ros/jazzy/share/sensor_msgs/cmake)
[2.804s] -- Found nav_msgs: 5.3.6 (/opt/ros/jazzy/share/nav_msgs/cmake)
[2.908s] -- Found tf2: 0.36.19 (/opt/ros/jazzy/share/tf2/cmake)
[2.934s] -- Found tf2_geometry_msgs: 0.36.19 (/opt/ros/jazzy/share/tf2_geometry_msgs/cmake)
[2.963s] -- Found eigen3_cmake_module: 0.3.0 (/opt/ros/jazzy/share/eigen3_cmake_module/cmake)
[2.972s] -- Ensuring Eigen3 include directory is part of orocos-kdl CMake target
[3.395s] -- Found cv_bridge: 4.1.0 (/opt/ros/jazzy/share/cv_bridge/cmake)
[3.464s] -- Found image_transport: 5.1.7 (/opt/ros/jazzy/share/image_transport/cmake)
[3.871s] -- Configuring done (3.6s)
[4.048s] -- Generating done (0.1s)
[4.084s] -- Build files have been written to: /home/tigertronics/mecanum_ws_v2/build/duck_operations
[4.149s] Invoked command in '/home/tigertronics/mecanum_ws_v2/build/duck_operations' returned '0': CMAKE_PREFIX_PATH=${CMAKE_PREFIX_PATH}:/home/tigertronics/testing_ws/install/rqt_joint_trajectory_controller:/home/tigertronics/testing_ws/install/rqt_controller_manager:/home/tigertronics/testing_ws/install/ros2controlcli:/home/tigertronics/testing_ws/install/ros2_controllers_test_nodes:/opt/ros/jazzy DEBUGINFOD_URLS=https://debuginfod.ubuntu.com /usr/bin/cmake /home/tigertronics/mecanum_ws_v2/src/duck_operations -DCMAKE_INSTALL_PREFIX=/home/tigertronics/mecanum_ws_v2/install/duck_operations
[4.151s] Invoking command in '/home/tigertronics/mecanum_ws_v2/build/duck_operations': CMAKE_PREFIX_PATH=${CMAKE_PREFIX_PATH}:/home/tigertronics/testing_ws/install/rqt_joint_trajectory_controller:/home/tigertronics/testing_ws/install/rqt_controller_manager:/home/tigertronics/testing_ws/install/ros2controlcli:/home/tigertronics/testing_ws/install/ros2_controllers_test_nodes:/opt/ros/jazzy DEBUGINFOD_URLS=https://debuginfod.ubuntu.com /usr/bin/cmake --build /home/tigertronics/mecanum_ws_v2/build/duck_operations -- -j4 -l4
[4.494s] [ 50%] Built target duck_detector_node
[4.500s] [100%] Built target plow_controller_node
[4.574s] Invoked command in '/home/tigertronics/mecanum_ws_v2/build/duck_operations' returned '0': CMAKE_PREFIX_PATH=${CMAKE_PREFIX_PATH}:/home/tigertronics/testing_ws/install/rqt_joint_trajectory_controller:/home/tigertronics/testing_ws/install/rqt_controller_manager:/home/tigertronics/testing_ws/install/ros2controlcli:/home/tigertronics/testing_ws/install/ros2_controllers_test_nodes:/opt/ros/jazzy DEBUGINFOD_URLS=https://debuginfod.ubuntu.com /usr/bin/cmake --build /home/tigertronics/mecanum_ws_v2/build/duck_operations -- -j4 -l4
[4.581s] Invoking command in '/home/tigertronics/mecanum_ws_v2/build/duck_operations': CMAKE_PREFIX_PATH=${CMAKE_PREFIX_PATH}:/home/tigertronics/testing_ws/install/rqt_joint_trajectory_controller:/home/tigertronics/testing_ws/install/rqt_controller_manager:/home/tigertronics/testing_ws/install/ros2controlcli:/home/tigertronics/testing_ws/install/ros2_controllers_test_nodes:/opt/ros/jazzy DEBUGINFOD_URLS=https://debuginfod.ubuntu.com /usr/bin/cmake --install /home/tigertronics/mecanum_ws_v2/build/duck_operations
[4.620s] -- Install configuration: "Release"
[4.620s] -- Execute custom install script
[4.665s] -- Up-to-date symlink: /home/tigertronics/mecanum_ws_v2/install/duck_operations/lib/duck_operations/duck_detector_node
[4.666s] -- Up-to-date symlink: /home/tigertronics/mecanum_ws_v2/install/duck_operations/lib/duck_operations/plow_controller_node
[4.670s] -- Up-to-date symlink: /home/tigertronics/mecanum_ws_v2/install/duck_operations/include/duck_operations/duck_detector_node.hpp
[4.672s] -- Up-to-date symlink: /home/tigertronics/mecanum_ws_v2/install/duck_operations/include/duck_operations/plow_controller_node.hpp
[4.673s] -- Up-to-date symlink: /home/tigertronics/mecanum_ws_v2/install/duck_operations/share/ament_index/resource_index/package_run_dependencies/duck_operations
[4.676s] -- Up-to-date symlink: /home/tigertronics/mecanum_ws_v2/install/duck_operations/share/ament_index/resource_index/parent_prefix_path/duck_operations
[4.678s] -- Up-to-date symlink: /home/tigertronics/mecanum_ws_v2/install/duck_operations/share/duck_operations/environment/ament_prefix_path.sh
[4.680s] -- Up-to-date symlink: /home/tigertronics/mecanum_ws_v2/install/duck_operations/share/duck_operations/environment/ament_prefix_path.dsv
[4.681s] -- Up-to-date symlink: /home/tigertronics/mecanum_ws_v2/install/duck_operations/share/duck_operations/environment/path.sh
[4.684s] -- Up-to-date symlink: /home/tigertronics/mecanum_ws_v2/install/duck_operations/share/duck_operations/environment/path.dsv
[4.685s] -- Up-to-date symlink: /home/tigertronics/mecanum_ws_v2/install/duck_operations/share/duck_operations/local_setup.bash
[4.686s] -- Up-to-date symlink: /home/tigertronics/mecanum_ws_v2/install/duck_operations/share/duck_operations/local_setup.sh
[4.686s] -- Up-to-date symlink: /home/tigertronics/mecanum_ws_v2/install/duck_operations/share/duck_operations/local_setup.zsh
[4.687s] -- Up-to-date symlink: /home/tigertronics/mecanum_ws_v2/install/duck_operations/share/duck_operations/local_setup.dsv
[4.688s] -- Symlinking: /home/tigertronics/mecanum_ws_v2/install/duck_operations/share/duck_operations/package.dsv
[4.752s] -- Up-to-date symlink: /home/tigertronics/mecanum_ws_v2/install/duck_operations/share/ament_index/resource_index/packages/duck_operations
[4.764s] -- Up-to-date symlink: /home/tigertronics/mecanum_ws_v2/install/duck_operations/share/duck_operations/cmake/duck_operationsConfig.cmake
[4.771s] -- Up-to-date symlink: /home/tigertronics/mecanum_ws_v2/install/duck_operations/share/duck_operations/cmake/duck_operationsConfig-version.cmake
[4.777s] -- Up-to-date symlink: /home/tigertronics/mecanum_ws_v2/install/duck_operations/share/duck_operations/package.xml
[4.780s] Invoked command in '/home/tigertronics/mecanum_ws_v2/build/duck_operations' returned '0': CMAKE_PREFIX_PATH=${CMAKE_PREFIX_PATH}:/home/tigertronics/testing_ws/install/rqt_joint_trajectory_controller:/home/tigertronics/testing_ws/install/rqt_controller_manager:/home/tigertronics/testing_ws/install/ros2controlcli:/home/tigertronics/testing_ws/install/ros2_controllers_test_nodes:/opt/ros/jazzy DEBUGINFOD_URLS=https://debuginfod.ubuntu.com /usr/bin/cmake --install /home/tigertronics/mecanum_ws_v2/build/duck_operations
