[0.060s] Invoking command in '/home/tigertronics/mecanum_ws_v2/build/mecanum_description': CMAKE_PREFIX_PATH=${CMAKE_PREFIX_PATH}:/home/tigertronics/testing_ws/install/rqt_joint_trajectory_controller:/home/tigertronics/testing_ws/install/rqt_controller_manager:/home/tigertronics/testing_ws/install/ros2controlcli:/home/tigertronics/testing_ws/install/ros2_controllers_test_nodes:/opt/ros/jazzy DEBUGINFOD_URLS=https://debuginfod.ubuntu.com /usr/bin/cmake /home/tigertronics/mecanum_ws_v2/src/mecanum_description -DCMAKE_INSTALL_PREFIX=/home/tigertronics/mecanum_ws_v2/install/mecanum_description
[0.105s] -- Found ament_cmake: 2.5.5 (/opt/ros/jazzy/share/ament_cmake/cmake)
[0.815s] -- Override CMake install command with custom implementation using symlinks instead of copying resources
[1.300s] -- Configuring done (1.2s)
[1.319s] -- Generating done (0.0s)
[1.323s] -- Build files have been written to: /home/tigertronics/mecanum_ws_v2/build/mecanum_description
[1.335s] Invoked command in '/home/tigertronics/mecanum_ws_v2/build/mecanum_description' returned '0': CMAKE_PREFIX_PATH=${CMAKE_PREFIX_PATH}:/home/tigertronics/testing_ws/install/rqt_joint_trajectory_controller:/home/tigertronics/testing_ws/install/rqt_controller_manager:/home/tigertronics/testing_ws/install/ros2controlcli:/home/tigertronics/testing_ws/install/ros2_controllers_test_nodes:/opt/ros/jazzy DEBUGINFOD_URLS=https://debuginfod.ubuntu.com /usr/bin/cmake /home/tigertronics/mecanum_ws_v2/src/mecanum_description -DCMAKE_INSTALL_PREFIX=/home/tigertronics/mecanum_ws_v2/install/mecanum_description
[1.336s] Invoking command in '/home/tigertronics/mecanum_ws_v2/build/mecanum_description': CMAKE_PREFIX_PATH=${CMAKE_PREFIX_PATH}:/home/tigertronics/testing_ws/install/rqt_joint_trajectory_controller:/home/tigertronics/testing_ws/install/rqt_controller_manager:/home/tigertronics/testing_ws/install/ros2controlcli:/home/tigertronics/testing_ws/install/ros2_controllers_test_nodes:/opt/ros/jazzy DEBUGINFOD_URLS=https://debuginfod.ubuntu.com /usr/bin/cmake --build /home/tigertronics/mecanum_ws_v2/build/mecanum_description -- -j4 -l4
[1.561s] Invoked command in '/home/tigertronics/mecanum_ws_v2/build/mecanum_description' returned '0': CMAKE_PREFIX_PATH=${CMAKE_PREFIX_PATH}:/home/tigertronics/testing_ws/install/rqt_joint_trajectory_controller:/home/tigertronics/testing_ws/install/rqt_controller_manager:/home/tigertronics/testing_ws/install/ros2controlcli:/home/tigertronics/testing_ws/install/ros2_controllers_test_nodes:/opt/ros/jazzy DEBUGINFOD_URLS=https://debuginfod.ubuntu.com /usr/bin/cmake --build /home/tigertronics/mecanum_ws_v2/build/mecanum_description -- -j4 -l4
[1.565s] Invoking command in '/home/tigertronics/mecanum_ws_v2/build/mecanum_description': CMAKE_PREFIX_PATH=${CMAKE_PREFIX_PATH}:/home/tigertronics/testing_ws/install/rqt_joint_trajectory_controller:/home/tigertronics/testing_ws/install/rqt_controller_manager:/home/tigertronics/testing_ws/install/ros2controlcli:/home/tigertronics/testing_ws/install/ros2_controllers_test_nodes:/opt/ros/jazzy DEBUGINFOD_URLS=https://debuginfod.ubuntu.com /usr/bin/cmake --install /home/tigertronics/mecanum_ws_v2/build/mecanum_description
[1.608s] -- Install configuration: "Release"
[1.608s] -- Execute custom install script
[1.609s] -- Up-to-date symlink: /home/tigertronics/mecanum_ws_v2/install/mecanum_description/share/mecanum_description/urdf/mecanum_robot.urdf.xacro
[1.609s] -- Up-to-date symlink: /home/tigertronics/mecanum_ws_v2/install/mecanum_description/share/mecanum_description/urdf/ros2_control.xacro
[1.614s] -- Up-to-date symlink: /home/tigertronics/mecanum_ws_v2/install/mecanum_description/share/mecanum_description/urdf/sensors.xacro
[1.614s] -- Up-to-date symlink: /home/tigertronics/mecanum_ws_v2/install/mecanum_description/share/ament_index/resource_index/package_run_dependencies/mecanum_description
[1.614s] -- Up-to-date symlink: /home/tigertronics/mecanum_ws_v2/install/mecanum_description/share/ament_index/resource_index/parent_prefix_path/mecanum_description
[1.614s] -- Up-to-date symlink: /home/tigertronics/mecanum_ws_v2/install/mecanum_description/share/mecanum_description/environment/ament_prefix_path.sh
[1.615s] -- Up-to-date symlink: /home/tigertronics/mecanum_ws_v2/install/mecanum_description/share/mecanum_description/environment/ament_prefix_path.dsv
[1.615s] -- Up-to-date symlink: /home/tigertronics/mecanum_ws_v2/install/mecanum_description/share/mecanum_description/environment/path.sh
[1.615s] -- Up-to-date symlink: /home/tigertronics/mecanum_ws_v2/install/mecanum_description/share/mecanum_description/environment/path.dsv
[1.615s] -- Up-to-date symlink: /home/tigertronics/mecanum_ws_v2/install/mecanum_description/share/mecanum_description/local_setup.bash
[1.615s] -- Up-to-date symlink: /home/tigertronics/mecanum_ws_v2/install/mecanum_description/share/mecanum_description/local_setup.sh
[1.615s] -- Up-to-date symlink: /home/tigertronics/mecanum_ws_v2/install/mecanum_description/share/mecanum_description/local_setup.zsh
[1.616s] -- Up-to-date symlink: /home/tigertronics/mecanum_ws_v2/install/mecanum_description/share/mecanum_description/local_setup.dsv
[1.616s] -- Symlinking: /home/tigertronics/mecanum_ws_v2/install/mecanum_description/share/mecanum_description/package.dsv
[1.674s] -- Up-to-date symlink: /home/tigertronics/mecanum_ws_v2/install/mecanum_description/share/ament_index/resource_index/packages/mecanum_description
[1.677s] -- Up-to-date symlink: /home/tigertronics/mecanum_ws_v2/install/mecanum_description/share/mecanum_description/cmake/mecanum_descriptionConfig.cmake
[1.679s] -- Up-to-date symlink: /home/tigertronics/mecanum_ws_v2/install/mecanum_description/share/mecanum_description/cmake/mecanum_descriptionConfig-version.cmake
[1.680s] -- Up-to-date symlink: /home/tigertronics/mecanum_ws_v2/install/mecanum_description/share/mecanum_description/package.xml
[1.691s] Invoked command in '/home/tigertronics/mecanum_ws_v2/build/mecanum_description' returned '0': CMAKE_PREFIX_PATH=${CMAKE_PREFIX_PATH}:/home/tigertronics/testing_ws/install/rqt_joint_trajectory_controller:/home/tigertronics/testing_ws/install/rqt_controller_manager:/home/tigertronics/testing_ws/install/ros2controlcli:/home/tigertronics/testing_ws/install/ros2_controllers_test_nodes:/opt/ros/jazzy DEBUGINFOD_URLS=https://debuginfod.ubuntu.com /usr/bin/cmake --install /home/tigertronics/mecanum_ws_v2/build/mecanum_description
