[0.601s] DEBUG:colcon:Command line arguments: ['/usr/bin/colcon', 'build', '--symlink-install', '--packages-select', 'teensy_firmware']
[0.601s] DEBUG:colcon:Parsed command line arguments: Namespace(log_base=None, log_level=None, verb_name='build', build_base='build', install_base='install', merge_install=False, symlink_install=True, test_result_base=None, continue_on_error=False, executor='parallel', parallel_workers=4, event_handlers=None, ignore_user_meta=False, metas=['./colcon.meta'], base_paths=['.'], packages_ignore=None, packages_ignore_regex=None, paths=None, packages_up_to=None, packages_up_to_regex=None, packages_above=None, packages_above_and_dependencies=None, packages_above_depth=None, packages_select_by_dep=None, packages_skip_by_dep=None, packages_skip_up_to=None, packages_select_build_failed=False, packages_skip_build_finished=False, packages_select_test_failures=False, packages_skip_test_passed=False, packages_select=['teensy_firmware'], packages_skip=None, packages_select_regex=None, packages_skip_regex=None, packages_start=None, packages_end=None, allow_overriding=[], cmake_args=None, cmake_target=None, cmake_target_skip_unavailable=False, cmake_clean_cache=False, cmake_clean_first=False, cmake_force_configure=False, ament_cmake_args=None, catkin_cmake_args=None, catkin_skip_building_tests=False, mixin_files=None, mixin=None, verb_parser=<colcon_mixin.mixin.mixin_argument.MixinArgumentDecorator object at 0xffff95b5f4d0>, verb_extension=<colcon_core.verb.build.BuildVerb object at 0xffff95d17800>, main=<bound method BuildVerb.main of <colcon_core.verb.build.BuildVerb object at 0xffff95d17800>>, mixin_verb=('build',))
[0.720s] Level 1:colcon.colcon_core.package_discovery:discover_packages(colcon_meta) check parameters
[0.720s] Level 1:colcon.colcon_core.package_discovery:discover_packages(recursive) check parameters
[0.720s] Level 1:colcon.colcon_core.package_discovery:discover_packages(ignore) check parameters
[0.720s] Level 1:colcon.colcon_core.package_discovery:discover_packages(path) check parameters
[0.720s] Level 1:colcon.colcon_core.package_discovery:discover_packages(colcon_meta) discover
[0.721s] Level 1:colcon.colcon_core.package_discovery:discover_packages(recursive) discover
[0.721s] INFO:colcon.colcon_core.package_discovery:Crawling recursively for packages in '/home/tigertronics/mecanum_ws_v2'
[0.721s] Level 1:colcon.colcon_core.package_identification:_identify(.) by extensions ['ignore', 'ignore_ament_install']
[0.721s] Level 1:colcon.colcon_core.package_identification:_identify(.) by extension 'ignore'
[0.721s] Level 1:colcon.colcon_core.package_identification:_identify(.) by extension 'ignore_ament_install'
[0.721s] Level 1:colcon.colcon_core.package_identification:_identify(.) by extensions ['colcon_pkg']
[0.721s] Level 1:colcon.colcon_core.package_identification:_identify(.) by extension 'colcon_pkg'
[0.721s] Level 1:colcon.colcon_core.package_identification:_identify(.) by extensions ['colcon_meta']
[0.721s] Level 1:colcon.colcon_core.package_identification:_identify(.) by extension 'colcon_meta'
[0.721s] Level 1:colcon.colcon_core.package_identification:_identify(.) by extensions ['ros']
[0.721s] Level 1:colcon.colcon_core.package_identification:_identify(.) by extension 'ros'
[0.794s] Level 1:colcon.colcon_core.package_identification:_identify(.) by extensions ['cmake', 'python']
[0.794s] Level 1:colcon.colcon_core.package_identification:_identify(.) by extension 'cmake'
[0.794s] Level 1:colcon.colcon_core.package_identification:_identify(.) by extension 'python'
[0.794s] Level 1:colcon.colcon_core.package_identification:_identify(.) by extensions ['python_setup_py']
[0.794s] Level 1:colcon.colcon_core.package_identification:_identify(.) by extension 'python_setup_py'
[0.794s] Level 1:colcon.colcon_core.package_identification:_identify(build) by extensions ['ignore', 'ignore_ament_install']
[0.794s] Level 1:colcon.colcon_core.package_identification:_identify(build) by extension 'ignore'
[0.795s] Level 1:colcon.colcon_core.package_identification:_identify(build) ignored
[0.795s] Level 1:colcon.colcon_core.package_identification:_identify(install) by extensions ['ignore', 'ignore_ament_install']
[0.795s] Level 1:colcon.colcon_core.package_identification:_identify(install) by extension 'ignore'
[0.795s] Level 1:colcon.colcon_core.package_identification:_identify(install) ignored
[0.795s] Level 1:colcon.colcon_core.package_identification:_identify(log) by extensions ['ignore', 'ignore_ament_install']
[0.795s] Level 1:colcon.colcon_core.package_identification:_identify(log) by extension 'ignore'
[0.795s] Level 1:colcon.colcon_core.package_identification:_identify(log) ignored
[0.795s] Level 1:colcon.colcon_core.package_identification:_identify(src) by extensions ['ignore', 'ignore_ament_install']
[0.795s] Level 1:colcon.colcon_core.package_identification:_identify(src) by extension 'ignore'
[0.795s] Level 1:colcon.colcon_core.package_identification:_identify(src) by extension 'ignore_ament_install'
[0.796s] Level 1:colcon.colcon_core.package_identification:_identify(src) by extensions ['colcon_pkg']
[0.796s] Level 1:colcon.colcon_core.package_identification:_identify(src) by extension 'colcon_pkg'
[0.796s] Level 1:colcon.colcon_core.package_identification:_identify(src) by extensions ['colcon_meta']
[0.796s] Level 1:colcon.colcon_core.package_identification:_identify(src) by extension 'colcon_meta'
[0.796s] Level 1:colcon.colcon_core.package_identification:_identify(src) by extensions ['ros']
[0.796s] Level 1:colcon.colcon_core.package_identification:_identify(src) by extension 'ros'
[0.796s] Level 1:colcon.colcon_core.package_identification:_identify(src) by extensions ['cmake', 'python']
[0.796s] Level 1:colcon.colcon_core.package_identification:_identify(src) by extension 'cmake'
[0.796s] Level 1:colcon.colcon_core.package_identification:_identify(src) by extension 'python'
[0.796s] Level 1:colcon.colcon_core.package_identification:_identify(src) by extensions ['python_setup_py']
[0.796s] Level 1:colcon.colcon_core.package_identification:_identify(src) by extension 'python_setup_py'
[0.796s] Level 1:colcon.colcon_core.package_identification:_identify(src/arduino_attachment) by extensions ['ignore', 'ignore_ament_install']
[0.797s] Level 1:colcon.colcon_core.package_identification:_identify(src/arduino_attachment) by extension 'ignore'
[0.797s] Level 1:colcon.colcon_core.package_identification:_identify(src/arduino_attachment) by extension 'ignore_ament_install'
[0.797s] Level 1:colcon.colcon_core.package_identification:_identify(src/arduino_attachment) by extensions ['colcon_pkg']
[0.797s] Level 1:colcon.colcon_core.package_identification:_identify(src/arduino_attachment) by extension 'colcon_pkg'
[0.797s] Level 1:colcon.colcon_core.package_identification:_identify(src/arduino_attachment) by extensions ['colcon_meta']
[0.797s] Level 1:colcon.colcon_core.package_identification:_identify(src/arduino_attachment) by extension 'colcon_meta'
[0.797s] Level 1:colcon.colcon_core.package_identification:_identify(src/arduino_attachment) by extensions ['ros']
[0.797s] Level 1:colcon.colcon_core.package_identification:_identify(src/arduino_attachment) by extension 'ros'
[0.797s] Level 1:colcon.colcon_core.package_identification:_identify(src/arduino_attachment) by extensions ['cmake', 'python']
[0.797s] Level 1:colcon.colcon_core.package_identification:_identify(src/arduino_attachment) by extension 'cmake'
[0.797s] Level 1:colcon.colcon_core.package_identification:_identify(src/arduino_attachment) by extension 'python'
[0.797s] Level 1:colcon.colcon_core.package_identification:_identify(src/arduino_attachment) by extensions ['python_setup_py']
[0.797s] Level 1:colcon.colcon_core.package_identification:_identify(src/arduino_attachment) by extension 'python_setup_py'
[0.800s] Level 1:colcon.colcon_core.package_identification:_identify(src/attachment_interface) by extensions ['ignore', 'ignore_ament_install']
[0.800s] Level 1:colcon.colcon_core.package_identification:_identify(src/attachment_interface) by extension 'ignore'
[0.801s] Level 1:colcon.colcon_core.package_identification:_identify(src/attachment_interface) by extension 'ignore_ament_install'
[0.801s] Level 1:colcon.colcon_core.package_identification:_identify(src/attachment_interface) by extensions ['colcon_pkg']
[0.801s] Level 1:colcon.colcon_core.package_identification:_identify(src/attachment_interface) by extension 'colcon_pkg'
[0.801s] Level 1:colcon.colcon_core.package_identification:_identify(src/attachment_interface) by extensions ['colcon_meta']
[0.801s] Level 1:colcon.colcon_core.package_identification:_identify(src/attachment_interface) by extension 'colcon_meta'
[0.801s] Level 1:colcon.colcon_core.package_identification:_identify(src/attachment_interface) by extensions ['ros']
[0.801s] Level 1:colcon.colcon_core.package_identification:_identify(src/attachment_interface) by extension 'ros'
[0.806s] DEBUG:colcon.colcon_core.package_identification:Package 'src/attachment_interface' with type 'ros.ament_cmake' and name 'attachment_interface'
[0.806s] Level 1:colcon.colcon_core.package_identification:_identify(src/duck_operations) by extensions ['ignore', 'ignore_ament_install']
[0.806s] Level 1:colcon.colcon_core.package_identification:_identify(src/duck_operations) by extension 'ignore'
[0.807s] Level 1:colcon.colcon_core.package_identification:_identify(src/duck_operations) by extension 'ignore_ament_install'
[0.807s] Level 1:colcon.colcon_core.package_identification:_identify(src/duck_operations) by extensions ['colcon_pkg']
[0.807s] Level 1:colcon.colcon_core.package_identification:_identify(src/duck_operations) by extension 'colcon_pkg'
[0.807s] Level 1:colcon.colcon_core.package_identification:_identify(src/duck_operations) by extensions ['colcon_meta']
[0.807s] Level 1:colcon.colcon_core.package_identification:_identify(src/duck_operations) by extension 'colcon_meta'
[0.807s] Level 1:colcon.colcon_core.package_identification:_identify(src/duck_operations) by extensions ['ros']
[0.807s] Level 1:colcon.colcon_core.package_identification:_identify(src/duck_operations) by extension 'ros'
[0.808s] DEBUG:colcon.colcon_core.package_identification:Package 'src/duck_operations' with type 'ros.ament_cmake' and name 'duck_operations'
[0.809s] Level 1:colcon.colcon_core.package_identification:_identify(src/mecanum_bringup) by extensions ['ignore', 'ignore_ament_install']
[0.809s] Level 1:colcon.colcon_core.package_identification:_identify(src/mecanum_bringup) by extension 'ignore'
[0.809s] Level 1:colcon.colcon_core.package_identification:_identify(src/mecanum_bringup) by extension 'ignore_ament_install'
[0.809s] Level 1:colcon.colcon_core.package_identification:_identify(src/mecanum_bringup) by extensions ['colcon_pkg']
[0.809s] Level 1:colcon.colcon_core.package_identification:_identify(src/mecanum_bringup) by extension 'colcon_pkg'
[0.809s] Level 1:colcon.colcon_core.package_identification:_identify(src/mecanum_bringup) by extensions ['colcon_meta']
[0.809s] Level 1:colcon.colcon_core.package_identification:_identify(src/mecanum_bringup) by extension 'colcon_meta'
[0.809s] Level 1:colcon.colcon_core.package_identification:_identify(src/mecanum_bringup) by extensions ['ros']
[0.809s] Level 1:colcon.colcon_core.package_identification:_identify(src/mecanum_bringup) by extension 'ros'
[0.810s] DEBUG:colcon.colcon_core.package_identification:Package 'src/mecanum_bringup' with type 'ros.ament_cmake' and name 'mecanum_bringup'
[0.811s] Level 1:colcon.colcon_core.package_identification:_identify(src/mecanum_description) by extensions ['ignore', 'ignore_ament_install']
[0.811s] Level 1:colcon.colcon_core.package_identification:_identify(src/mecanum_description) by extension 'ignore'
[0.811s] Level 1:colcon.colcon_core.package_identification:_identify(src/mecanum_description) by extension 'ignore_ament_install'
[0.811s] Level 1:colcon.colcon_core.package_identification:_identify(src/mecanum_description) by extensions ['colcon_pkg']
[0.811s] Level 1:colcon.colcon_core.package_identification:_identify(src/mecanum_description) by extension 'colcon_pkg'
[0.811s] Level 1:colcon.colcon_core.package_identification:_identify(src/mecanum_description) by extensions ['colcon_meta']
[0.811s] Level 1:colcon.colcon_core.package_identification:_identify(src/mecanum_description) by extension 'colcon_meta'
[0.811s] Level 1:colcon.colcon_core.package_identification:_identify(src/mecanum_description) by extensions ['ros']
[0.811s] Level 1:colcon.colcon_core.package_identification:_identify(src/mecanum_description) by extension 'ros'
[0.812s] DEBUG:colcon.colcon_core.package_identification:Package 'src/mecanum_description' with type 'ros.ament_cmake' and name 'mecanum_description'
[0.813s] Level 1:colcon.colcon_core.package_identification:_identify(src/mecanum_hardware) by extensions ['ignore', 'ignore_ament_install']
[0.813s] Level 1:colcon.colcon_core.package_identification:_identify(src/mecanum_hardware) by extension 'ignore'
[0.813s] Level 1:colcon.colcon_core.package_identification:_identify(src/mecanum_hardware) by extension 'ignore_ament_install'
[0.813s] Level 1:colcon.colcon_core.package_identification:_identify(src/mecanum_hardware) by extensions ['colcon_pkg']
[0.813s] Level 1:colcon.colcon_core.package_identification:_identify(src/mecanum_hardware) by extension 'colcon_pkg'
[0.813s] Level 1:colcon.colcon_core.package_identification:_identify(src/mecanum_hardware) by extensions ['colcon_meta']
[0.813s] Level 1:colcon.colcon_core.package_identification:_identify(src/mecanum_hardware) by extension 'colcon_meta'
[0.813s] Level 1:colcon.colcon_core.package_identification:_identify(src/mecanum_hardware) by extensions ['ros']
[0.813s] Level 1:colcon.colcon_core.package_identification:_identify(src/mecanum_hardware) by extension 'ros'
[0.814s] DEBUG:colcon.colcon_core.package_identification:Package 'src/mecanum_hardware' with type 'ros.ament_cmake' and name 'mecanum_hardware'
[0.815s] Level 1:colcon.colcon_core.package_identification:_identify(src/mecanum_localization) by extensions ['ignore', 'ignore_ament_install']
[0.815s] Level 1:colcon.colcon_core.package_identification:_identify(src/mecanum_localization) by extension 'ignore'
[0.815s] Level 1:colcon.colcon_core.package_identification:_identify(src/mecanum_localization) by extension 'ignore_ament_install'
[0.815s] Level 1:colcon.colcon_core.package_identification:_identify(src/mecanum_localization) by extensions ['colcon_pkg']
[0.815s] Level 1:colcon.colcon_core.package_identification:_identify(src/mecanum_localization) by extension 'colcon_pkg'
[0.815s] Level 1:colcon.colcon_core.package_identification:_identify(src/mecanum_localization) by extensions ['colcon_meta']
[0.815s] Level 1:colcon.colcon_core.package_identification:_identify(src/mecanum_localization) by extension 'colcon_meta'
[0.815s] Level 1:colcon.colcon_core.package_identification:_identify(src/mecanum_localization) by extensions ['ros']
[0.815s] Level 1:colcon.colcon_core.package_identification:_identify(src/mecanum_localization) by extension 'ros'
[0.819s] DEBUG:colcon.colcon_core.package_identification:Package 'src/mecanum_localization' with type 'ros.ament_cmake' and name 'mecanum_localization'
[0.820s] Level 1:colcon.colcon_core.package_identification:_identify(src/mecanum_sensors) by extensions ['ignore', 'ignore_ament_install']
[0.820s] Level 1:colcon.colcon_core.package_identification:_identify(src/mecanum_sensors) by extension 'ignore'
[0.820s] Level 1:colcon.colcon_core.package_identification:_identify(src/mecanum_sensors) by extension 'ignore_ament_install'
[0.820s] Level 1:colcon.colcon_core.package_identification:_identify(src/mecanum_sensors) by extensions ['colcon_pkg']
[0.820s] Level 1:colcon.colcon_core.package_identification:_identify(src/mecanum_sensors) by extension 'colcon_pkg'
[0.820s] Level 1:colcon.colcon_core.package_identification:_identify(src/mecanum_sensors) by extensions ['colcon_meta']
[0.820s] Level 1:colcon.colcon_core.package_identification:_identify(src/mecanum_sensors) by extension 'colcon_meta'
[0.820s] Level 1:colcon.colcon_core.package_identification:_identify(src/mecanum_sensors) by extensions ['ros']
[0.820s] Level 1:colcon.colcon_core.package_identification:_identify(src/mecanum_sensors) by extension 'ros'
[0.823s] DEBUG:colcon.colcon_core.package_identification:Package 'src/mecanum_sensors' with type 'ros.ament_cmake' and name 'mecanum_sensors'
[0.823s] Level 1:colcon.colcon_core.package_identification:_identify(src/position_verifier) by extensions ['ignore', 'ignore_ament_install']
[0.824s] Level 1:colcon.colcon_core.package_identification:_identify(src/position_verifier) by extension 'ignore'
[0.824s] Level 1:colcon.colcon_core.package_identification:_identify(src/position_verifier) by extension 'ignore_ament_install'
[0.824s] Level 1:colcon.colcon_core.package_identification:_identify(src/position_verifier) by extensions ['colcon_pkg']
[0.824s] Level 1:colcon.colcon_core.package_identification:_identify(src/position_verifier) by extension 'colcon_pkg'
[0.824s] Level 1:colcon.colcon_core.package_identification:_identify(src/position_verifier) by extensions ['colcon_meta']
[0.824s] Level 1:colcon.colcon_core.package_identification:_identify(src/position_verifier) by extension 'colcon_meta'
[0.824s] Level 1:colcon.colcon_core.package_identification:_identify(src/position_verifier) by extensions ['ros']
[0.824s] Level 1:colcon.colcon_core.package_identification:_identify(src/position_verifier) by extension 'ros'
[0.825s] DEBUG:colcon.colcon_core.package_identification:Package 'src/position_verifier' with type 'ros.ament_cmake' and name 'position_verifier'
[0.826s] Level 1:colcon.colcon_core.package_identification:_identify(src/task_manager) by extensions ['ignore', 'ignore_ament_install']
[0.826s] Level 1:colcon.colcon_core.package_identification:_identify(src/task_manager) by extension 'ignore'
[0.826s] Level 1:colcon.colcon_core.package_identification:_identify(src/task_manager) by extension 'ignore_ament_install'
[0.826s] Level 1:colcon.colcon_core.package_identification:_identify(src/task_manager) by extensions ['colcon_pkg']
[0.826s] Level 1:colcon.colcon_core.package_identification:_identify(src/task_manager) by extension 'colcon_pkg'
[0.826s] Level 1:colcon.colcon_core.package_identification:_identify(src/task_manager) by extensions ['colcon_meta']
[0.826s] Level 1:colcon.colcon_core.package_identification:_identify(src/task_manager) by extension 'colcon_meta'
[0.826s] Level 1:colcon.colcon_core.package_identification:_identify(src/task_manager) by extensions ['ros']
[0.826s] Level 1:colcon.colcon_core.package_identification:_identify(src/task_manager) by extension 'ros'
[0.828s] DEBUG:colcon.colcon_core.package_identification:Package 'src/task_manager' with type 'ros.ament_cmake' and name 'task_manager'
[0.828s] Level 1:colcon.colcon_core.package_identification:_identify(src/teensy_firmware) by extensions ['ignore', 'ignore_ament_install']
[0.828s] Level 1:colcon.colcon_core.package_identification:_identify(src/teensy_firmware) by extension 'ignore'
[0.828s] Level 1:colcon.colcon_core.package_identification:_identify(src/teensy_firmware) by extension 'ignore_ament_install'
[0.828s] Level 1:colcon.colcon_core.package_identification:_identify(src/teensy_firmware) by extensions ['colcon_pkg']
[0.828s] Level 1:colcon.colcon_core.package_identification:_identify(src/teensy_firmware) by extension 'colcon_pkg'
[0.828s] Level 1:colcon.colcon_core.package_identification:_identify(src/teensy_firmware) by extensions ['colcon_meta']
[0.828s] Level 1:colcon.colcon_core.package_identification:_identify(src/teensy_firmware) by extension 'colcon_meta'
[0.828s] Level 1:colcon.colcon_core.package_identification:_identify(src/teensy_firmware) by extensions ['ros']
[0.828s] Level 1:colcon.colcon_core.package_identification:_identify(src/teensy_firmware) by extension 'ros'
[0.828s] Level 1:colcon.colcon_core.package_identification:_identify(src/teensy_firmware) by extensions ['cmake', 'python']
[0.828s] Level 1:colcon.colcon_core.package_identification:_identify(src/teensy_firmware) by extension 'cmake'
[0.828s] Level 1:colcon.colcon_core.package_identification:_identify(src/teensy_firmware) by extension 'python'
[0.829s] Level 1:colcon.colcon_core.package_identification:_identify(src/teensy_firmware) by extensions ['python_setup_py']
[0.829s] Level 1:colcon.colcon_core.package_identification:_identify(src/teensy_firmware) by extension 'python_setup_py'
[0.829s] Level 1:colcon.colcon_core.package_identification:_identify(src/teensy_firmware/mecanum_firmware) by extensions ['ignore', 'ignore_ament_install']
[0.829s] Level 1:colcon.colcon_core.package_identification:_identify(src/teensy_firmware/mecanum_firmware) by extension 'ignore'
[0.829s] Level 1:colcon.colcon_core.package_identification:_identify(src/teensy_firmware/mecanum_firmware) by extension 'ignore_ament_install'
[0.829s] Level 1:colcon.colcon_core.package_identification:_identify(src/teensy_firmware/mecanum_firmware) by extensions ['colcon_pkg']
[0.829s] Level 1:colcon.colcon_core.package_identification:_identify(src/teensy_firmware/mecanum_firmware) by extension 'colcon_pkg'
[0.829s] Level 1:colcon.colcon_core.package_identification:_identify(src/teensy_firmware/mecanum_firmware) by extensions ['colcon_meta']
[0.829s] Level 1:colcon.colcon_core.package_identification:_identify(src/teensy_firmware/mecanum_firmware) by extension 'colcon_meta'
[0.829s] Level 1:colcon.colcon_core.package_identification:_identify(src/teensy_firmware/mecanum_firmware) by extensions ['ros']
[0.829s] Level 1:colcon.colcon_core.package_identification:_identify(src/teensy_firmware/mecanum_firmware) by extension 'ros'
[0.829s] Level 1:colcon.colcon_core.package_identification:_identify(src/teensy_firmware/mecanum_firmware) by extensions ['cmake', 'python']
[0.829s] Level 1:colcon.colcon_core.package_identification:_identify(src/teensy_firmware/mecanum_firmware) by extension 'cmake'
[0.829s] Level 1:colcon.colcon_core.package_identification:_identify(src/teensy_firmware/mecanum_firmware) by extension 'python'
[0.829s] Level 1:colcon.colcon_core.package_identification:_identify(src/teensy_firmware/mecanum_firmware) by extensions ['python_setup_py']
[0.829s] Level 1:colcon.colcon_core.package_identification:_identify(src/teensy_firmware/mecanum_firmware) by extension 'python_setup_py'
[0.830s] Level 1:colcon.colcon_core.package_identification:_identify(src/teensy_firmware/mecanum_firmware/test1.ino) by extensions ['ignore', 'ignore_ament_install']
[0.830s] Level 1:colcon.colcon_core.package_identification:_identify(src/teensy_firmware/mecanum_firmware/test1.ino) by extension 'ignore'
[0.830s] Level 1:colcon.colcon_core.package_identification:_identify(src/teensy_firmware/mecanum_firmware/test1.ino) by extension 'ignore_ament_install'
[0.830s] Level 1:colcon.colcon_core.package_identification:_identify(src/teensy_firmware/mecanum_firmware/test1.ino) by extensions ['colcon_pkg']
[0.830s] Level 1:colcon.colcon_core.package_identification:_identify(src/teensy_firmware/mecanum_firmware/test1.ino) by extension 'colcon_pkg'
[0.830s] Level 1:colcon.colcon_core.package_identification:_identify(src/teensy_firmware/mecanum_firmware/test1.ino) by extensions ['colcon_meta']
[0.830s] Level 1:colcon.colcon_core.package_identification:_identify(src/teensy_firmware/mecanum_firmware/test1.ino) by extension 'colcon_meta'
[0.831s] Level 1:colcon.colcon_core.package_identification:_identify(src/teensy_firmware/mecanum_firmware/test1.ino) by extensions ['ros']
[0.831s] Level 1:colcon.colcon_core.package_identification:_identify(src/teensy_firmware/mecanum_firmware/test1.ino) by extension 'ros'
[0.831s] Level 1:colcon.colcon_core.package_identification:_identify(src/teensy_firmware/mecanum_firmware/test1.ino) by extensions ['cmake', 'python']
[0.831s] Level 1:colcon.colcon_core.package_identification:_identify(src/teensy_firmware/mecanum_firmware/test1.ino) by extension 'cmake'
[0.831s] Level 1:colcon.colcon_core.package_identification:_identify(src/teensy_firmware/mecanum_firmware/test1.ino) by extension 'python'
[0.831s] Level 1:colcon.colcon_core.package_identification:_identify(src/teensy_firmware/mecanum_firmware/test1.ino) by extensions ['python_setup_py']
[0.831s] Level 1:colcon.colcon_core.package_identification:_identify(src/teensy_firmware/mecanum_firmware/test1.ino) by extension 'python_setup_py'
[0.831s] Level 1:colcon.colcon_core.package_identification:_identify(udev_rules) by extensions ['ignore', 'ignore_ament_install']
[0.831s] Level 1:colcon.colcon_core.package_identification:_identify(udev_rules) by extension 'ignore'
[0.831s] Level 1:colcon.colcon_core.package_identification:_identify(udev_rules) by extension 'ignore_ament_install'
[0.832s] Level 1:colcon.colcon_core.package_identification:_identify(udev_rules) by extensions ['colcon_pkg']
[0.832s] Level 1:colcon.colcon_core.package_identification:_identify(udev_rules) by extension 'colcon_pkg'
[0.832s] Level 1:colcon.colcon_core.package_identification:_identify(udev_rules) by extensions ['colcon_meta']
[0.832s] Level 1:colcon.colcon_core.package_identification:_identify(udev_rules) by extension 'colcon_meta'
[0.832s] Level 1:colcon.colcon_core.package_identification:_identify(udev_rules) by extensions ['ros']
[0.832s] Level 1:colcon.colcon_core.package_identification:_identify(udev_rules) by extension 'ros'
[0.832s] Level 1:colcon.colcon_core.package_identification:_identify(udev_rules) by extensions ['cmake', 'python']
[0.832s] Level 1:colcon.colcon_core.package_identification:_identify(udev_rules) by extension 'cmake'
[0.832s] Level 1:colcon.colcon_core.package_identification:_identify(udev_rules) by extension 'python'
[0.832s] Level 1:colcon.colcon_core.package_identification:_identify(udev_rules) by extensions ['python_setup_py']
[0.832s] Level 1:colcon.colcon_core.package_identification:_identify(udev_rules) by extension 'python_setup_py'
[0.832s] Level 1:colcon.colcon_core.package_identification:_identify({install,build,log}) by extensions ['ignore', 'ignore_ament_install']
[0.832s] Level 1:colcon.colcon_core.package_identification:_identify({install,build,log}) by extension 'ignore'
[0.832s] Level 1:colcon.colcon_core.package_identification:_identify({install,build,log}) by extension 'ignore_ament_install'
[0.833s] Level 1:colcon.colcon_core.package_identification:_identify({install,build,log}) by extensions ['colcon_pkg']
[0.833s] Level 1:colcon.colcon_core.package_identification:_identify({install,build,log}) by extension 'colcon_pkg'
[0.833s] Level 1:colcon.colcon_core.package_identification:_identify({install,build,log}) by extensions ['colcon_meta']
[0.833s] Level 1:colcon.colcon_core.package_identification:_identify({install,build,log}) by extension 'colcon_meta'
[0.833s] Level 1:colcon.colcon_core.package_identification:_identify({install,build,log}) by extensions ['ros']
[0.833s] Level 1:colcon.colcon_core.package_identification:_identify({install,build,log}) by extension 'ros'
[0.833s] Level 1:colcon.colcon_core.package_identification:_identify({install,build,log}) by extensions ['cmake', 'python']
[0.833s] Level 1:colcon.colcon_core.package_identification:_identify({install,build,log}) by extension 'cmake'
[0.833s] Level 1:colcon.colcon_core.package_identification:_identify({install,build,log}) by extension 'python'
[0.833s] Level 1:colcon.colcon_core.package_identification:_identify({install,build,log}) by extensions ['python_setup_py']
[0.833s] Level 1:colcon.colcon_core.package_identification:_identify({install,build,log}) by extension 'python_setup_py'
[0.833s] Level 1:colcon.colcon_core.package_discovery:discover_packages(recursive) using defaults
[0.833s] Level 1:colcon.colcon_core.package_discovery:discover_packages(ignore) discover
[0.833s] Level 1:colcon.colcon_core.package_discovery:discover_packages(ignore) using defaults
[0.833s] Level 1:colcon.colcon_core.package_discovery:discover_packages(path) discover
[0.833s] Level 1:colcon.colcon_core.package_discovery:discover_packages(path) using defaults
[0.834s] WARNING:colcon.colcon_core.package_selection:ignoring unknown package 'teensy_firmware' in --packages-select
[0.899s] INFO:colcon.colcon_core.package_selection:Skipping not selected package 'attachment_interface' in 'src/attachment_interface'
[0.899s] INFO:colcon.colcon_core.package_selection:Skipping not selected package 'duck_operations' in 'src/duck_operations'
[0.899s] INFO:colcon.colcon_core.package_selection:Skipping not selected package 'mecanum_bringup' in 'src/mecanum_bringup'
[0.899s] INFO:colcon.colcon_core.package_selection:Skipping not selected package 'mecanum_description' in 'src/mecanum_description'
[0.899s] INFO:colcon.colcon_core.package_selection:Skipping not selected package 'mecanum_hardware' in 'src/mecanum_hardware'
[0.899s] INFO:colcon.colcon_core.package_selection:Skipping not selected package 'mecanum_localization' in 'src/mecanum_localization'
[0.899s] INFO:colcon.colcon_core.package_selection:Skipping not selected package 'mecanum_sensors' in 'src/mecanum_sensors'
[0.899s] INFO:colcon.colcon_core.package_selection:Skipping not selected package 'position_verifier' in 'src/position_verifier'
[0.899s] INFO:colcon.colcon_core.package_selection:Skipping not selected package 'task_manager' in 'src/task_manager'
[0.900s] Level 1:colcon.colcon_core.package_discovery:discover_packages(prefix_path) check parameters
[0.900s] Level 1:colcon.colcon_core.package_discovery:discover_packages(prefix_path) discover
[1.107s] DEBUG:colcon.colcon_installed_package_information.package_discovery:Found 72 installed packages in /home/tigertronics/testing_ws/install
[1.109s] DEBUG:colcon.colcon_installed_package_information.package_discovery:Found 0 installed packages in /home/tigertronics/tigert_ws/install
[1.118s] DEBUG:colcon.colcon_installed_package_information.package_discovery:Found 437 installed packages in /opt/ros/jazzy
[1.123s] Level 1:colcon.colcon_core.package_discovery:discover_packages(prefix_path) using defaults
[1.664s] INFO:colcon.colcon_core.executor:Executing jobs using 'parallel' executor
[1.666s] DEBUG:colcon.colcon_parallel_executor.executor.parallel:run_until_complete
[1.666s] DEBUG:colcon.colcon_parallel_executor.executor.parallel:closing loop
[1.666s] DEBUG:colcon.colcon_parallel_executor.executor.parallel:loop closed
[1.666s] DEBUG:colcon.colcon_parallel_executor.executor.parallel:run_until_complete finished with '0'
[1.666s] DEBUG:colcon.colcon_core.event_reactor:joining thread
[1.691s] INFO:colcon.colcon_core.plugin_system:Skipping extension 'colcon_notification.desktop_notification.terminal_notifier': Not used on non-Darwin systems
[1.691s] INFO:colcon.colcon_core.plugin_system:Skipping extension 'colcon_notification.desktop_notification.win32': Not used on non-Windows systems
[1.691s] INFO:colcon.colcon_notification.desktop_notification:Sending desktop notification using 'notify2'
[1.731s] DEBUG:colcon.colcon_core.event_reactor:joined thread
[1.740s] INFO:colcon.colcon_core.plugin_system:Skipping extension 'colcon_core.shell.bat': Not used on non-Windows systems
[1.741s] INFO:colcon.colcon_core.shell:Creating prefix script '/home/tigertronics/mecanum_ws_v2/install/local_setup.ps1'
[1.745s] INFO:colcon.colcon_core.shell:Creating prefix util module '/home/tigertronics/mecanum_ws_v2/install/_local_setup_util_ps1.py'
[1.749s] INFO:colcon.colcon_core.shell:Creating prefix chain script '/home/tigertronics/mecanum_ws_v2/install/setup.ps1'
[1.756s] INFO:colcon.colcon_core.shell:Creating prefix script '/home/tigertronics/mecanum_ws_v2/install/local_setup.sh'
[1.759s] INFO:colcon.colcon_core.shell:Creating prefix util module '/home/tigertronics/mecanum_ws_v2/install/_local_setup_util_sh.py'
[1.760s] INFO:colcon.colcon_core.shell:Creating prefix chain script '/home/tigertronics/mecanum_ws_v2/install/setup.sh'
[1.767s] INFO:colcon.colcon_core.shell:Creating prefix script '/home/tigertronics/mecanum_ws_v2/install/local_setup.bash'
[1.770s] INFO:colcon.colcon_core.shell:Creating prefix chain script '/home/tigertronics/mecanum_ws_v2/install/setup.bash'
[1.777s] INFO:colcon.colcon_core.shell:Creating prefix script '/home/tigertronics/mecanum_ws_v2/install/local_setup.zsh'
[1.781s] INFO:colcon.colcon_core.shell:Creating prefix chain script '/home/tigertronics/mecanum_ws_v2/install/setup.zsh'
