[0.102s] Invoking command in '/home/tigertronics/mecanum_ws_v2/build/task_manager': CMAKE_PREFIX_PATH=${CMAKE_PREFIX_PATH}:/home/tigertronics/testing_ws/install/rqt_joint_trajectory_controller:/home/tigertronics/testing_ws/install/rqt_controller_manager:/home/tigertronics/testing_ws/install/ros2controlcli:/home/tigertronics/testing_ws/install/ros2_controllers_test_nodes:/opt/ros/jazzy DEBUGINFOD_URLS=https://debuginfod.ubuntu.com /usr/bin/cmake /home/tigertronics/mecanum_ws_v2/src/task_manager -DCMAKE_INSTALL_PREFIX=/home/tigertronics/mecanum_ws_v2/install/task_manager
[0.161s] -- Found ament_cmake: 2.5.5 (/opt/ros/jazzy/share/ament_cmake/cmake)
[0.792s] -- Override CMake install command with custom implementation using symlinks instead of copying resources
[0.810s] -- Found rclcpp: 28.1.16 (/opt/ros/jazzy/share/rclcpp/cmake)
[0.894s] -- Found rosidl_generator_c: 4.6.7 (/opt/ros/jazzy/share/rosidl_generator_c/cmake)
[0.912s] -- Found rosidl_generator_cpp: 4.6.7 (/opt/ros/jazzy/share/rosidl_generator_cpp/cmake)
[0.950s] -- Using all available rosidl_typesupport_c: rosidl_typesupport_fastrtps_c;rosidl_typesupport_introspection_c
[0.988s] -- Using all available rosidl_typesupport_cpp: rosidl_typesupport_fastrtps_cpp;rosidl_typesupport_introspection_cpp
[1.119s] -- Found rmw_implementation_cmake: 7.3.3 (/opt/ros/jazzy/share/rmw_implementation_cmake/cmake)
[1.127s] -- Found rmw_fastrtps_cpp: 8.4.3 (/opt/ros/jazzy/share/rmw_fastrtps_cpp/cmake)
[1.311s] -- Using RMW implementation 'rmw_fastrtps_cpp' as default
[1.451s] -- Found rclcpp_action: 28.1.16 (/opt/ros/jazzy/share/rclcpp_action/cmake)
[1.543s] -- Found nav2_msgs: 1.3.10 (/opt/ros/jazzy/share/nav2_msgs/cmake)
[1.891s] -- Found tf2: 0.36.19 (/opt/ros/jazzy/share/tf2/cmake)
[1.901s] -- Found tf2_geometry_msgs: 0.36.19 (/opt/ros/jazzy/share/tf2_geometry_msgs/cmake)
[1.963s] -- Found eigen3_cmake_module: 0.3.0 (/opt/ros/jazzy/share/eigen3_cmake_module/cmake)
[1.967s] -- Ensuring Eigen3 include directory is part of orocos-kdl CMake target
[2.651s] -- Configuring done (2.5s)
[2.710s] -- Generating done (0.0s)
[2.732s] -- Build files have been written to: /home/tigertronics/mecanum_ws_v2/build/task_manager
[2.761s] Invoked command in '/home/tigertronics/mecanum_ws_v2/build/task_manager' returned '0': CMAKE_PREFIX_PATH=${CMAKE_PREFIX_PATH}:/home/tigertronics/testing_ws/install/rqt_joint_trajectory_controller:/home/tigertronics/testing_ws/install/rqt_controller_manager:/home/tigertronics/testing_ws/install/ros2controlcli:/home/tigertronics/testing_ws/install/ros2_controllers_test_nodes:/opt/ros/jazzy DEBUGINFOD_URLS=https://debuginfod.ubuntu.com /usr/bin/cmake /home/tigertronics/mecanum_ws_v2/src/task_manager -DCMAKE_INSTALL_PREFIX=/home/tigertronics/mecanum_ws_v2/install/task_manager
[2.763s] Invoking command in '/home/tigertronics/mecanum_ws_v2/build/task_manager': CMAKE_PREFIX_PATH=${CMAKE_PREFIX_PATH}:/home/tigertronics/testing_ws/install/rqt_joint_trajectory_controller:/home/tigertronics/testing_ws/install/rqt_controller_manager:/home/tigertronics/testing_ws/install/ros2controlcli:/home/tigertronics/testing_ws/install/ros2_controllers_test_nodes:/opt/ros/jazzy DEBUGINFOD_URLS=https://debuginfod.ubuntu.com /usr/bin/cmake --build /home/tigertronics/mecanum_ws_v2/build/task_manager -- -j4 -l4
[3.271s] [100%] Built target task_manager_node
[3.320s] Invoked command in '/home/tigertronics/mecanum_ws_v2/build/task_manager' returned '0': CMAKE_PREFIX_PATH=${CMAKE_PREFIX_PATH}:/home/tigertronics/testing_ws/install/rqt_joint_trajectory_controller:/home/tigertronics/testing_ws/install/rqt_controller_manager:/home/tigertronics/testing_ws/install/ros2controlcli:/home/tigertronics/testing_ws/install/ros2_controllers_test_nodes:/opt/ros/jazzy DEBUGINFOD_URLS=https://debuginfod.ubuntu.com /usr/bin/cmake --build /home/tigertronics/mecanum_ws_v2/build/task_manager -- -j4 -l4
[3.325s] Invoking command in '/home/tigertronics/mecanum_ws_v2/build/task_manager': CMAKE_PREFIX_PATH=${CMAKE_PREFIX_PATH}:/home/tigertronics/testing_ws/install/rqt_joint_trajectory_controller:/home/tigertronics/testing_ws/install/rqt_controller_manager:/home/tigertronics/testing_ws/install/ros2controlcli:/home/tigertronics/testing_ws/install/ros2_controllers_test_nodes:/opt/ros/jazzy DEBUGINFOD_URLS=https://debuginfod.ubuntu.com /usr/bin/cmake --install /home/tigertronics/mecanum_ws_v2/build/task_manager
[3.363s] -- Install configuration: "Release"
[3.363s] -- Execute custom install script
[3.365s] -- Up-to-date symlink: /home/tigertronics/mecanum_ws_v2/install/task_manager/lib/task_manager/task_manager_node
[3.367s] -- Up-to-date symlink: /home/tigertronics/mecanum_ws_v2/install/task_manager/include/task_manager/task_manager_node.hpp
[3.370s] -- Up-to-date symlink: /home/tigertronics/mecanum_ws_v2/install/task_manager/share/ament_index/resource_index/package_run_dependencies/task_manager
[3.377s] -- Up-to-date symlink: /home/tigertronics/mecanum_ws_v2/install/task_manager/share/ament_index/resource_index/parent_prefix_path/task_manager
[3.385s] -- Up-to-date symlink: /home/tigertronics/mecanum_ws_v2/install/task_manager/share/task_manager/environment/ament_prefix_path.sh
[3.385s] -- Up-to-date symlink: /home/tigertronics/mecanum_ws_v2/install/task_manager/share/task_manager/environment/ament_prefix_path.dsv
[3.386s] -- Up-to-date symlink: /home/tigertronics/mecanum_ws_v2/install/task_manager/share/task_manager/environment/path.sh
[3.387s] -- Up-to-date symlink: /home/tigertronics/mecanum_ws_v2/install/task_manager/share/task_manager/environment/path.dsv
[3.388s] -- Up-to-date symlink: /home/tigertronics/mecanum_ws_v2/install/task_manager/share/task_manager/local_setup.bash
[3.388s] -- Up-to-date symlink: /home/tigertronics/mecanum_ws_v2/install/task_manager/share/task_manager/local_setup.sh
[3.390s] -- Up-to-date symlink: /home/tigertronics/mecanum_ws_v2/install/task_manager/share/task_manager/local_setup.zsh
[3.390s] -- Up-to-date symlink: /home/tigertronics/mecanum_ws_v2/install/task_manager/share/task_manager/local_setup.dsv
[3.392s] -- Symlinking: /home/tigertronics/mecanum_ws_v2/install/task_manager/share/task_manager/package.dsv
[3.432s] -- Up-to-date symlink: /home/tigertronics/mecanum_ws_v2/install/task_manager/share/ament_index/resource_index/packages/task_manager
[3.433s] -- Up-to-date symlink: /home/tigertronics/mecanum_ws_v2/install/task_manager/share/task_manager/cmake/task_managerConfig.cmake
[3.434s] -- Up-to-date symlink: /home/tigertronics/mecanum_ws_v2/install/task_manager/share/task_manager/cmake/task_managerConfig-version.cmake
[3.438s] -- Up-to-date symlink: /home/tigertronics/mecanum_ws_v2/install/task_manager/share/task_manager/package.xml
[3.440s] Invoked command in '/home/tigertronics/mecanum_ws_v2/build/task_manager' returned '0': CMAKE_PREFIX_PATH=${CMAKE_PREFIX_PATH}:/home/tigertronics/testing_ws/install/rqt_joint_trajectory_controller:/home/tigertronics/testing_ws/install/rqt_controller_manager:/home/tigertronics/testing_ws/install/ros2controlcli:/home/tigertronics/testing_ws/install/ros2_controllers_test_nodes:/opt/ros/jazzy DEBUGINFOD_URLS=https://debuginfod.ubuntu.com /usr/bin/cmake --install /home/tigertronics/mecanum_ws_v2/build/task_manager
