[0.071s] Invoking command in '/home/tigertronics/mecanum_ws_v2/build/duck_operations': CMAKE_PREFIX_PATH=${CMAKE_PREFIX_PATH}:/home/tigertronics/testing_ws/install/rqt_joint_trajectory_controller:/home/tigertronics/testing_ws/install/rqt_controller_manager:/home/tigertronics/testing_ws/install/ros2controlcli:/home/tigertronics/testing_ws/install/ros2_controllers_test_nodes:/opt/ros/jazzy DEBUGINFOD_URLS=https://debuginfod.ubuntu.com /usr/bin/cmake --build /home/tigertronics/mecanum_ws_v2/build/duck_operations -- -j4 -l4
[0.480s] [ 50%] Built target plow_controller_node
[0.487s] [100%] Built target duck_detector_node
[0.729s] Invoked command in '/home/tigertronics/mecanum_ws_v2/build/duck_operations' returned '0': CMAKE_PREFIX_PATH=${CMAKE_PREFIX_PATH}:/home/tigertronics/testing_ws/install/rqt_joint_trajectory_controller:/home/tigertronics/testing_ws/install/rqt_controller_manager:/home/tigertronics/testing_ws/install/ros2controlcli:/home/tigertronics/testing_ws/install/ros2_controllers_test_nodes:/opt/ros/jazzy DEBUGINFOD_URLS=https://debuginfod.ubuntu.com /usr/bin/cmake --build /home/tigertronics/mecanum_ws_v2/build/duck_operations -- -j4 -l4
[0.731s] Invoking command in '/home/tigertronics/mecanum_ws_v2/build/duck_operations': CMAKE_PREFIX_PATH=${CMAKE_PREFIX_PATH}:/home/tigertronics/testing_ws/install/rqt_joint_trajectory_controller:/home/tigertronics/testing_ws/install/rqt_controller_manager:/home/tigertronics/testing_ws/install/ros2controlcli:/home/tigertronics/testing_ws/install/ros2_controllers_test_nodes:/opt/ros/jazzy DEBUGINFOD_URLS=https://debuginfod.ubuntu.com /usr/bin/cmake --install /home/tigertronics/mecanum_ws_v2/build/duck_operations
[0.854s] -- Install configuration: ""
[0.854s] -- Execute custom install script
[0.854s] -- Up-to-date symlink: /home/tigertronics/mecanum_ws_v2/install/duck_operations/lib/duck_operations/duck_detector_node
[0.854s] -- Up-to-date symlink: /home/tigertronics/mecanum_ws_v2/install/duck_operations/lib/duck_operations/plow_controller_node
[0.854s] -- Up-to-date symlink: /home/tigertronics/mecanum_ws_v2/install/duck_operations/include/duck_operations/duck_detector_node.hpp
[0.854s] -- Up-to-date symlink: /home/tigertronics/mecanum_ws_v2/install/duck_operations/include/duck_operations/plow_controller_node.hpp
[0.859s] -- Up-to-date symlink: /home/tigertronics/mecanum_ws_v2/install/duck_operations/share/ament_index/resource_index/package_run_dependencies/duck_operations
[0.862s] -- Up-to-date symlink: /home/tigertronics/mecanum_ws_v2/install/duck_operations/share/ament_index/resource_index/parent_prefix_path/duck_operations
[0.866s] -- Up-to-date symlink: /home/tigertronics/mecanum_ws_v2/install/duck_operations/share/duck_operations/environment/ament_prefix_path.sh
[0.867s] -- Up-to-date symlink: /home/tigertronics/mecanum_ws_v2/install/duck_operations/share/duck_operations/environment/ament_prefix_path.dsv
[0.867s] -- Up-to-date symlink: /home/tigertronics/mecanum_ws_v2/install/duck_operations/share/duck_operations/environment/path.sh
[0.867s] -- Up-to-date symlink: /home/tigertronics/mecanum_ws_v2/install/duck_operations/share/duck_operations/environment/path.dsv
[0.867s] -- Up-to-date symlink: /home/tigertronics/mecanum_ws_v2/install/duck_operations/share/duck_operations/local_setup.bash
[0.867s] -- Up-to-date symlink: /home/tigertronics/mecanum_ws_v2/install/duck_operations/share/duck_operations/local_setup.sh
[0.867s] -- Up-to-date symlink: /home/tigertronics/mecanum_ws_v2/install/duck_operations/share/duck_operations/local_setup.zsh
[0.868s] -- Up-to-date symlink: /home/tigertronics/mecanum_ws_v2/install/duck_operations/share/duck_operations/local_setup.dsv
[0.868s] -- Symlinking: /home/tigertronics/mecanum_ws_v2/install/duck_operations/share/duck_operations/package.dsv
[0.868s] -- Up-to-date symlink: /home/tigertronics/mecanum_ws_v2/install/duck_operations/share/ament_index/resource_index/packages/duck_operations
[0.868s] -- Up-to-date symlink: /home/tigertronics/mecanum_ws_v2/install/duck_operations/share/duck_operations/cmake/duck_operationsConfig.cmake
[0.868s] -- Up-to-date symlink: /home/tigertronics/mecanum_ws_v2/install/duck_operations/share/duck_operations/cmake/duck_operationsConfig-version.cmake
[0.868s] -- Up-to-date symlink: /home/tigertronics/mecanum_ws_v2/install/duck_operations/share/duck_operations/package.xml
[0.927s] Invoked command in '/home/tigertronics/mecanum_ws_v2/build/duck_operations' returned '0': CMAKE_PREFIX_PATH=${CMAKE_PREFIX_PATH}:/home/tigertronics/testing_ws/install/rqt_joint_trajectory_controller:/home/tigertronics/testing_ws/install/rqt_controller_manager:/home/tigertronics/testing_ws/install/ros2controlcli:/home/tigertronics/testing_ws/install/ros2_controllers_test_nodes:/opt/ros/jazzy DEBUGINFOD_URLS=https://debuginfod.ubuntu.com /usr/bin/cmake --install /home/tigertronics/mecanum_ws_v2/build/duck_operations
