[0.085s] Invoking command in '/home/tigertronics/mecanum_ws_v2/build/mecanum_bringup': CMAKE_PREFIX_PATH=${CMAKE_PREFIX_PATH}:/home/tigertronics/testing_ws/install/rqt_joint_trajectory_controller:/home/tigertronics/testing_ws/install/rqt_controller_manager:/home/tigertronics/testing_ws/install/ros2controlcli:/home/tigertronics/testing_ws/install/ros2_controllers_test_nodes:/opt/ros/jazzy DEBUGINFOD_URLS=https://debuginfod.ubuntu.com /usr/bin/cmake /home/tigertronics/mecanum_ws_v2/src/mecanum_bringup -DAMENT_CMAKE_SYMLINK_INSTALL=1 -DCMAKE_INSTALL_PREFIX=/home/tigertronics/mecanum_ws_v2/install/mecanum_bringup
[0.474s] -- Found ament_cmake: 2.5.5 (/opt/ros/jazzy/share/ament_cmake/cmake)
[1.368s] -- Override CMake install command with custom implementation using symlinks instead of copying resources
[1.815s] -- Configuring done (1.4s)
[1.868s] -- Generating done (0.0s)
[1.875s] -- Build files have been written to: /home/tigertronics/mecanum_ws_v2/build/mecanum_bringup
[1.926s] Invoked command in '/home/tigertronics/mecanum_ws_v2/build/mecanum_bringup' returned '0': CMAKE_PREFIX_PATH=${CMAKE_PREFIX_PATH}:/home/tigertronics/testing_ws/install/rqt_joint_trajectory_controller:/home/tigertronics/testing_ws/install/rqt_controller_manager:/home/tigertronics/testing_ws/install/ros2controlcli:/home/tigertronics/testing_ws/install/ros2_controllers_test_nodes:/opt/ros/jazzy DEBUGINFOD_URLS=https://debuginfod.ubuntu.com /usr/bin/cmake /home/tigertronics/mecanum_ws_v2/src/mecanum_bringup -DAMENT_CMAKE_SYMLINK_INSTALL=1 -DCMAKE_INSTALL_PREFIX=/home/tigertronics/mecanum_ws_v2/install/mecanum_bringup
[1.932s] Invoking command in '/home/tigertronics/mecanum_ws_v2/build/mecanum_bringup': CMAKE_PREFIX_PATH=${CMAKE_PREFIX_PATH}:/home/tigertronics/testing_ws/install/rqt_joint_trajectory_controller:/home/tigertronics/testing_ws/install/rqt_controller_manager:/home/tigertronics/testing_ws/install/ros2controlcli:/home/tigertronics/testing_ws/install/ros2_controllers_test_nodes:/opt/ros/jazzy DEBUGINFOD_URLS=https://debuginfod.ubuntu.com /usr/bin/cmake --build /home/tigertronics/mecanum_ws_v2/build/mecanum_bringup -- -j4 -l4
[2.263s] Invoked command in '/home/tigertronics/mecanum_ws_v2/build/mecanum_bringup' returned '0': CMAKE_PREFIX_PATH=${CMAKE_PREFIX_PATH}:/home/tigertronics/testing_ws/install/rqt_joint_trajectory_controller:/home/tigertronics/testing_ws/install/rqt_controller_manager:/home/tigertronics/testing_ws/install/ros2controlcli:/home/tigertronics/testing_ws/install/ros2_controllers_test_nodes:/opt/ros/jazzy DEBUGINFOD_URLS=https://debuginfod.ubuntu.com /usr/bin/cmake --build /home/tigertronics/mecanum_ws_v2/build/mecanum_bringup -- -j4 -l4
[2.265s] Invoking command in '/home/tigertronics/mecanum_ws_v2/build/mecanum_bringup': CMAKE_PREFIX_PATH=${CMAKE_PREFIX_PATH}:/home/tigertronics/testing_ws/install/rqt_joint_trajectory_controller:/home/tigertronics/testing_ws/install/rqt_controller_manager:/home/tigertronics/testing_ws/install/ros2controlcli:/home/tigertronics/testing_ws/install/ros2_controllers_test_nodes:/opt/ros/jazzy DEBUGINFOD_URLS=https://debuginfod.ubuntu.com /usr/bin/cmake --install /home/tigertronics/mecanum_ws_v2/build/mecanum_bringup
[2.369s] -- Install configuration: "Release"
[2.369s] -- Execute custom install script
[2.370s] -- Up-to-date symlink: /home/tigertronics/mecanum_ws_v2/install/mecanum_bringup/share/mecanum_bringup/launch/full_mission.launch.py
[2.376s] -- Up-to-date symlink: /home/tigertronics/mecanum_ws_v2/install/mecanum_bringup/share/mecanum_bringup/launch/localization.launch.py
[2.380s] -- Up-to-date symlink: /home/tigertronics/mecanum_ws_v2/install/mecanum_bringup/share/mecanum_bringup/launch/mission.launch.py
[2.380s] -- Up-to-date symlink: /home/tigertronics/mecanum_ws_v2/install/mecanum_bringup/share/mecanum_bringup/launch/navigation.launch.py
[2.386s] -- Up-to-date symlink: /home/tigertronics/mecanum_ws_v2/install/mecanum_bringup/share/mecanum_bringup/launch/robot.launch.py
[2.391s] -- Up-to-date symlink: /home/tigertronics/mecanum_ws_v2/install/mecanum_bringup/share/mecanum_bringup/config/arena_positions.yaml
[2.391s] -- Up-to-date symlink: /home/tigertronics/mecanum_ws_v2/install/mecanum_bringup/share/mecanum_bringup/config/controllers.yaml
[2.391s] -- Up-to-date symlink: /home/tigertronics/mecanum_ws_v2/install/mecanum_bringup/share/mecanum_bringup/config/ekf.yaml
[2.391s] -- Up-to-date symlink: /home/tigertronics/mecanum_ws_v2/install/mecanum_bringup/share/mecanum_bringup/config/nav2_params.yaml
[2.392s] -- Up-to-date symlink: /home/tigertronics/mecanum_ws_v2/install/mecanum_bringup/share/mecanum_bringup/config/sensor_calibration.yaml
[2.392s] -- Up-to-date symlink: /home/tigertronics/mecanum_ws_v2/install/mecanum_bringup/share/mecanum_bringup/config/white_lines.yaml
[2.398s] -- Up-to-date symlink: /home/tigertronics/mecanum_ws_v2/install/mecanum_bringup/share/mecanum_bringup/map/arena_map.pgm
[2.402s] -- Up-to-date symlink: /home/tigertronics/mecanum_ws_v2/install/mecanum_bringup/share/mecanum_bringup/map/arena_map.yaml
[2.402s] -- Up-to-date symlink: /home/tigertronics/mecanum_ws_v2/install/mecanum_bringup/share/mecanum_bringup/calibration/forward_camera.yaml
[2.403s] -- Up-to-date symlink: /home/tigertronics/mecanum_ws_v2/install/mecanum_bringup/share/ament_index/resource_index/package_run_dependencies/mecanum_bringup
[2.403s] -- Up-to-date symlink: /home/tigertronics/mecanum_ws_v2/install/mecanum_bringup/share/ament_index/resource_index/parent_prefix_path/mecanum_bringup
[2.404s] -- Up-to-date symlink: /home/tigertronics/mecanum_ws_v2/install/mecanum_bringup/share/mecanum_bringup/environment/ament_prefix_path.sh
[2.404s] -- Up-to-date symlink: /home/tigertronics/mecanum_ws_v2/install/mecanum_bringup/share/mecanum_bringup/environment/ament_prefix_path.dsv
[2.405s] -- Up-to-date symlink: /home/tigertronics/mecanum_ws_v2/install/mecanum_bringup/share/mecanum_bringup/environment/path.sh
[2.405s] -- Up-to-date symlink: /home/tigertronics/mecanum_ws_v2/install/mecanum_bringup/share/mecanum_bringup/environment/path.dsv
[2.410s] -- Up-to-date symlink: /home/tigertronics/mecanum_ws_v2/install/mecanum_bringup/share/mecanum_bringup/local_setup.bash
[2.410s] -- Up-to-date symlink: /home/tigertronics/mecanum_ws_v2/install/mecanum_bringup/share/mecanum_bringup/local_setup.sh
[2.411s] -- Up-to-date symlink: /home/tigertronics/mecanum_ws_v2/install/mecanum_bringup/share/mecanum_bringup/local_setup.zsh
[2.412s] -- Up-to-date symlink: /home/tigertronics/mecanum_ws_v2/install/mecanum_bringup/share/mecanum_bringup/local_setup.dsv
[2.412s] -- Symlinking: /home/tigertronics/mecanum_ws_v2/install/mecanum_bringup/share/mecanum_bringup/package.dsv
[2.492s] -- Up-to-date symlink: /home/tigertronics/mecanum_ws_v2/install/mecanum_bringup/share/ament_index/resource_index/packages/mecanum_bringup
[2.492s] -- Up-to-date symlink: /home/tigertronics/mecanum_ws_v2/install/mecanum_bringup/share/mecanum_bringup/cmake/mecanum_bringupConfig.cmake
[2.498s] -- Up-to-date symlink: /home/tigertronics/mecanum_ws_v2/install/mecanum_bringup/share/mecanum_bringup/cmake/mecanum_bringupConfig-version.cmake
[2.500s] -- Up-to-date symlink: /home/tigertronics/mecanum_ws_v2/install/mecanum_bringup/share/mecanum_bringup/package.xml
[2.559s] Invoked command in '/home/tigertronics/mecanum_ws_v2/build/mecanum_bringup' returned '0': CMAKE_PREFIX_PATH=${CMAKE_PREFIX_PATH}:/home/tigertronics/testing_ws/install/rqt_joint_trajectory_controller:/home/tigertronics/testing_ws/install/rqt_controller_manager:/home/tigertronics/testing_ws/install/ros2controlcli:/home/tigertronics/testing_ws/install/ros2_controllers_test_nodes:/opt/ros/jazzy DEBUGINFOD_URLS=https://debuginfod.ubuntu.com /usr/bin/cmake --install /home/tigertronics/mecanum_ws_v2/build/mecanum_bringup
