[ 20%] [32mBuilding CXX object CMakeFiles/mecanum_hardware.dir/src/mec_system.cpp.o[0m
[ 40%] [32mBuilding CXX object CMakeFiles/mecanum_hardware.dir/src/motor_driver.cpp.o[0m
[ 60%] [32m[1mLinking CXX shared library libmecanum_hardware.so[0m
[100%] Built target mecanum_hardware
-- Install configuration: ""
-- Execute custom install script
-- Symlinking: /home/tigertronics/mecanum_ws_v2/install/mecanum_hardware/share/mecanum_hardware//mecanum_hardware_plugin.xml
-- Symlinking: /home/tigertronics/mecanum_ws_v2/install/mecanum_hardware/lib/libmecanum_hardware.so
-- Symlinking: /home/tigertronics/mecanum_ws_v2/install/mecanum_hardware/include/mecanum_hardware/encoder_reader.hpp
-- Symlinking: /home/tigertronics/mecanum_ws_v2/install/mecanum_hardware/include/mecanum_hardware/mec_system.hpp
-- Symlinking: /home/tigertronics/mecanum_ws_v2/install/mecanum_hardware/include/mecanum_hardware/motor_driver.hpp
-- Symlinking: /home/tigertronics/mecanum_ws_v2/install/mecanum_hardware/include/mecanum_hardware/serial_manager.hpp
-- Symlinking: /home/tigertronics/mecanum_ws_v2/install/mecanum_hardware/include/mecanum_hardware/serial_protocol_pi.hpp
-- Up-to-date symlink: /home/tigertronics/mecanum_ws_v2/install/mecanum_hardware/share/mecanum_hardware/mecanum_hardware_plugin.xml
-- Symlinking: /home/tigertronics/mecanum_ws_v2/install/mecanum_hardware/share/ament_index/resource_index/package_run_dependencies/mecanum_hardware
-- Symlinking: /home/tigertronics/mecanum_ws_v2/install/mecanum_hardware/share/ament_index/resource_index/parent_prefix_path/mecanum_hardware
-- Symlinking: /home/tigertronics/mecanum_ws_v2/install/mecanum_hardware/share/mecanum_hardware/environment/ament_prefix_path.sh
-- Symlinking: /home/tigertronics/mecanum_ws_v2/install/mecanum_hardware/share/mecanum_hardware/environment/ament_prefix_path.dsv
-- Symlinking: /home/tigertronics/mecanum_ws_v2/install/mecanum_hardware/share/mecanum_hardware/environment/path.sh
-- Symlinking: /home/tigertronics/mecanum_ws_v2/install/mecanum_hardware/share/mecanum_hardware/environment/path.dsv
-- Symlinking: /home/tigertronics/mecanum_ws_v2/install/mecanum_hardware/share/mecanum_hardware/local_setup.bash
-- Symlinking: /home/tigertronics/mecanum_ws_v2/install/mecanum_hardware/share/mecanum_hardware/local_setup.sh
-- Symlinking: /home/tigertronics/mecanum_ws_v2/install/mecanum_hardware/share/mecanum_hardware/local_setup.zsh
-- Symlinking: /home/tigertronics/mecanum_ws_v2/install/mecanum_hardware/share/mecanum_hardware/local_setup.dsv
-- Symlinking: /home/tigertronics/mecanum_ws_v2/install/mecanum_hardware/share/mecanum_hardware/package.dsv
-- Symlinking: /home/tigertronics/mecanum_ws_v2/install/mecanum_hardware/share/ament_index/resource_index/packages/mecanum_hardware
-- Symlinking: /home/tigertronics/mecanum_ws_v2/install/mecanum_hardware/share/ament_index/resource_index/hardware_interface__pluginlib__plugin/mecanum_hardware
-- Symlinking: /home/tigertronics/mecanum_ws_v2/install/mecanum_hardware/share/mecanum_hardware/cmake/mecanum_hardwareConfig.cmake
-- Symlinking: /home/tigertronics/mecanum_ws_v2/install/mecanum_hardware/share/mecanum_hardware/cmake/mecanum_hardwareConfig-version.cmake
-- Symlinking: /home/tigertronics/mecanum_ws_v2/install/mecanum_hardware/share/mecanum_hardware/package.xml
