[0.101s] Invoking command in '/home/tigertronics/mecanum_ws_v2/build/mecanum_bringup': CMAKE_PREFIX_PATH=${CMAKE_PREFIX_PATH}:/home/tigertronics/testing_ws/install/rqt_joint_trajectory_controller:/home/tigertronics/testing_ws/install/rqt_controller_manager:/home/tigertronics/testing_ws/install/ros2controlcli:/home/tigertronics/testing_ws/install/ros2_controllers_test_nodes:/opt/ros/jazzy DEBUGINFOD_URLS=https://debuginfod.ubuntu.com /usr/bin/cmake /home/tigertronics/mecanum_ws_v2/src/mecanum_bringup -DCMAKE_INSTALL_PREFIX=/home/tigertronics/mecanum_ws_v2/install/mecanum_bringup
[0.322s] -- Found ament_cmake: 2.5.5 (/opt/ros/jazzy/share/ament_cmake/cmake)
[1.147s] -- Override CMake install command with custom implementation using symlinks instead of copying resources
[1.507s] -- Configuring done (1.2s)
[1.561s] -- Generating done (0.0s)
[1.573s] -- Build files have been written to: /home/tigertronics/mecanum_ws_v2/build/mecanum_bringup
[1.591s] Invoked command in '/home/tigertronics/mecanum_ws_v2/build/mecanum_bringup' returned '0': CMAKE_PREFIX_PATH=${CMAKE_PREFIX_PATH}:/home/tigertronics/testing_ws/install/rqt_joint_trajectory_controller:/home/tigertronics/testing_ws/install/rqt_controller_manager:/home/tigertronics/testing_ws/install/ros2controlcli:/home/tigertronics/testing_ws/install/ros2_controllers_test_nodes:/opt/ros/jazzy DEBUGINFOD_URLS=https://debuginfod.ubuntu.com /usr/bin/cmake /home/tigertronics/mecanum_ws_v2/src/mecanum_bringup -DCMAKE_INSTALL_PREFIX=/home/tigertronics/mecanum_ws_v2/install/mecanum_bringup
[1.594s] Invoking command in '/home/tigertronics/mecanum_ws_v2/build/mecanum_bringup': CMAKE_PREFIX_PATH=${CMAKE_PREFIX_PATH}:/home/tigertronics/testing_ws/install/rqt_joint_trajectory_controller:/home/tigertronics/testing_ws/install/rqt_controller_manager:/home/tigertronics/testing_ws/install/ros2controlcli:/home/tigertronics/testing_ws/install/ros2_controllers_test_nodes:/opt/ros/jazzy DEBUGINFOD_URLS=https://debuginfod.ubuntu.com /usr/bin/cmake --build /home/tigertronics/mecanum_ws_v2/build/mecanum_bringup -- -j4 -l4
[1.810s] Invoked command in '/home/tigertronics/mecanum_ws_v2/build/mecanum_bringup' returned '0': CMAKE_PREFIX_PATH=${CMAKE_PREFIX_PATH}:/home/tigertronics/testing_ws/install/rqt_joint_trajectory_controller:/home/tigertronics/testing_ws/install/rqt_controller_manager:/home/tigertronics/testing_ws/install/ros2controlcli:/home/tigertronics/testing_ws/install/ros2_controllers_test_nodes:/opt/ros/jazzy DEBUGINFOD_URLS=https://debuginfod.ubuntu.com /usr/bin/cmake --build /home/tigertronics/mecanum_ws_v2/build/mecanum_bringup -- -j4 -l4
[1.853s] Invoking command in '/home/tigertronics/mecanum_ws_v2/build/mecanum_bringup': CMAKE_PREFIX_PATH=${CMAKE_PREFIX_PATH}:/home/tigertronics/testing_ws/install/rqt_joint_trajectory_controller:/home/tigertronics/testing_ws/install/rqt_controller_manager:/home/tigertronics/testing_ws/install/ros2controlcli:/home/tigertronics/testing_ws/install/ros2_controllers_test_nodes:/opt/ros/jazzy DEBUGINFOD_URLS=https://debuginfod.ubuntu.com /usr/bin/cmake --install /home/tigertronics/mecanum_ws_v2/build/mecanum_bringup
[1.890s] -- Install configuration: "Release"
[1.892s] -- Execute custom install script
[1.894s] -- Up-to-date symlink: /home/tigertronics/mecanum_ws_v2/install/mecanum_bringup/share/mecanum_bringup/launch/full_mission.launch.py
[1.894s] -- Up-to-date symlink: /home/tigertronics/mecanum_ws_v2/install/mecanum_bringup/share/mecanum_bringup/launch/localization.launch.py
[1.896s] -- Up-to-date symlink: /home/tigertronics/mecanum_ws_v2/install/mecanum_bringup/share/mecanum_bringup/launch/mission.launch.py
[1.897s] -- Up-to-date symlink: /home/tigertronics/mecanum_ws_v2/install/mecanum_bringup/share/mecanum_bringup/launch/navigation.launch.py
[1.897s] -- Up-to-date symlink: /home/tigertronics/mecanum_ws_v2/install/mecanum_bringup/share/mecanum_bringup/launch/robot.launch.py
[1.899s] -- Up-to-date symlink: /home/tigertronics/mecanum_ws_v2/install/mecanum_bringup/share/mecanum_bringup/config/arena_positions.yaml
[1.900s] -- Up-to-date symlink: /home/tigertronics/mecanum_ws_v2/install/mecanum_bringup/share/mecanum_bringup/config/controllers.yaml
[1.901s] -- Up-to-date symlink: /home/tigertronics/mecanum_ws_v2/install/mecanum_bringup/share/mecanum_bringup/config/ekf.yaml
[1.904s] -- Up-to-date symlink: /home/tigertronics/mecanum_ws_v2/install/mecanum_bringup/share/mecanum_bringup/config/nav2_params.yaml
[1.906s] -- Up-to-date symlink: /home/tigertronics/mecanum_ws_v2/install/mecanum_bringup/share/mecanum_bringup/config/sensor_calibration.yaml
[1.907s] -- Up-to-date symlink: /home/tigertronics/mecanum_ws_v2/install/mecanum_bringup/share/mecanum_bringup/config/white_lines.yaml
[1.912s] -- Up-to-date symlink: /home/tigertronics/mecanum_ws_v2/install/mecanum_bringup/share/mecanum_bringup/map/arena_map.pgm
[1.913s] -- Up-to-date symlink: /home/tigertronics/mecanum_ws_v2/install/mecanum_bringup/share/mecanum_bringup/map/arena_map.yaml
[1.914s] -- Up-to-date symlink: /home/tigertronics/mecanum_ws_v2/install/mecanum_bringup/share/mecanum_bringup/map/generate_arena_map.py
[1.916s] -- Up-to-date symlink: /home/tigertronics/mecanum_ws_v2/install/mecanum_bringup/share/mecanum_bringup/calibration/forward_camera.yaml
[1.919s] -- Up-to-date symlink: /home/tigertronics/mecanum_ws_v2/install/mecanum_bringup/share/ament_index/resource_index/package_run_dependencies/mecanum_bringup
[1.923s] -- Up-to-date symlink: /home/tigertronics/mecanum_ws_v2/install/mecanum_bringup/share/ament_index/resource_index/parent_prefix_path/mecanum_bringup
[1.924s] -- Up-to-date symlink: /home/tigertronics/mecanum_ws_v2/install/mecanum_bringup/share/mecanum_bringup/environment/ament_prefix_path.sh
[1.925s] -- Up-to-date symlink: /home/tigertronics/mecanum_ws_v2/install/mecanum_bringup/share/mecanum_bringup/environment/ament_prefix_path.dsv
[1.926s] -- Up-to-date symlink: /home/tigertronics/mecanum_ws_v2/install/mecanum_bringup/share/mecanum_bringup/environment/path.sh
[1.929s] -- Up-to-date symlink: /home/tigertronics/mecanum_ws_v2/install/mecanum_bringup/share/mecanum_bringup/environment/path.dsv
[1.931s] -- Up-to-date symlink: /home/tigertronics/mecanum_ws_v2/install/mecanum_bringup/share/mecanum_bringup/local_setup.bash
[1.932s] -- Up-to-date symlink: /home/tigertronics/mecanum_ws_v2/install/mecanum_bringup/share/mecanum_bringup/local_setup.sh
[1.934s] -- Up-to-date symlink: /home/tigertronics/mecanum_ws_v2/install/mecanum_bringup/share/mecanum_bringup/local_setup.zsh
[1.934s] -- Up-to-date symlink: /home/tigertronics/mecanum_ws_v2/install/mecanum_bringup/share/mecanum_bringup/local_setup.dsv
[1.935s] -- Symlinking: /home/tigertronics/mecanum_ws_v2/install/mecanum_bringup/share/mecanum_bringup/package.dsv
[1.970s] -- Up-to-date symlink: /home/tigertronics/mecanum_ws_v2/install/mecanum_bringup/share/ament_index/resource_index/packages/mecanum_bringup
[1.974s] -- Up-to-date symlink: /home/tigertronics/mecanum_ws_v2/install/mecanum_bringup/share/mecanum_bringup/cmake/mecanum_bringupConfig.cmake
[1.983s] -- Up-to-date symlink: /home/tigertronics/mecanum_ws_v2/install/mecanum_bringup/share/mecanum_bringup/cmake/mecanum_bringupConfig-version.cmake
[1.983s] -- Up-to-date symlink: /home/tigertronics/mecanum_ws_v2/install/mecanum_bringup/share/mecanum_bringup/package.xml
[2.082s] Invoked command in '/home/tigertronics/mecanum_ws_v2/build/mecanum_bringup' returned '0': CMAKE_PREFIX_PATH=${CMAKE_PREFIX_PATH}:/home/tigertronics/testing_ws/install/rqt_joint_trajectory_controller:/home/tigertronics/testing_ws/install/rqt_controller_manager:/home/tigertronics/testing_ws/install/ros2controlcli:/home/tigertronics/testing_ws/install/ros2_controllers_test_nodes:/opt/ros/jazzy DEBUGINFOD_URLS=https://debuginfod.ubuntu.com /usr/bin/cmake --install /home/tigertronics/mecanum_ws_v2/build/mecanum_bringup
