[0.090s] Invoking command in '/home/tigertronics/mecanum_ws_v2/build/duck_operations': CMAKE_PREFIX_PATH=${CMAKE_PREFIX_PATH}:/home/tigertronics/testing_ws/install/rqt_joint_trajectory_controller:/home/tigertronics/testing_ws/install/rqt_controller_manager:/home/tigertronics/testing_ws/install/ros2controlcli:/home/tigertronics/testing_ws/install/ros2_controllers_test_nodes:/opt/ros/jazzy DEBUGINFOD_URLS=https://debuginfod.ubuntu.com /usr/bin/cmake /home/tigertronics/mecanum_ws_v2/src/duck_operations -DAMENT_CMAKE_SYMLINK_INSTALL=1 -DCMAKE_INSTALL_PREFIX=/home/tigertronics/mecanum_ws_v2/install/duck_operations
[0.490s] -- Found ament_cmake: 2.5.5 (/opt/ros/jazzy/share/ament_cmake/cmake)
[1.468s] -- Override CMake install command with custom implementation using symlinks instead of copying resources
[1.505s] -- Found rclcpp: 28.1.16 (/opt/ros/jazzy/share/rclcpp/cmake)
[1.661s] -- Found rosidl_generator_c: 4.6.7 (/opt/ros/jazzy/share/rosidl_generator_c/cmake)
[1.691s] -- Found rosidl_generator_cpp: 4.6.7 (/opt/ros/jazzy/share/rosidl_generator_cpp/cmake)
[1.744s] -- Using all available rosidl_typesupport_c: rosidl_typesupport_fastrtps_c;rosidl_typesupport_introspection_c
[1.803s] -- Using all available rosidl_typesupport_cpp: rosidl_typesupport_fastrtps_cpp;rosidl_typesupport_introspection_cpp
[2.090s] -- Found rmw_implementation_cmake: 7.3.3 (/opt/ros/jazzy/share/rmw_implementation_cmake/cmake)
[2.106s] -- Found rmw_fastrtps_cpp: 8.4.3 (/opt/ros/jazzy/share/rmw_fastrtps_cpp/cmake)
[2.415s] -- Using RMW implementation 'rmw_fastrtps_cpp' as default
[2.710s] -- Found geometry_msgs: 5.3.6 (/opt/ros/jazzy/share/geometry_msgs/cmake)
[3.306s] -- Found sensor_msgs: 5.3.6 (/opt/ros/jazzy/share/sensor_msgs/cmake)
[3.458s] -- Found nav_msgs: 5.3.6 (/opt/ros/jazzy/share/nav_msgs/cmake)
[3.556s] -- Found tf2: 0.36.19 (/opt/ros/jazzy/share/tf2/cmake)
[3.581s] -- Found tf2_geometry_msgs: 0.36.19 (/opt/ros/jazzy/share/tf2_geometry_msgs/cmake)
[3.653s] -- Found eigen3_cmake_module: 0.3.0 (/opt/ros/jazzy/share/eigen3_cmake_module/cmake)
[3.669s] -- Ensuring Eigen3 include directory is part of orocos-kdl CMake target
[4.067s] -- Found cv_bridge: 4.1.0 (/opt/ros/jazzy/share/cv_bridge/cmake)
[4.134s] -- Found image_transport: 5.1.7 (/opt/ros/jazzy/share/image_transport/cmake)
[4.627s] -- Configuring done (4.2s)
[4.763s] -- Generating done (0.1s)
[4.804s] -- Build files have been written to: /home/tigertronics/mecanum_ws_v2/build/duck_operations
[4.862s] Invoked command in '/home/tigertronics/mecanum_ws_v2/build/duck_operations' returned '0': CMAKE_PREFIX_PATH=${CMAKE_PREFIX_PATH}:/home/tigertronics/testing_ws/install/rqt_joint_trajectory_controller:/home/tigertronics/testing_ws/install/rqt_controller_manager:/home/tigertronics/testing_ws/install/ros2controlcli:/home/tigertronics/testing_ws/install/ros2_controllers_test_nodes:/opt/ros/jazzy DEBUGINFOD_URLS=https://debuginfod.ubuntu.com /usr/bin/cmake /home/tigertronics/mecanum_ws_v2/src/duck_operations -DAMENT_CMAKE_SYMLINK_INSTALL=1 -DCMAKE_INSTALL_PREFIX=/home/tigertronics/mecanum_ws_v2/install/duck_operations
[4.871s] Invoking command in '/home/tigertronics/mecanum_ws_v2/build/duck_operations': CMAKE_PREFIX_PATH=${CMAKE_PREFIX_PATH}:/home/tigertronics/testing_ws/install/rqt_joint_trajectory_controller:/home/tigertronics/testing_ws/install/rqt_controller_manager:/home/tigertronics/testing_ws/install/ros2controlcli:/home/tigertronics/testing_ws/install/ros2_controllers_test_nodes:/opt/ros/jazzy DEBUGINFOD_URLS=https://debuginfod.ubuntu.com /usr/bin/cmake --build /home/tigertronics/mecanum_ws_v2/build/duck_operations -- -j4 -l4
[5.281s] [ 50%] Built target plow_controller_node
[5.304s] [100%] Built target duck_detector_node
[5.408s] Invoked command in '/home/tigertronics/mecanum_ws_v2/build/duck_operations' returned '0': CMAKE_PREFIX_PATH=${CMAKE_PREFIX_PATH}:/home/tigertronics/testing_ws/install/rqt_joint_trajectory_controller:/home/tigertronics/testing_ws/install/rqt_controller_manager:/home/tigertronics/testing_ws/install/ros2controlcli:/home/tigertronics/testing_ws/install/ros2_controllers_test_nodes:/opt/ros/jazzy DEBUGINFOD_URLS=https://debuginfod.ubuntu.com /usr/bin/cmake --build /home/tigertronics/mecanum_ws_v2/build/duck_operations -- -j4 -l4
[5.413s] Invoking command in '/home/tigertronics/mecanum_ws_v2/build/duck_operations': CMAKE_PREFIX_PATH=${CMAKE_PREFIX_PATH}:/home/tigertronics/testing_ws/install/rqt_joint_trajectory_controller:/home/tigertronics/testing_ws/install/rqt_controller_manager:/home/tigertronics/testing_ws/install/ros2controlcli:/home/tigertronics/testing_ws/install/ros2_controllers_test_nodes:/opt/ros/jazzy DEBUGINFOD_URLS=https://debuginfod.ubuntu.com /usr/bin/cmake --install /home/tigertronics/mecanum_ws_v2/build/duck_operations
[5.496s] -- Install configuration: "Release"
[5.501s] -- Execute custom install script
[5.504s] -- Up-to-date symlink: /home/tigertronics/mecanum_ws_v2/install/duck_operations/lib/duck_operations/duck_detector_node
[5.504s] -- Up-to-date symlink: /home/tigertronics/mecanum_ws_v2/install/duck_operations/lib/duck_operations/plow_controller_node
[5.505s] -- Up-to-date symlink: /home/tigertronics/mecanum_ws_v2/install/duck_operations/include/duck_operations/duck_detector_node.hpp
[5.505s] -- Up-to-date symlink: /home/tigertronics/mecanum_ws_v2/install/duck_operations/include/duck_operations/plow_controller_node.hpp
[5.505s] -- Up-to-date symlink: /home/tigertronics/mecanum_ws_v2/install/duck_operations/share/ament_index/resource_index/package_run_dependencies/duck_operations
[5.505s] -- Up-to-date symlink: /home/tigertronics/mecanum_ws_v2/install/duck_operations/share/ament_index/resource_index/parent_prefix_path/duck_operations
[5.505s] -- Up-to-date symlink: /home/tigertronics/mecanum_ws_v2/install/duck_operations/share/duck_operations/environment/ament_prefix_path.sh
[5.505s] -- Up-to-date symlink: /home/tigertronics/mecanum_ws_v2/install/duck_operations/share/duck_operations/environment/ament_prefix_path.dsv
[5.505s] -- Up-to-date symlink: /home/tigertronics/mecanum_ws_v2/install/duck_operations/share/duck_operations/environment/path.sh
[5.505s] -- Up-to-date symlink: /home/tigertronics/mecanum_ws_v2/install/duck_operations/share/duck_operations/environment/path.dsv
[5.506s] -- Up-to-date symlink: /home/tigertronics/mecanum_ws_v2/install/duck_operations/share/duck_operations/local_setup.bash
[5.506s] -- Up-to-date symlink: /home/tigertronics/mecanum_ws_v2/install/duck_operations/share/duck_operations/local_setup.sh
[5.506s] -- Up-to-date symlink: /home/tigertronics/mecanum_ws_v2/install/duck_operations/share/duck_operations/local_setup.zsh
[5.506s] -- Up-to-date symlink: /home/tigertronics/mecanum_ws_v2/install/duck_operations/share/duck_operations/local_setup.dsv
[5.506s] -- Symlinking: /home/tigertronics/mecanum_ws_v2/install/duck_operations/share/duck_operations/package.dsv
[5.570s] -- Up-to-date symlink: /home/tigertronics/mecanum_ws_v2/install/duck_operations/share/ament_index/resource_index/packages/duck_operations
[5.570s] -- Up-to-date symlink: /home/tigertronics/mecanum_ws_v2/install/duck_operations/share/duck_operations/cmake/duck_operationsConfig.cmake
[5.572s] -- Up-to-date symlink: /home/tigertronics/mecanum_ws_v2/install/duck_operations/share/duck_operations/cmake/duck_operationsConfig-version.cmake
[5.573s] -- Up-to-date symlink: /home/tigertronics/mecanum_ws_v2/install/duck_operations/share/duck_operations/package.xml
[5.582s] Invoked command in '/home/tigertronics/mecanum_ws_v2/build/duck_operations' returned '0': CMAKE_PREFIX_PATH=${CMAKE_PREFIX_PATH}:/home/tigertronics/testing_ws/install/rqt_joint_trajectory_controller:/home/tigertronics/testing_ws/install/rqt_controller_manager:/home/tigertronics/testing_ws/install/ros2controlcli:/home/tigertronics/testing_ws/install/ros2_controllers_test_nodes:/opt/ros/jazzy DEBUGINFOD_URLS=https://debuginfod.ubuntu.com /usr/bin/cmake --install /home/tigertronics/mecanum_ws_v2/build/duck_operations
