[0.118s] Invoking command in '/home/tigertronics/mecanum_ws_v2/build/mecanum_hardware': CMAKE_PREFIX_PATH=${CMAKE_PREFIX_PATH}:/home/tigertronics/testing_ws/install/rqt_joint_trajectory_controller:/home/tigertronics/testing_ws/install/rqt_controller_manager:/home/tigertronics/testing_ws/install/ros2controlcli:/home/tigertronics/testing_ws/install/ros2_controllers_test_nodes:/opt/ros/jazzy DEBUGINFOD_URLS=https://debuginfod.ubuntu.com /usr/bin/cmake /home/tigertronics/mecanum_ws_v2/src/mecanum_hardware -DAMENT_CMAKE_SYMLINK_INSTALL=1 -DCMAKE_INSTALL_PREFIX=/home/tigertronics/mecanum_ws_v2/install/mecanum_hardware
[0.181s] -- Found ament_cmake: 2.5.5 (/opt/ros/jazzy/share/ament_cmake/cmake)
[1.011s] -- Override CMake install command with custom implementation using symlinks instead of copying resources
[1.057s] -- Found hardware_interface: 4.43.0 (/home/tigertronics/testing_ws/install/hardware_interface/share/hardware_interface/cmake)
[1.222s] -- Found rosidl_generator_c: 4.6.7 (/opt/ros/jazzy/share/rosidl_generator_c/cmake)
[1.239s] -- Found rosidl_generator_cpp: 4.6.7 (/opt/ros/jazzy/share/rosidl_generator_cpp/cmake)
[1.265s] -- Using all available rosidl_typesupport_c: rosidl_typesupport_fastrtps_c;rosidl_typesupport_introspection_c
[1.303s] -- Using all available rosidl_typesupport_cpp: rosidl_typesupport_fastrtps_cpp;rosidl_typesupport_introspection_cpp
[1.912s] -- Found TinyXML2 via Config file: /usr/lib/aarch64-linux-gnu/cmake/tinyxml2
[2.068s] -- Found rmw_implementation_cmake: 7.3.3 (/opt/ros/jazzy/share/rmw_implementation_cmake/cmake)
[2.091s] -- Found rmw_fastrtps_cpp: 8.4.3 (/opt/ros/jazzy/share/rmw_fastrtps_cpp/cmake)
[2.173s] -- Found TinyXML2 via Config file: /usr/lib/aarch64-linux-gnu/cmake/tinyxml2
[2.191s] -- Found TinyXML2 via Config file: /usr/lib/aarch64-linux-gnu/cmake/tinyxml2
[2.228s] -- Found TinyXML2 via Config file: /usr/lib/aarch64-linux-gnu/cmake/tinyxml2
[2.244s] -- Found TinyXML2 via Config file: /usr/lib/aarch64-linux-gnu/cmake/tinyxml2
[2.284s] -- Using RMW implementation 'rmw_fastrtps_cpp' as default
[3.737s] -- Configuring done (3.6s)
[4.097s] -- Generating done (0.3s)
[4.138s] -- Build files have been written to: /home/tigertronics/mecanum_ws_v2/build/mecanum_hardware
[4.184s] Invoked command in '/home/tigertronics/mecanum_ws_v2/build/mecanum_hardware' returned '0': CMAKE_PREFIX_PATH=${CMAKE_PREFIX_PATH}:/home/tigertronics/testing_ws/install/rqt_joint_trajectory_controller:/home/tigertronics/testing_ws/install/rqt_controller_manager:/home/tigertronics/testing_ws/install/ros2controlcli:/home/tigertronics/testing_ws/install/ros2_controllers_test_nodes:/opt/ros/jazzy DEBUGINFOD_URLS=https://debuginfod.ubuntu.com /usr/bin/cmake /home/tigertronics/mecanum_ws_v2/src/mecanum_hardware -DAMENT_CMAKE_SYMLINK_INSTALL=1 -DCMAKE_INSTALL_PREFIX=/home/tigertronics/mecanum_ws_v2/install/mecanum_hardware
[4.185s] Invoking command in '/home/tigertronics/mecanum_ws_v2/build/mecanum_hardware': CMAKE_PREFIX_PATH=${CMAKE_PREFIX_PATH}:/home/tigertronics/testing_ws/install/rqt_joint_trajectory_controller:/home/tigertronics/testing_ws/install/rqt_controller_manager:/home/tigertronics/testing_ws/install/ros2controlcli:/home/tigertronics/testing_ws/install/ros2_controllers_test_nodes:/opt/ros/jazzy DEBUGINFOD_URLS=https://debuginfod.ubuntu.com /usr/bin/cmake --build /home/tigertronics/mecanum_ws_v2/build/mecanum_hardware -- -j4 -l4
[4.702s] [100%] Built target mecanum_hardware
[4.796s] Invoked command in '/home/tigertronics/mecanum_ws_v2/build/mecanum_hardware' returned '0': CMAKE_PREFIX_PATH=${CMAKE_PREFIX_PATH}:/home/tigertronics/testing_ws/install/rqt_joint_trajectory_controller:/home/tigertronics/testing_ws/install/rqt_controller_manager:/home/tigertronics/testing_ws/install/ros2controlcli:/home/tigertronics/testing_ws/install/ros2_controllers_test_nodes:/opt/ros/jazzy DEBUGINFOD_URLS=https://debuginfod.ubuntu.com /usr/bin/cmake --build /home/tigertronics/mecanum_ws_v2/build/mecanum_hardware -- -j4 -l4
[4.807s] Invoking command in '/home/tigertronics/mecanum_ws_v2/build/mecanum_hardware': CMAKE_PREFIX_PATH=${CMAKE_PREFIX_PATH}:/home/tigertronics/testing_ws/install/rqt_joint_trajectory_controller:/home/tigertronics/testing_ws/install/rqt_controller_manager:/home/tigertronics/testing_ws/install/ros2controlcli:/home/tigertronics/testing_ws/install/ros2_controllers_test_nodes:/opt/ros/jazzy DEBUGINFOD_URLS=https://debuginfod.ubuntu.com /usr/bin/cmake --install /home/tigertronics/mecanum_ws_v2/build/mecanum_hardware
[4.856s] -- Install configuration: "Release"
[4.860s] -- Execute custom install script
[4.867s] -- Up-to-date symlink: /home/tigertronics/mecanum_ws_v2/install/mecanum_hardware/share/mecanum_hardware//mecanum_hardware_plugin.xml
[4.869s] -- Up-to-date symlink: /home/tigertronics/mecanum_ws_v2/install/mecanum_hardware/lib/libmecanum_hardware.so
[4.869s] -- Up-to-date symlink: /home/tigertronics/mecanum_ws_v2/install/mecanum_hardware/include/mecanum_hardware/encoder_reader.hpp
[4.869s] -- Up-to-date symlink: /home/tigertronics/mecanum_ws_v2/install/mecanum_hardware/include/mecanum_hardware/mec_system.hpp
[4.869s] -- Up-to-date symlink: /home/tigertronics/mecanum_ws_v2/install/mecanum_hardware/include/mecanum_hardware/motor_driver.hpp
[4.869s] -- Up-to-date symlink: /home/tigertronics/mecanum_ws_v2/install/mecanum_hardware/include/mecanum_hardware/serial_manager.hpp
[4.873s] -- Up-to-date symlink: /home/tigertronics/mecanum_ws_v2/install/mecanum_hardware/include/mecanum_hardware/serial_protocol_pi.hpp
[4.874s] -- Up-to-date symlink: /home/tigertronics/mecanum_ws_v2/install/mecanum_hardware/share/mecanum_hardware/mecanum_hardware_plugin.xml
[4.877s] -- Up-to-date symlink: /home/tigertronics/mecanum_ws_v2/install/mecanum_hardware/share/ament_index/resource_index/package_run_dependencies/mecanum_hardware
[4.879s] -- Up-to-date symlink: /home/tigertronics/mecanum_ws_v2/install/mecanum_hardware/share/ament_index/resource_index/parent_prefix_path/mecanum_hardware
[4.882s] -- Up-to-date symlink: /home/tigertronics/mecanum_ws_v2/install/mecanum_hardware/share/mecanum_hardware/environment/ament_prefix_path.sh
[4.882s] -- Up-to-date symlink: /home/tigertronics/mecanum_ws_v2/install/mecanum_hardware/share/mecanum_hardware/environment/ament_prefix_path.dsv
[4.888s] -- Up-to-date symlink: /home/tigertronics/mecanum_ws_v2/install/mecanum_hardware/share/mecanum_hardware/environment/path.sh
[4.891s] -- Up-to-date symlink: /home/tigertronics/mecanum_ws_v2/install/mecanum_hardware/share/mecanum_hardware/environment/path.dsv
[4.891s] -- Up-to-date symlink: /home/tigertronics/mecanum_ws_v2/install/mecanum_hardware/share/mecanum_hardware/local_setup.bash
[4.891s] -- Up-to-date symlink: /home/tigertronics/mecanum_ws_v2/install/mecanum_hardware/share/mecanum_hardware/local_setup.sh
[4.891s] -- Up-to-date symlink: /home/tigertronics/mecanum_ws_v2/install/mecanum_hardware/share/mecanum_hardware/local_setup.zsh
[4.892s] -- Up-to-date symlink: /home/tigertronics/mecanum_ws_v2/install/mecanum_hardware/share/mecanum_hardware/local_setup.dsv
[4.892s] -- Symlinking: /home/tigertronics/mecanum_ws_v2/install/mecanum_hardware/share/mecanum_hardware/package.dsv
[4.944s] -- Up-to-date symlink: /home/tigertronics/mecanum_ws_v2/install/mecanum_hardware/share/ament_index/resource_index/packages/mecanum_hardware
[4.944s] -- Up-to-date symlink: /home/tigertronics/mecanum_ws_v2/install/mecanum_hardware/share/ament_index/resource_index/hardware_interface__pluginlib__plugin/mecanum_hardware
[4.944s] -- Up-to-date symlink: /home/tigertronics/mecanum_ws_v2/install/mecanum_hardware/share/mecanum_hardware/cmake/mecanum_hardwareConfig.cmake
[4.945s] -- Up-to-date symlink: /home/tigertronics/mecanum_ws_v2/install/mecanum_hardware/share/mecanum_hardware/cmake/mecanum_hardwareConfig-version.cmake
[4.945s] -- Up-to-date symlink: /home/tigertronics/mecanum_ws_v2/install/mecanum_hardware/share/mecanum_hardware/package.xml
[4.953s] Invoked command in '/home/tigertronics/mecanum_ws_v2/build/mecanum_hardware' returned '0': CMAKE_PREFIX_PATH=${CMAKE_PREFIX_PATH}:/home/tigertronics/testing_ws/install/rqt_joint_trajectory_controller:/home/tigertronics/testing_ws/install/rqt_controller_manager:/home/tigertronics/testing_ws/install/ros2controlcli:/home/tigertronics/testing_ws/install/ros2_controllers_test_nodes:/opt/ros/jazzy DEBUGINFOD_URLS=https://debuginfod.ubuntu.com /usr/bin/cmake --install /home/tigertronics/mecanum_ws_v2/build/mecanum_hardware
