[0.079s] Invoking command in '/home/tigertronics/mecanum_ws_v2/build/mecanum_description': DEBUGINFOD_URLS=https://debuginfod.ubuntu.com /usr/bin/cmake /home/tigertronics/mecanum_ws_v2/src/mecanum_description -DCMAKE_INSTALL_PREFIX=/home/tigertronics/mecanum_ws_v2/install/mecanum_description
[0.624s] -- The C compiler identification is GNU 13.3.0
[1.253s] -- The CXX compiler identification is GNU 13.3.0
[1.340s] -- Detecting C compiler ABI info
[1.949s] -- Detecting C compiler ABI info - done
[1.972s] -- Check for working C compiler: /usr/bin/cc - skipped
[1.972s] -- Detecting C compile features
[1.973s] -- Detecting C compile features - done
[2.006s] -- Detecting CXX compiler ABI info
[2.745s] -- Detecting CXX compiler ABI info - done
[2.772s] -- Check for working CXX compiler: /usr/bin/c++ - skipped
[2.777s] -- Detecting CXX compile features
[2.778s] -- Detecting CXX compile features - done
[2.796s] -- Found ament_cmake: 2.5.5 (/opt/ros/jazzy/share/ament_cmake/cmake)
[3.624s] -- Found Python3: /usr/bin/python3 (found version "3.12.3") found components: Interpreter 
[4.725s] Error parsing '/home/tigertronics/mecanum_ws_v2/src/mecanum_description/package.xml':
[55.431s] Traceback (most recent call last):
[55.432s]   File "/opt/ros/jazzy/share/ament_cmake_core/cmake/core/package_xml_2_cmake.py", line 150, in <module>
[55.435s]     main()
[55.436s]   File "/opt/ros/jazzy/share/ament_cmake_core/cmake/core/package_xml_2_cmake.py", line 53, in main
[55.436s]     raise e
[55.436s]   File "/opt/ros/jazzy/share/ament_cmake_core/cmake/core/package_xml_2_cmake.py", line 49, in main
[55.436s]     package = parse_package_string(
[55.437s]               ^^^^^^^^^^^^^^^^^^^^^
[55.450s]   File "/usr/lib/python3/dist-packages/catkin_pkg/package.py", line 630, in parse_package_string
[55.450s]     pkg.name = _get_node_value(_get_node(root, 'name', filename))
[55.455s]                                ^^^^^^^^^^^^^^^^^^^^^^^^^^^^^^^^^
[55.455s]   File "/usr/lib/python3/dist-packages/catkin_pkg/package.py", line 800, in _get_node
[55.456s]     raise InvalidPackage('The manifest must contain exactly one "%s" tag' % tagname, filename)
[55.467s] catkin_pkg.package.InvalidPackage: Error(s) in package '/home/tigertronics/mecanum_ws_v2/src/mecanum_description/package.xml':
[55.473s] The manifest must contain exactly one "name" tag
[56.590s] [31mCMake Error at /opt/ros/jazzy/share/ament_cmake_core/cmake/core/ament_package_xml.cmake:95 (message):
[56.594s]   execute_process(/usr/bin/python3
[56.595s]   /opt/ros/jazzy/share/ament_cmake_core/cmake/core/package_xml_2_cmake.py
[56.595s]   /home/tigertronics/mecanum_ws_v2/src/mecanum_description/package.xml
[56.613s]   /home/tigertronics/mecanum_ws_v2/build/mecanum_description/ament_cmake_core/package.cmake)
[56.613s]   returned error code 1
[56.614s] Call Stack (most recent call first):
[56.614s]   /opt/ros/jazzy/share/ament_cmake_core/cmake/core/ament_package_xml.cmake:49 (_ament_package_xml)
[56.633s]   /opt/ros/jazzy/share/ament_cmake_core/cmake/core/ament_package.cmake:63 (ament_package_xml)
[56.634s]   CMakeLists.txt:5 (ament_package)
[56.634s] 
[56.634s] [0m
[56.635s] -- Configuring incomplete, errors occurred!
