[0.091s] Invoking command in '/home/tigertronics/mecanum_ws_v2/build/duck_operations': DEBUGINFOD_URLS=https://debuginfod.ubuntu.com /usr/bin/cmake /home/tigertronics/mecanum_ws_v2/src/duck_operations -DCMAKE_INSTALL_PREFIX=/home/tigertronics/mecanum_ws_v2/install/duck_operations
[0.691s] -- The C compiler identification is GNU 13.3.0
[1.319s] -- The CXX compiler identification is GNU 13.3.0
[1.392s] -- Detecting C compiler ABI info
[1.981s] -- Detecting C compiler ABI info - done
[1.995s] -- Check for working C compiler: /usr/bin/cc - skipped
[1.995s] -- Detecting C compile features
[2.001s] -- Detecting C compile features - done
[2.037s] -- Detecting CXX compiler ABI info
[2.784s] -- Detecting CXX compiler ABI info - done
[2.810s] -- Check for working CXX compiler: /usr/bin/c++ - skipped
[2.814s] -- Detecting CXX compile features
[2.817s] -- Detecting CXX compile features - done
[2.838s] -- Found ament_cmake: 2.5.5 (/opt/ros/jazzy/share/ament_cmake/cmake)
[3.662s] -- Found Python3: /usr/bin/python3 (found version "3.12.3") found components: Interpreter 
[4.509s] -- Found rclcpp: 28.1.16 (/opt/ros/jazzy/share/rclcpp/cmake)
[4.869s] -- Found rosidl_generator_c: 4.6.7 (/opt/ros/jazzy/share/rosidl_generator_c/cmake)
[4.981s] -- Found rosidl_generator_cpp: 4.6.7 (/opt/ros/jazzy/share/rosidl_generator_cpp/cmake)
[5.100s] -- Using all available rosidl_typesupport_c: rosidl_typesupport_fastrtps_c;rosidl_typesupport_introspection_c
[5.246s] -- Using all available rosidl_typesupport_cpp: rosidl_typesupport_fastrtps_cpp;rosidl_typesupport_introspection_cpp
[5.809s] -- Found rmw_implementation_cmake: 7.3.3 (/opt/ros/jazzy/share/rmw_implementation_cmake/cmake)
[5.842s] -- Found rmw_fastrtps_cpp: 8.4.3 (/opt/ros/jazzy/share/rmw_fastrtps_cpp/cmake)
[6.341s] -- Found OpenSSL: /usr/lib/aarch64-linux-gnu/libcrypto.so (found version "3.0.13")  
[6.429s] -- Found FastRTPS: /opt/ros/jazzy/include (Required is at least version "2.13") 
[6.524s] -- Using RMW implementation 'rmw_fastrtps_cpp' as default
[6.948s] -- Found geometry_msgs: 5.3.6 (/opt/ros/jazzy/share/geometry_msgs/cmake)
[7.262s] -- Found sensor_msgs: 5.3.6 (/opt/ros/jazzy/share/sensor_msgs/cmake)
[7.582s] -- Found nav_msgs: 5.3.6 (/opt/ros/jazzy/share/nav_msgs/cmake)
[8.084s] -- Found tf2: 0.36.19 (/opt/ros/jazzy/share/tf2/cmake)
[8.201s] -- Found tf2_geometry_msgs: 0.36.19 (/opt/ros/jazzy/share/tf2_geometry_msgs/cmake)
[8.453s] -- Found eigen3_cmake_module: 0.3.0 (/opt/ros/jazzy/share/eigen3_cmake_module/cmake)
[8.495s] -- Found Eigen3: TRUE (found version "3.4.0") 
[8.503s] -- Ensuring Eigen3 include directory is part of orocos-kdl CMake target
[12.238s] -- Found cv_bridge: 4.1.0 (/opt/ros/jazzy/share/cv_bridge/cmake)
[12.815s] -- Found image_transport: 5.1.7 (/opt/ros/jazzy/share/image_transport/cmake)
[13.097s] -- Found OpenCV: /usr (found version "4.6.0") 
[14.715s] Error parsing '/home/tigertronics/mecanum_ws_v2/src/duck_operations/package.xml':
[68.136s] Traceback (most recent call last):
[68.136s]   File "/opt/ros/jazzy/share/ament_cmake_core/cmake/core/package_xml_2_cmake.py", line 150, in <module>
[68.136s]     main()
[68.136s]   File "/opt/ros/jazzy/share/ament_cmake_core/cmake/core/package_xml_2_cmake.py", line 53, in main
[68.136s]     raise e
[68.137s]   File "/opt/ros/jazzy/share/ament_cmake_core/cmake/core/package_xml_2_cmake.py", line 49, in main
[68.137s]     package = parse_package_string(
[68.137s]               ^^^^^^^^^^^^^^^^^^^^^
[68.137s]   File "/usr/lib/python3/dist-packages/catkin_pkg/package.py", line 630, in parse_package_string
[68.137s]     pkg.name = _get_node_value(_get_node(root, 'name', filename))
[68.138s]                                ^^^^^^^^^^^^^^^^^^^^^^^^^^^^^^^^^
[68.138s]   File "/usr/lib/python3/dist-packages/catkin_pkg/package.py", line 800, in _get_node
[68.138s]     raise InvalidPackage('The manifest must contain exactly one "%s" tag' % tagname, filename)
[68.138s] catkin_pkg.package.InvalidPackage: Error(s) in package '/home/tigertronics/mecanum_ws_v2/src/duck_operations/package.xml':
[68.138s] The manifest must contain exactly one "name" tag
[68.315s] [31mCMake Error at /opt/ros/jazzy/share/ament_cmake_core/cmake/core/ament_package_xml.cmake:95 (message):
[68.315s]   execute_process(/usr/bin/python3
[68.315s]   /opt/ros/jazzy/share/ament_cmake_core/cmake/core/package_xml_2_cmake.py
[68.315s]   /home/tigertronics/mecanum_ws_v2/src/duck_operations/package.xml
[68.315s]   /home/tigertronics/mecanum_ws_v2/build/duck_operations/ament_cmake_core/package.cmake)
[68.316s]   returned error code 1
[68.316s] Call Stack (most recent call first):
[68.316s]   /opt/ros/jazzy/share/ament_cmake_core/cmake/core/ament_package_xml.cmake:49 (_ament_package_xml)
[68.316s]   /opt/ros/jazzy/share/ament_cmake_core/cmake/core/ament_package.cmake:63 (ament_package_xml)
[68.316s]   CMakeLists.txt:28 (ament_package)
[68.316s] 
[68.316s] [0m
[68.316s] -- Configuring incomplete, errors occurred!
