[0.036s] Invoking command in '/home/tigertronics/mecanum_ws_v2/build/attachment_interface': CMAKE_PREFIX_PATH=${CMAKE_PREFIX_PATH}:/home/tigertronics/testing_ws/install/rqt_joint_trajectory_controller:/home/tigertronics/testing_ws/install/rqt_controller_manager:/home/tigertronics/testing_ws/install/ros2controlcli:/home/tigertronics/testing_ws/install/ros2_controllers_test_nodes:/opt/ros/jazzy DEBUGINFOD_URLS=https://debuginfod.ubuntu.com /usr/bin/cmake --build /home/tigertronics/mecanum_ws_v2/build/attachment_interface -- -j4 -l4
[0.301s] [100%] Built target attachment_node
[0.347s] Invoked command in '/home/tigertronics/mecanum_ws_v2/build/attachment_interface' returned '0': CMAKE_PREFIX_PATH=${CMAKE_PREFIX_PATH}:/home/tigertronics/testing_ws/install/rqt_joint_trajectory_controller:/home/tigertronics/testing_ws/install/rqt_controller_manager:/home/tigertronics/testing_ws/install/ros2controlcli:/home/tigertronics/testing_ws/install/ros2_controllers_test_nodes:/opt/ros/jazzy DEBUGINFOD_URLS=https://debuginfod.ubuntu.com /usr/bin/cmake --build /home/tigertronics/mecanum_ws_v2/build/attachment_interface -- -j4 -l4
[0.391s] Invoking command in '/home/tigertronics/mecanum_ws_v2/build/attachment_interface': CMAKE_PREFIX_PATH=${CMAKE_PREFIX_PATH}:/home/tigertronics/testing_ws/install/rqt_joint_trajectory_controller:/home/tigertronics/testing_ws/install/rqt_controller_manager:/home/tigertronics/testing_ws/install/ros2controlcli:/home/tigertronics/testing_ws/install/ros2_controllers_test_nodes:/opt/ros/jazzy DEBUGINFOD_URLS=https://debuginfod.ubuntu.com /usr/bin/cmake --install /home/tigertronics/mecanum_ws_v2/build/attachment_interface
[0.428s] -- Install configuration: "Release"
[0.429s] -- Execute custom install script
[0.431s] -- Up-to-date symlink: /home/tigertronics/mecanum_ws_v2/install/attachment_interface/lib/attachment_interface/attachment_node
[0.434s] -- Up-to-date symlink: /home/tigertronics/mecanum_ws_v2/install/attachment_interface/include/attachment_interface/attachment_node.hpp
[0.436s] -- Up-to-date symlink: /home/tigertronics/mecanum_ws_v2/install/attachment_interface/share/ament_index/resource_index/package_run_dependencies/attachment_interface
[0.439s] -- Up-to-date symlink: /home/tigertronics/mecanum_ws_v2/install/attachment_interface/share/ament_index/resource_index/parent_prefix_path/attachment_interface
[0.441s] -- Up-to-date symlink: /home/tigertronics/mecanum_ws_v2/install/attachment_interface/share/attachment_interface/environment/ament_prefix_path.sh
[0.441s] -- Up-to-date symlink: /home/tigertronics/mecanum_ws_v2/install/attachment_interface/share/attachment_interface/environment/ament_prefix_path.dsv
[0.441s] -- Up-to-date symlink: /home/tigertronics/mecanum_ws_v2/install/attachment_interface/share/attachment_interface/environment/path.sh
[0.441s] -- Up-to-date symlink: /home/tigertronics/mecanum_ws_v2/install/attachment_interface/share/attachment_interface/environment/path.dsv
[0.442s] -- Up-to-date symlink: /home/tigertronics/mecanum_ws_v2/install/attachment_interface/share/attachment_interface/local_setup.bash
[0.443s] -- Up-to-date symlink: /home/tigertronics/mecanum_ws_v2/install/attachment_interface/share/attachment_interface/local_setup.sh
[0.443s] -- Up-to-date symlink: /home/tigertronics/mecanum_ws_v2/install/attachment_interface/share/attachment_interface/local_setup.zsh
[0.444s] -- Up-to-date symlink: /home/tigertronics/mecanum_ws_v2/install/attachment_interface/share/attachment_interface/local_setup.dsv
[0.445s] -- Symlinking: /home/tigertronics/mecanum_ws_v2/install/attachment_interface/share/attachment_interface/package.dsv
[0.490s] -- Up-to-date symlink: /home/tigertronics/mecanum_ws_v2/install/attachment_interface/share/ament_index/resource_index/packages/attachment_interface
[0.490s] -- Up-to-date symlink: /home/tigertronics/mecanum_ws_v2/install/attachment_interface/share/attachment_interface/cmake/attachment_interfaceConfig.cmake
[0.491s] -- Up-to-date symlink: /home/tigertronics/mecanum_ws_v2/install/attachment_interface/share/attachment_interface/cmake/attachment_interfaceConfig-version.cmake
[0.492s] -- Up-to-date symlink: /home/tigertronics/mecanum_ws_v2/install/attachment_interface/share/attachment_interface/package.xml
[0.501s] Invoked command in '/home/tigertronics/mecanum_ws_v2/build/attachment_interface' returned '0': CMAKE_PREFIX_PATH=${CMAKE_PREFIX_PATH}:/home/tigertronics/testing_ws/install/rqt_joint_trajectory_controller:/home/tigertronics/testing_ws/install/rqt_controller_manager:/home/tigertronics/testing_ws/install/ros2controlcli:/home/tigertronics/testing_ws/install/ros2_controllers_test_nodes:/opt/ros/jazzy DEBUGINFOD_URLS=https://debuginfod.ubuntu.com /usr/bin/cmake --install /home/tigertronics/mecanum_ws_v2/build/attachment_interface
