[0.658s] DEBUG:colcon:Command line arguments: ['/usr/bin/colcon', 'build', '--symlink-install', '--packages-select', 'mecanum_sensors']
[0.658s] DEBUG:colcon:Parsed command line arguments: Namespace(log_base=None, log_level=None, verb_name='build', build_base='build', install_base='install', merge_install=False, symlink_install=True, test_result_base=None, continue_on_error=False, executor='parallel', parallel_workers=4, event_handlers=None, ignore_user_meta=False, metas=['./colcon.meta'], base_paths=['.'], packages_ignore=None, packages_ignore_regex=None, paths=None, packages_up_to=None, packages_up_to_regex=None, packages_above=None, packages_above_and_dependencies=None, packages_above_depth=None, packages_select_by_dep=None, packages_skip_by_dep=None, packages_skip_up_to=None, packages_select_build_failed=False, packages_skip_build_finished=False, packages_select_test_failures=False, packages_skip_test_passed=False, packages_select=['mecanum_sensors'], packages_skip=None, packages_select_regex=None, packages_skip_regex=None, packages_start=None, packages_end=None, allow_overriding=[], cmake_args=None, cmake_target=None, cmake_target_skip_unavailable=False, cmake_clean_cache=False, cmake_clean_first=False, cmake_force_configure=False, ament_cmake_args=None, catkin_cmake_args=None, catkin_skip_building_tests=False, mixin_files=None, mixin=None, verb_parser=<colcon_mixin.mixin.mixin_argument.MixinArgumentDecorator object at 0xffff91c0b2c0>, verb_extension=<colcon_core.verb.build.BuildVerb object at 0xffff91dc2fc0>, main=<bound method BuildVerb.main of <colcon_core.verb.build.BuildVerb object at 0xffff91dc2fc0>>, mixin_verb=('build',))
[0.810s] Level 1:colcon.colcon_core.package_discovery:discover_packages(colcon_meta) check parameters
[0.810s] Level 1:colcon.colcon_core.package_discovery:discover_packages(recursive) check parameters
[0.810s] Level 1:colcon.colcon_core.package_discovery:discover_packages(ignore) check parameters
[0.810s] Level 1:colcon.colcon_core.package_discovery:discover_packages(path) check parameters
[0.810s] Level 1:colcon.colcon_core.package_discovery:discover_packages(colcon_meta) discover
[0.810s] Level 1:colcon.colcon_core.package_discovery:discover_packages(recursive) discover
[0.810s] INFO:colcon.colcon_core.package_discovery:Crawling recursively for packages in '/home/tigertronics/mecanum_ws_v2'
[0.810s] Level 1:colcon.colcon_core.package_identification:_identify(.) by extensions ['ignore', 'ignore_ament_install']
[0.811s] Level 1:colcon.colcon_core.package_identification:_identify(.) by extension 'ignore'
[0.811s] Level 1:colcon.colcon_core.package_identification:_identify(.) by extension 'ignore_ament_install'
[0.811s] Level 1:colcon.colcon_core.package_identification:_identify(.) by extensions ['colcon_pkg']
[0.811s] Level 1:colcon.colcon_core.package_identification:_identify(.) by extension 'colcon_pkg'
[0.811s] Level 1:colcon.colcon_core.package_identification:_identify(.) by extensions ['colcon_meta']
[0.811s] Level 1:colcon.colcon_core.package_identification:_identify(.) by extension 'colcon_meta'
[0.811s] Level 1:colcon.colcon_core.package_identification:_identify(.) by extensions ['ros']
[0.811s] Level 1:colcon.colcon_core.package_identification:_identify(.) by extension 'ros'
[0.877s] Level 1:colcon.colcon_core.package_identification:_identify(.) by extensions ['cmake', 'python']
[0.877s] Level 1:colcon.colcon_core.package_identification:_identify(.) by extension 'cmake'
[0.877s] Level 1:colcon.colcon_core.package_identification:_identify(.) by extension 'python'
[0.877s] Level 1:colcon.colcon_core.package_identification:_identify(.) by extensions ['python_setup_py']
[0.877s] Level 1:colcon.colcon_core.package_identification:_identify(.) by extension 'python_setup_py'
[0.877s] Level 1:colcon.colcon_core.package_identification:_identify(build) by extensions ['ignore', 'ignore_ament_install']
[0.877s] Level 1:colcon.colcon_core.package_identification:_identify(build) by extension 'ignore'
[0.877s] Level 1:colcon.colcon_core.package_identification:_identify(build) ignored
[0.878s] Level 1:colcon.colcon_core.package_identification:_identify(install) by extensions ['ignore', 'ignore_ament_install']
[0.878s] Level 1:colcon.colcon_core.package_identification:_identify(install) by extension 'ignore'
[0.878s] Level 1:colcon.colcon_core.package_identification:_identify(install) ignored
[0.878s] Level 1:colcon.colcon_core.package_identification:_identify(log) by extensions ['ignore', 'ignore_ament_install']
[0.878s] Level 1:colcon.colcon_core.package_identification:_identify(log) by extension 'ignore'
[0.878s] Level 1:colcon.colcon_core.package_identification:_identify(log) ignored
[0.878s] Level 1:colcon.colcon_core.package_identification:_identify(src) by extensions ['ignore', 'ignore_ament_install']
[0.878s] Level 1:colcon.colcon_core.package_identification:_identify(src) by extension 'ignore'
[0.878s] Level 1:colcon.colcon_core.package_identification:_identify(src) by extension 'ignore_ament_install'
[0.878s] Level 1:colcon.colcon_core.package_identification:_identify(src) by extensions ['colcon_pkg']
[0.878s] Level 1:colcon.colcon_core.package_identification:_identify(src) by extension 'colcon_pkg'
[0.879s] Level 1:colcon.colcon_core.package_identification:_identify(src) by extensions ['colcon_meta']
[0.879s] Level 1:colcon.colcon_core.package_identification:_identify(src) by extension 'colcon_meta'
[0.879s] Level 1:colcon.colcon_core.package_identification:_identify(src) by extensions ['ros']
[0.879s] Level 1:colcon.colcon_core.package_identification:_identify(src) by extension 'ros'
[0.879s] Level 1:colcon.colcon_core.package_identification:_identify(src) by extensions ['cmake', 'python']
[0.879s] Level 1:colcon.colcon_core.package_identification:_identify(src) by extension 'cmake'
[0.879s] Level 1:colcon.colcon_core.package_identification:_identify(src) by extension 'python'
[0.879s] Level 1:colcon.colcon_core.package_identification:_identify(src) by extensions ['python_setup_py']
[0.879s] Level 1:colcon.colcon_core.package_identification:_identify(src) by extension 'python_setup_py'
[0.879s] Level 1:colcon.colcon_core.package_identification:_identify(src/arduino_attachment) by extensions ['ignore', 'ignore_ament_install']
[0.880s] Level 1:colcon.colcon_core.package_identification:_identify(src/arduino_attachment) by extension 'ignore'
[0.880s] Level 1:colcon.colcon_core.package_identification:_identify(src/arduino_attachment) by extension 'ignore_ament_install'
[0.880s] Level 1:colcon.colcon_core.package_identification:_identify(src/arduino_attachment) by extensions ['colcon_pkg']
[0.880s] Level 1:colcon.colcon_core.package_identification:_identify(src/arduino_attachment) by extension 'colcon_pkg'
[0.880s] Level 1:colcon.colcon_core.package_identification:_identify(src/arduino_attachment) by extensions ['colcon_meta']
[0.880s] Level 1:colcon.colcon_core.package_identification:_identify(src/arduino_attachment) by extension 'colcon_meta'
[0.880s] Level 1:colcon.colcon_core.package_identification:_identify(src/arduino_attachment) by extensions ['ros']
[0.880s] Level 1:colcon.colcon_core.package_identification:_identify(src/arduino_attachment) by extension 'ros'
[0.880s] Level 1:colcon.colcon_core.package_identification:_identify(src/arduino_attachment) by extensions ['cmake', 'python']
[0.880s] Level 1:colcon.colcon_core.package_identification:_identify(src/arduino_attachment) by extension 'cmake'
[0.880s] Level 1:colcon.colcon_core.package_identification:_identify(src/arduino_attachment) by extension 'python'
[0.880s] Level 1:colcon.colcon_core.package_identification:_identify(src/arduino_attachment) by extensions ['python_setup_py']
[0.880s] Level 1:colcon.colcon_core.package_identification:_identify(src/arduino_attachment) by extension 'python_setup_py'
[0.881s] Level 1:colcon.colcon_core.package_identification:_identify(src/attachment_interface) by extensions ['ignore', 'ignore_ament_install']
[0.881s] Level 1:colcon.colcon_core.package_identification:_identify(src/attachment_interface) by extension 'ignore'
[0.881s] Level 1:colcon.colcon_core.package_identification:_identify(src/attachment_interface) by extension 'ignore_ament_install'
[0.881s] Level 1:colcon.colcon_core.package_identification:_identify(src/attachment_interface) by extensions ['colcon_pkg']
[0.881s] Level 1:colcon.colcon_core.package_identification:_identify(src/attachment_interface) by extension 'colcon_pkg'
[0.881s] Level 1:colcon.colcon_core.package_identification:_identify(src/attachment_interface) by extensions ['colcon_meta']
[0.881s] Level 1:colcon.colcon_core.package_identification:_identify(src/attachment_interface) by extension 'colcon_meta'
[0.881s] Level 1:colcon.colcon_core.package_identification:_identify(src/attachment_interface) by extensions ['ros']
[0.881s] Level 1:colcon.colcon_core.package_identification:_identify(src/attachment_interface) by extension 'ros'
[0.886s] DEBUG:colcon.colcon_core.package_identification:Package 'src/attachment_interface' with type 'ros.ament_cmake' and name 'attachment_interface'
[0.887s] Level 1:colcon.colcon_core.package_identification:_identify(src/duck_operations) by extensions ['ignore', 'ignore_ament_install']
[0.887s] Level 1:colcon.colcon_core.package_identification:_identify(src/duck_operations) by extension 'ignore'
[0.887s] Level 1:colcon.colcon_core.package_identification:_identify(src/duck_operations) by extension 'ignore_ament_install'
[0.887s] Level 1:colcon.colcon_core.package_identification:_identify(src/duck_operations) by extensions ['colcon_pkg']
[0.887s] Level 1:colcon.colcon_core.package_identification:_identify(src/duck_operations) by extension 'colcon_pkg'
[0.887s] Level 1:colcon.colcon_core.package_identification:_identify(src/duck_operations) by extensions ['colcon_meta']
[0.888s] Level 1:colcon.colcon_core.package_identification:_identify(src/duck_operations) by extension 'colcon_meta'
[0.888s] Level 1:colcon.colcon_core.package_identification:_identify(src/duck_operations) by extensions ['ros']
[0.888s] Level 1:colcon.colcon_core.package_identification:_identify(src/duck_operations) by extension 'ros'
[0.889s] DEBUG:colcon.colcon_core.package_identification:Package 'src/duck_operations' with type 'ros.ament_cmake' and name 'duck_operations'
[0.890s] Level 1:colcon.colcon_core.package_identification:_identify(src/mecanum_bringup) by extensions ['ignore', 'ignore_ament_install']
[0.890s] Level 1:colcon.colcon_core.package_identification:_identify(src/mecanum_bringup) by extension 'ignore'
[0.890s] Level 1:colcon.colcon_core.package_identification:_identify(src/mecanum_bringup) by extension 'ignore_ament_install'
[0.890s] Level 1:colcon.colcon_core.package_identification:_identify(src/mecanum_bringup) by extensions ['colcon_pkg']
[0.890s] Level 1:colcon.colcon_core.package_identification:_identify(src/mecanum_bringup) by extension 'colcon_pkg'
[0.890s] Level 1:colcon.colcon_core.package_identification:_identify(src/mecanum_bringup) by extensions ['colcon_meta']
[0.890s] Level 1:colcon.colcon_core.package_identification:_identify(src/mecanum_bringup) by extension 'colcon_meta'
[0.890s] Level 1:colcon.colcon_core.package_identification:_identify(src/mecanum_bringup) by extensions ['ros']
[0.890s] Level 1:colcon.colcon_core.package_identification:_identify(src/mecanum_bringup) by extension 'ros'
[0.891s] DEBUG:colcon.colcon_core.package_identification:Package 'src/mecanum_bringup' with type 'ros.ament_cmake' and name 'mecanum_bringup'
[0.892s] Level 1:colcon.colcon_core.package_identification:_identify(src/mecanum_description) by extensions ['ignore', 'ignore_ament_install']
[0.892s] Level 1:colcon.colcon_core.package_identification:_identify(src/mecanum_description) by extension 'ignore'
[0.892s] Level 1:colcon.colcon_core.package_identification:_identify(src/mecanum_description) by extension 'ignore_ament_install'
[0.892s] Level 1:colcon.colcon_core.package_identification:_identify(src/mecanum_description) by extensions ['colcon_pkg']
[0.892s] Level 1:colcon.colcon_core.package_identification:_identify(src/mecanum_description) by extension 'colcon_pkg'
[0.892s] Level 1:colcon.colcon_core.package_identification:_identify(src/mecanum_description) by extensions ['colcon_meta']
[0.892s] Level 1:colcon.colcon_core.package_identification:_identify(src/mecanum_description) by extension 'colcon_meta'
[0.892s] Level 1:colcon.colcon_core.package_identification:_identify(src/mecanum_description) by extensions ['ros']
[0.892s] Level 1:colcon.colcon_core.package_identification:_identify(src/mecanum_description) by extension 'ros'
[0.896s] DEBUG:colcon.colcon_core.package_identification:Package 'src/mecanum_description' with type 'ros.ament_cmake' and name 'mecanum_description'
[0.896s] Level 1:colcon.colcon_core.package_identification:_identify(src/mecanum_hardware) by extensions ['ignore', 'ignore_ament_install']
[0.896s] Level 1:colcon.colcon_core.package_identification:_identify(src/mecanum_hardware) by extension 'ignore'
[0.896s] Level 1:colcon.colcon_core.package_identification:_identify(src/mecanum_hardware) by extension 'ignore_ament_install'
[0.896s] Level 1:colcon.colcon_core.package_identification:_identify(src/mecanum_hardware) by extensions ['colcon_pkg']
[0.896s] Level 1:colcon.colcon_core.package_identification:_identify(src/mecanum_hardware) by extension 'colcon_pkg'
[0.896s] Level 1:colcon.colcon_core.package_identification:_identify(src/mecanum_hardware) by extensions ['colcon_meta']
[0.896s] Level 1:colcon.colcon_core.package_identification:_identify(src/mecanum_hardware) by extension 'colcon_meta'
[0.896s] Level 1:colcon.colcon_core.package_identification:_identify(src/mecanum_hardware) by extensions ['ros']
[0.897s] Level 1:colcon.colcon_core.package_identification:_identify(src/mecanum_hardware) by extension 'ros'
[0.898s] DEBUG:colcon.colcon_core.package_identification:Package 'src/mecanum_hardware' with type 'ros.ament_cmake' and name 'mecanum_hardware'
[0.898s] Level 1:colcon.colcon_core.package_identification:_identify(src/mecanum_localization) by extensions ['ignore', 'ignore_ament_install']
[0.898s] Level 1:colcon.colcon_core.package_identification:_identify(src/mecanum_localization) by extension 'ignore'
[0.898s] Level 1:colcon.colcon_core.package_identification:_identify(src/mecanum_localization) by extension 'ignore_ament_install'
[0.899s] Level 1:colcon.colcon_core.package_identification:_identify(src/mecanum_localization) by extensions ['colcon_pkg']
[0.899s] Level 1:colcon.colcon_core.package_identification:_identify(src/mecanum_localization) by extension 'colcon_pkg'
[0.899s] Level 1:colcon.colcon_core.package_identification:_identify(src/mecanum_localization) by extensions ['colcon_meta']
[0.899s] Level 1:colcon.colcon_core.package_identification:_identify(src/mecanum_localization) by extension 'colcon_meta'
[0.899s] Level 1:colcon.colcon_core.package_identification:_identify(src/mecanum_localization) by extensions ['ros']
[0.899s] Level 1:colcon.colcon_core.package_identification:_identify(src/mecanum_localization) by extension 'ros'
[0.903s] DEBUG:colcon.colcon_core.package_identification:Package 'src/mecanum_localization' with type 'ros.ament_cmake' and name 'mecanum_localization'
[0.903s] Level 1:colcon.colcon_core.package_identification:_identify(src/mecanum_sensors) by extensions ['ignore', 'ignore_ament_install']
[0.903s] Level 1:colcon.colcon_core.package_identification:_identify(src/mecanum_sensors) by extension 'ignore'
[0.903s] Level 1:colcon.colcon_core.package_identification:_identify(src/mecanum_sensors) by extension 'ignore_ament_install'
[0.903s] Level 1:colcon.colcon_core.package_identification:_identify(src/mecanum_sensors) by extensions ['colcon_pkg']
[0.903s] Level 1:colcon.colcon_core.package_identification:_identify(src/mecanum_sensors) by extension 'colcon_pkg'
[0.903s] Level 1:colcon.colcon_core.package_identification:_identify(src/mecanum_sensors) by extensions ['colcon_meta']
[0.903s] Level 1:colcon.colcon_core.package_identification:_identify(src/mecanum_sensors) by extension 'colcon_meta'
[0.903s] Level 1:colcon.colcon_core.package_identification:_identify(src/mecanum_sensors) by extensions ['ros']
[0.904s] Level 1:colcon.colcon_core.package_identification:_identify(src/mecanum_sensors) by extension 'ros'
[0.907s] DEBUG:colcon.colcon_core.package_identification:Package 'src/mecanum_sensors' with type 'ros.ament_cmake' and name 'mecanum_sensors'
[0.907s] Level 1:colcon.colcon_core.package_identification:_identify(src/position_verifier) by extensions ['ignore', 'ignore_ament_install']
[0.907s] Level 1:colcon.colcon_core.package_identification:_identify(src/position_verifier) by extension 'ignore'
[0.908s] Level 1:colcon.colcon_core.package_identification:_identify(src/position_verifier) by extension 'ignore_ament_install'
[0.908s] Level 1:colcon.colcon_core.package_identification:_identify(src/position_verifier) by extensions ['colcon_pkg']
[0.908s] Level 1:colcon.colcon_core.package_identification:_identify(src/position_verifier) by extension 'colcon_pkg'
[0.908s] Level 1:colcon.colcon_core.package_identification:_identify(src/position_verifier) by extensions ['colcon_meta']
[0.908s] Level 1:colcon.colcon_core.package_identification:_identify(src/position_verifier) by extension 'colcon_meta'
[0.908s] Level 1:colcon.colcon_core.package_identification:_identify(src/position_verifier) by extensions ['ros']
[0.908s] Level 1:colcon.colcon_core.package_identification:_identify(src/position_verifier) by extension 'ros'
[0.909s] DEBUG:colcon.colcon_core.package_identification:Package 'src/position_verifier' with type 'ros.ament_cmake' and name 'position_verifier'
[0.910s] Level 1:colcon.colcon_core.package_identification:_identify(src/task_manager) by extensions ['ignore', 'ignore_ament_install']
[0.910s] Level 1:colcon.colcon_core.package_identification:_identify(src/task_manager) by extension 'ignore'
[0.910s] Level 1:colcon.colcon_core.package_identification:_identify(src/task_manager) by extension 'ignore_ament_install'
[0.910s] Level 1:colcon.colcon_core.package_identification:_identify(src/task_manager) by extensions ['colcon_pkg']
[0.910s] Level 1:colcon.colcon_core.package_identification:_identify(src/task_manager) by extension 'colcon_pkg'
[0.910s] Level 1:colcon.colcon_core.package_identification:_identify(src/task_manager) by extensions ['colcon_meta']
[0.910s] Level 1:colcon.colcon_core.package_identification:_identify(src/task_manager) by extension 'colcon_meta'
[0.910s] Level 1:colcon.colcon_core.package_identification:_identify(src/task_manager) by extensions ['ros']
[0.910s] Level 1:colcon.colcon_core.package_identification:_identify(src/task_manager) by extension 'ros'
[0.912s] DEBUG:colcon.colcon_core.package_identification:Package 'src/task_manager' with type 'ros.ament_cmake' and name 'task_manager'
[0.912s] Level 1:colcon.colcon_core.package_identification:_identify(src/teensy_firmware) by extensions ['ignore', 'ignore_ament_install']
[0.912s] Level 1:colcon.colcon_core.package_identification:_identify(src/teensy_firmware) by extension 'ignore'
[0.912s] Level 1:colcon.colcon_core.package_identification:_identify(src/teensy_firmware) by extension 'ignore_ament_install'
[0.913s] Level 1:colcon.colcon_core.package_identification:_identify(src/teensy_firmware) by extensions ['colcon_pkg']
[0.913s] Level 1:colcon.colcon_core.package_identification:_identify(src/teensy_firmware) by extension 'colcon_pkg'
[0.913s] Level 1:colcon.colcon_core.package_identification:_identify(src/teensy_firmware) by extensions ['colcon_meta']
[0.913s] Level 1:colcon.colcon_core.package_identification:_identify(src/teensy_firmware) by extension 'colcon_meta'
[0.913s] Level 1:colcon.colcon_core.package_identification:_identify(src/teensy_firmware) by extensions ['ros']
[0.913s] Level 1:colcon.colcon_core.package_identification:_identify(src/teensy_firmware) by extension 'ros'
[0.913s] Level 1:colcon.colcon_core.package_identification:_identify(src/teensy_firmware) by extensions ['cmake', 'python']
[0.913s] Level 1:colcon.colcon_core.package_identification:_identify(src/teensy_firmware) by extension 'cmake'
[0.913s] Level 1:colcon.colcon_core.package_identification:_identify(src/teensy_firmware) by extension 'python'
[0.913s] Level 1:colcon.colcon_core.package_identification:_identify(src/teensy_firmware) by extensions ['python_setup_py']
[0.913s] Level 1:colcon.colcon_core.package_identification:_identify(src/teensy_firmware) by extension 'python_setup_py'
[0.914s] Level 1:colcon.colcon_core.package_identification:_identify(src/teensy_firmware/mecanum_firmware) by extensions ['ignore', 'ignore_ament_install']
[0.914s] Level 1:colcon.colcon_core.package_identification:_identify(src/teensy_firmware/mecanum_firmware) by extension 'ignore'
[0.914s] Level 1:colcon.colcon_core.package_identification:_identify(src/teensy_firmware/mecanum_firmware) by extension 'ignore_ament_install'
[0.914s] Level 1:colcon.colcon_core.package_identification:_identify(src/teensy_firmware/mecanum_firmware) by extensions ['colcon_pkg']
[0.914s] Level 1:colcon.colcon_core.package_identification:_identify(src/teensy_firmware/mecanum_firmware) by extension 'colcon_pkg'
[0.914s] Level 1:colcon.colcon_core.package_identification:_identify(src/teensy_firmware/mecanum_firmware) by extensions ['colcon_meta']
[0.914s] Level 1:colcon.colcon_core.package_identification:_identify(src/teensy_firmware/mecanum_firmware) by extension 'colcon_meta'
[0.914s] Level 1:colcon.colcon_core.package_identification:_identify(src/teensy_firmware/mecanum_firmware) by extensions ['ros']
[0.914s] Level 1:colcon.colcon_core.package_identification:_identify(src/teensy_firmware/mecanum_firmware) by extension 'ros'
[0.914s] Level 1:colcon.colcon_core.package_identification:_identify(src/teensy_firmware/mecanum_firmware) by extensions ['cmake', 'python']
[0.914s] Level 1:colcon.colcon_core.package_identification:_identify(src/teensy_firmware/mecanum_firmware) by extension 'cmake'
[0.914s] Level 1:colcon.colcon_core.package_identification:_identify(src/teensy_firmware/mecanum_firmware) by extension 'python'
[0.914s] Level 1:colcon.colcon_core.package_identification:_identify(src/teensy_firmware/mecanum_firmware) by extensions ['python_setup_py']
[0.914s] Level 1:colcon.colcon_core.package_identification:_identify(src/teensy_firmware/mecanum_firmware) by extension 'python_setup_py'
[0.915s] Level 1:colcon.colcon_core.package_identification:_identify(src/teensy_firmware/mecanum_firmware/test1.ino) by extensions ['ignore', 'ignore_ament_install']
[0.915s] Level 1:colcon.colcon_core.package_identification:_identify(src/teensy_firmware/mecanum_firmware/test1.ino) by extension 'ignore'
[0.915s] Level 1:colcon.colcon_core.package_identification:_identify(src/teensy_firmware/mecanum_firmware/test1.ino) by extension 'ignore_ament_install'
[0.915s] Level 1:colcon.colcon_core.package_identification:_identify(src/teensy_firmware/mecanum_firmware/test1.ino) by extensions ['colcon_pkg']
[0.915s] Level 1:colcon.colcon_core.package_identification:_identify(src/teensy_firmware/mecanum_firmware/test1.ino) by extension 'colcon_pkg'
[0.915s] Level 1:colcon.colcon_core.package_identification:_identify(src/teensy_firmware/mecanum_firmware/test1.ino) by extensions ['colcon_meta']
[0.915s] Level 1:colcon.colcon_core.package_identification:_identify(src/teensy_firmware/mecanum_firmware/test1.ino) by extension 'colcon_meta'
[0.915s] Level 1:colcon.colcon_core.package_identification:_identify(src/teensy_firmware/mecanum_firmware/test1.ino) by extensions ['ros']
[0.915s] Level 1:colcon.colcon_core.package_identification:_identify(src/teensy_firmware/mecanum_firmware/test1.ino) by extension 'ros'
[0.916s] Level 1:colcon.colcon_core.package_identification:_identify(src/teensy_firmware/mecanum_firmware/test1.ino) by extensions ['cmake', 'python']
[0.916s] Level 1:colcon.colcon_core.package_identification:_identify(src/teensy_firmware/mecanum_firmware/test1.ino) by extension 'cmake'
[0.916s] Level 1:colcon.colcon_core.package_identification:_identify(src/teensy_firmware/mecanum_firmware/test1.ino) by extension 'python'
[0.916s] Level 1:colcon.colcon_core.package_identification:_identify(src/teensy_firmware/mecanum_firmware/test1.ino) by extensions ['python_setup_py']
[0.916s] Level 1:colcon.colcon_core.package_identification:_identify(src/teensy_firmware/mecanum_firmware/test1.ino) by extension 'python_setup_py'
[0.916s] Level 1:colcon.colcon_core.package_identification:_identify(udev_rules) by extensions ['ignore', 'ignore_ament_install']
[0.916s] Level 1:colcon.colcon_core.package_identification:_identify(udev_rules) by extension 'ignore'
[0.916s] Level 1:colcon.colcon_core.package_identification:_identify(udev_rules) by extension 'ignore_ament_install'
[0.916s] Level 1:colcon.colcon_core.package_identification:_identify(udev_rules) by extensions ['colcon_pkg']
[0.917s] Level 1:colcon.colcon_core.package_identification:_identify(udev_rules) by extension 'colcon_pkg'
[0.917s] Level 1:colcon.colcon_core.package_identification:_identify(udev_rules) by extensions ['colcon_meta']
[0.917s] Level 1:colcon.colcon_core.package_identification:_identify(udev_rules) by extension 'colcon_meta'
[0.917s] Level 1:colcon.colcon_core.package_identification:_identify(udev_rules) by extensions ['ros']
[0.917s] Level 1:colcon.colcon_core.package_identification:_identify(udev_rules) by extension 'ros'
[0.917s] Level 1:colcon.colcon_core.package_identification:_identify(udev_rules) by extensions ['cmake', 'python']
[0.917s] Level 1:colcon.colcon_core.package_identification:_identify(udev_rules) by extension 'cmake'
[0.917s] Level 1:colcon.colcon_core.package_identification:_identify(udev_rules) by extension 'python'
[0.917s] Level 1:colcon.colcon_core.package_identification:_identify(udev_rules) by extensions ['python_setup_py']
[0.917s] Level 1:colcon.colcon_core.package_identification:_identify(udev_rules) by extension 'python_setup_py'
[0.917s] Level 1:colcon.colcon_core.package_identification:_identify({install,build,log}) by extensions ['ignore', 'ignore_ament_install']
[0.917s] Level 1:colcon.colcon_core.package_identification:_identify({install,build,log}) by extension 'ignore'
[0.918s] Level 1:colcon.colcon_core.package_identification:_identify({install,build,log}) by extension 'ignore_ament_install'
[0.918s] Level 1:colcon.colcon_core.package_identification:_identify({install,build,log}) by extensions ['colcon_pkg']
[0.918s] Level 1:colcon.colcon_core.package_identification:_identify({install,build,log}) by extension 'colcon_pkg'
[0.918s] Level 1:colcon.colcon_core.package_identification:_identify({install,build,log}) by extensions ['colcon_meta']
[0.918s] Level 1:colcon.colcon_core.package_identification:_identify({install,build,log}) by extension 'colcon_meta'
[0.918s] Level 1:colcon.colcon_core.package_identification:_identify({install,build,log}) by extensions ['ros']
[0.918s] Level 1:colcon.colcon_core.package_identification:_identify({install,build,log}) by extension 'ros'
[0.918s] Level 1:colcon.colcon_core.package_identification:_identify({install,build,log}) by extensions ['cmake', 'python']
[0.918s] Level 1:colcon.colcon_core.package_identification:_identify({install,build,log}) by extension 'cmake'
[0.918s] Level 1:colcon.colcon_core.package_identification:_identify({install,build,log}) by extension 'python'
[0.918s] Level 1:colcon.colcon_core.package_identification:_identify({install,build,log}) by extensions ['python_setup_py']
[0.918s] Level 1:colcon.colcon_core.package_identification:_identify({install,build,log}) by extension 'python_setup_py'
[0.918s] Level 1:colcon.colcon_core.package_discovery:discover_packages(recursive) using defaults
[0.918s] Level 1:colcon.colcon_core.package_discovery:discover_packages(ignore) discover
[0.918s] Level 1:colcon.colcon_core.package_discovery:discover_packages(ignore) using defaults
[0.918s] Level 1:colcon.colcon_core.package_discovery:discover_packages(path) discover
[0.918s] Level 1:colcon.colcon_core.package_discovery:discover_packages(path) using defaults
[0.981s] INFO:colcon.colcon_core.package_selection:Skipping not selected package 'attachment_interface' in 'src/attachment_interface'
[0.981s] INFO:colcon.colcon_core.package_selection:Skipping not selected package 'duck_operations' in 'src/duck_operations'
[0.981s] INFO:colcon.colcon_core.package_selection:Skipping not selected package 'mecanum_bringup' in 'src/mecanum_bringup'
[0.981s] INFO:colcon.colcon_core.package_selection:Skipping not selected package 'mecanum_description' in 'src/mecanum_description'
[0.981s] INFO:colcon.colcon_core.package_selection:Skipping not selected package 'mecanum_hardware' in 'src/mecanum_hardware'
[0.981s] INFO:colcon.colcon_core.package_selection:Skipping not selected package 'mecanum_localization' in 'src/mecanum_localization'
[0.981s] INFO:colcon.colcon_core.package_selection:Skipping not selected package 'position_verifier' in 'src/position_verifier'
[0.981s] INFO:colcon.colcon_core.package_selection:Skipping not selected package 'task_manager' in 'src/task_manager'
[0.982s] Level 1:colcon.colcon_core.package_discovery:discover_packages(prefix_path) check parameters
[0.982s] Level 1:colcon.colcon_core.package_discovery:discover_packages(prefix_path) discover
[1.019s] DEBUG:colcon.colcon_installed_package_information.package_discovery:Found 9 installed packages in /home/tigertronics/mecanum_ws_v2/install
[1.222s] DEBUG:colcon.colcon_installed_package_information.package_discovery:Found 72 installed packages in /home/tigertronics/testing_ws/install
[1.224s] DEBUG:colcon.colcon_installed_package_information.package_discovery:Found 0 installed packages in /home/tigertronics/tigert_ws/install
[1.233s] DEBUG:colcon.colcon_installed_package_information.package_discovery:Found 437 installed packages in /opt/ros/jazzy
[1.237s] Level 1:colcon.colcon_core.package_discovery:discover_packages(prefix_path) using defaults
[2.016s] Level 5:colcon.colcon_core.verb:set package 'mecanum_sensors' build argument 'cmake_args' from command line to 'None'
[2.016s] Level 5:colcon.colcon_core.verb:set package 'mecanum_sensors' build argument 'cmake_target' from command line to 'None'
[2.016s] Level 5:colcon.colcon_core.verb:set package 'mecanum_sensors' build argument 'cmake_target_skip_unavailable' from command line to 'False'
[2.016s] Level 5:colcon.colcon_core.verb:set package 'mecanum_sensors' build argument 'cmake_clean_cache' from command line to 'False'
[2.016s] Level 5:colcon.colcon_core.verb:set package 'mecanum_sensors' build argument 'cmake_clean_first' from command line to 'False'
[2.016s] Level 5:colcon.colcon_core.verb:set package 'mecanum_sensors' build argument 'cmake_force_configure' from command line to 'False'
[2.016s] Level 5:colcon.colcon_core.verb:set package 'mecanum_sensors' build argument 'ament_cmake_args' from command line to 'None'
[2.016s] Level 5:colcon.colcon_core.verb:set package 'mecanum_sensors' build argument 'catkin_cmake_args' from command line to 'None'
[2.016s] Level 5:colcon.colcon_core.verb:set package 'mecanum_sensors' build argument 'catkin_skip_building_tests' from command line to 'False'
[2.016s] DEBUG:colcon.colcon_core.verb:Building package 'mecanum_sensors' with the following arguments: {'ament_cmake_args': None, 'build_base': '/home/tigertronics/mecanum_ws_v2/build/mecanum_sensors', 'catkin_cmake_args': None, 'catkin_skip_building_tests': False, 'cmake_args': None, 'cmake_clean_cache': False, 'cmake_clean_first': False, 'cmake_force_configure': False, 'cmake_target': None, 'cmake_target_skip_unavailable': False, 'install_base': '/home/tigertronics/mecanum_ws_v2/install/mecanum_sensors', 'merge_install': False, 'path': '/home/tigertronics/mecanum_ws_v2/src/mecanum_sensors', 'symlink_install': True, 'test_result_base': None}
[2.017s] INFO:colcon.colcon_core.executor:Executing jobs using 'parallel' executor
[2.019s] DEBUG:colcon.colcon_parallel_executor.executor.parallel:run_until_complete
[2.020s] INFO:colcon.colcon_ros.task.ament_cmake.build:Building ROS package in '/home/tigertronics/mecanum_ws_v2/src/mecanum_sensors' with build type 'ament_cmake'
[2.021s] INFO:colcon.colcon_cmake.task.cmake.build:Building CMake package in '/home/tigertronics/mecanum_ws_v2/src/mecanum_sensors'
[2.030s] INFO:colcon.colcon_core.plugin_system:Skipping extension 'colcon_core.shell.bat': Not used on non-Windows systems
[2.030s] INFO:colcon.colcon_core.shell:Skip shell extension 'powershell' for command environment: Not usable outside of PowerShell
[2.030s] DEBUG:colcon.colcon_core.shell:Skip shell extension 'dsv' for command environment
[2.064s] DEBUG:colcon.colcon_core.event_handler.log_command:Invoking command in '/home/tigertronics/mecanum_ws_v2/build/mecanum_sensors': CMAKE_PREFIX_PATH=${CMAKE_PREFIX_PATH}:/home/tigertronics/testing_ws/install/rqt_joint_trajectory_controller:/home/tigertronics/testing_ws/install/rqt_controller_manager:/home/tigertronics/testing_ws/install/ros2controlcli:/home/tigertronics/testing_ws/install/ros2_controllers_test_nodes:/opt/ros/jazzy DEBUGINFOD_URLS=https://debuginfod.ubuntu.com /usr/bin/cmake --build /home/tigertronics/mecanum_ws_v2/build/mecanum_sensors -- -j4 -l4
