[0.087s] Invoking command in '/home/tigertronics/mecanum_ws_v2/build/duck_operations': CMAKE_PREFIX_PATH=${CMAKE_PREFIX_PATH}:/home/tigertronics/testing_ws/install/rqt_joint_trajectory_controller:/home/tigertronics/testing_ws/install/rqt_controller_manager:/home/tigertronics/testing_ws/install/ros2controlcli:/home/tigertronics/testing_ws/install/ros2_controllers_test_nodes:/opt/ros/jazzy DEBUGINFOD_URLS=https://debuginfod.ubuntu.com /usr/bin/cmake /home/tigertronics/mecanum_ws_v2/src/duck_operations -DAMENT_CMAKE_SYMLINK_INSTALL=1 -DCMAKE_INSTALL_PREFIX=/home/tigertronics/mecanum_ws_v2/install/duck_operations
[0.200s] -- Found ament_cmake: 2.5.5 (/opt/ros/jazzy/share/ament_cmake/cmake)
[0.866s] -- Override CMake install command with custom implementation using symlinks instead of copying resources
[0.896s] -- Found rclcpp: 28.1.16 (/opt/ros/jazzy/share/rclcpp/cmake)
[1.020s] -- Found rosidl_generator_c: 4.6.7 (/opt/ros/jazzy/share/rosidl_generator_c/cmake)
[1.041s] -- Found rosidl_generator_cpp: 4.6.7 (/opt/ros/jazzy/share/rosidl_generator_cpp/cmake)
[1.100s] -- Using all available rosidl_typesupport_c: rosidl_typesupport_fastrtps_c;rosidl_typesupport_introspection_c
[1.148s] -- Using all available rosidl_typesupport_cpp: rosidl_typesupport_fastrtps_cpp;rosidl_typesupport_introspection_cpp
[1.344s] -- Found rmw_implementation_cmake: 7.3.3 (/opt/ros/jazzy/share/rmw_implementation_cmake/cmake)
[1.357s] -- Found rmw_fastrtps_cpp: 8.4.3 (/opt/ros/jazzy/share/rmw_fastrtps_cpp/cmake)
[1.558s] -- Using RMW implementation 'rmw_fastrtps_cpp' as default
[1.762s] -- Found geometry_msgs: 5.3.6 (/opt/ros/jazzy/share/geometry_msgs/cmake)
[1.857s] -- Found sensor_msgs: 5.3.6 (/opt/ros/jazzy/share/sensor_msgs/cmake)
[2.039s] -- Found nav_msgs: 5.3.6 (/opt/ros/jazzy/share/nav_msgs/cmake)
[2.132s] -- Found tf2: 0.36.19 (/opt/ros/jazzy/share/tf2/cmake)
[2.156s] -- Found tf2_geometry_msgs: 0.36.19 (/opt/ros/jazzy/share/tf2_geometry_msgs/cmake)
[2.177s] -- Found eigen3_cmake_module: 0.3.0 (/opt/ros/jazzy/share/eigen3_cmake_module/cmake)
[2.181s] -- Ensuring Eigen3 include directory is part of orocos-kdl CMake target
[2.457s] -- Found cv_bridge: 4.1.0 (/opt/ros/jazzy/share/cv_bridge/cmake)
[2.500s] -- Found image_transport: 5.1.7 (/opt/ros/jazzy/share/image_transport/cmake)
[2.827s] -- Configuring done (2.7s)
[2.923s] -- Generating done (0.1s)
[2.949s] -- Build files have been written to: /home/tigertronics/mecanum_ws_v2/build/duck_operations
[2.973s] Invoked command in '/home/tigertronics/mecanum_ws_v2/build/duck_operations' returned '0': CMAKE_PREFIX_PATH=${CMAKE_PREFIX_PATH}:/home/tigertronics/testing_ws/install/rqt_joint_trajectory_controller:/home/tigertronics/testing_ws/install/rqt_controller_manager:/home/tigertronics/testing_ws/install/ros2controlcli:/home/tigertronics/testing_ws/install/ros2_controllers_test_nodes:/opt/ros/jazzy DEBUGINFOD_URLS=https://debuginfod.ubuntu.com /usr/bin/cmake /home/tigertronics/mecanum_ws_v2/src/duck_operations -DAMENT_CMAKE_SYMLINK_INSTALL=1 -DCMAKE_INSTALL_PREFIX=/home/tigertronics/mecanum_ws_v2/install/duck_operations
[2.976s] Invoking command in '/home/tigertronics/mecanum_ws_v2/build/duck_operations': CMAKE_PREFIX_PATH=${CMAKE_PREFIX_PATH}:/home/tigertronics/testing_ws/install/rqt_joint_trajectory_controller:/home/tigertronics/testing_ws/install/rqt_controller_manager:/home/tigertronics/testing_ws/install/ros2controlcli:/home/tigertronics/testing_ws/install/ros2_controllers_test_nodes:/opt/ros/jazzy DEBUGINFOD_URLS=https://debuginfod.ubuntu.com /usr/bin/cmake --build /home/tigertronics/mecanum_ws_v2/build/duck_operations -- -j4 -l4
[3.202s] [ 50%] Built target plow_controller_node
[3.222s] [100%] Built target duck_detector_node
[3.260s] Invoked command in '/home/tigertronics/mecanum_ws_v2/build/duck_operations' returned '0': CMAKE_PREFIX_PATH=${CMAKE_PREFIX_PATH}:/home/tigertronics/testing_ws/install/rqt_joint_trajectory_controller:/home/tigertronics/testing_ws/install/rqt_controller_manager:/home/tigertronics/testing_ws/install/ros2controlcli:/home/tigertronics/testing_ws/install/ros2_controllers_test_nodes:/opt/ros/jazzy DEBUGINFOD_URLS=https://debuginfod.ubuntu.com /usr/bin/cmake --build /home/tigertronics/mecanum_ws_v2/build/duck_operations -- -j4 -l4
[3.263s] Invoking command in '/home/tigertronics/mecanum_ws_v2/build/duck_operations': CMAKE_PREFIX_PATH=${CMAKE_PREFIX_PATH}:/home/tigertronics/testing_ws/install/rqt_joint_trajectory_controller:/home/tigertronics/testing_ws/install/rqt_controller_manager:/home/tigertronics/testing_ws/install/ros2controlcli:/home/tigertronics/testing_ws/install/ros2_controllers_test_nodes:/opt/ros/jazzy DEBUGINFOD_URLS=https://debuginfod.ubuntu.com /usr/bin/cmake --install /home/tigertronics/mecanum_ws_v2/build/duck_operations
[3.292s] -- Install configuration: "Release"
[3.292s] -- Execute custom install script
[3.300s] -- Up-to-date symlink: /home/tigertronics/mecanum_ws_v2/install/duck_operations/lib/duck_operations/duck_detector_node
[3.302s] -- Up-to-date symlink: /home/tigertronics/mecanum_ws_v2/install/duck_operations/lib/duck_operations/plow_controller_node
[3.302s] -- Up-to-date symlink: /home/tigertronics/mecanum_ws_v2/install/duck_operations/include/duck_operations/duck_detector_node.hpp
[3.302s] -- Up-to-date symlink: /home/tigertronics/mecanum_ws_v2/install/duck_operations/include/duck_operations/plow_controller_node.hpp
[3.304s] -- Up-to-date symlink: /home/tigertronics/mecanum_ws_v2/install/duck_operations/share/ament_index/resource_index/package_run_dependencies/duck_operations
[3.307s] -- Up-to-date symlink: /home/tigertronics/mecanum_ws_v2/install/duck_operations/share/ament_index/resource_index/parent_prefix_path/duck_operations
[3.310s] -- Up-to-date symlink: /home/tigertronics/mecanum_ws_v2/install/duck_operations/share/duck_operations/environment/ament_prefix_path.sh
[3.311s] -- Up-to-date symlink: /home/tigertronics/mecanum_ws_v2/install/duck_operations/share/duck_operations/environment/ament_prefix_path.dsv
[3.314s] -- Up-to-date symlink: /home/tigertronics/mecanum_ws_v2/install/duck_operations/share/duck_operations/environment/path.sh
[3.315s] -- Up-to-date symlink: /home/tigertronics/mecanum_ws_v2/install/duck_operations/share/duck_operations/environment/path.dsv
[3.316s] -- Up-to-date symlink: /home/tigertronics/mecanum_ws_v2/install/duck_operations/share/duck_operations/local_setup.bash
[3.317s] -- Up-to-date symlink: /home/tigertronics/mecanum_ws_v2/install/duck_operations/share/duck_operations/local_setup.sh
[3.318s] -- Up-to-date symlink: /home/tigertronics/mecanum_ws_v2/install/duck_operations/share/duck_operations/local_setup.zsh
[3.319s] -- Up-to-date symlink: /home/tigertronics/mecanum_ws_v2/install/duck_operations/share/duck_operations/local_setup.dsv
[3.320s] -- Symlinking: /home/tigertronics/mecanum_ws_v2/install/duck_operations/share/duck_operations/package.dsv
[3.359s] -- Up-to-date symlink: /home/tigertronics/mecanum_ws_v2/install/duck_operations/share/ament_index/resource_index/packages/duck_operations
[3.360s] -- Up-to-date symlink: /home/tigertronics/mecanum_ws_v2/install/duck_operations/share/duck_operations/cmake/duck_operationsConfig.cmake
[3.363s] -- Up-to-date symlink: /home/tigertronics/mecanum_ws_v2/install/duck_operations/share/duck_operations/cmake/duck_operationsConfig-version.cmake
[3.366s] -- Up-to-date symlink: /home/tigertronics/mecanum_ws_v2/install/duck_operations/share/duck_operations/package.xml
[3.374s] Invoked command in '/home/tigertronics/mecanum_ws_v2/build/duck_operations' returned '0': CMAKE_PREFIX_PATH=${CMAKE_PREFIX_PATH}:/home/tigertronics/testing_ws/install/rqt_joint_trajectory_controller:/home/tigertronics/testing_ws/install/rqt_controller_manager:/home/tigertronics/testing_ws/install/ros2controlcli:/home/tigertronics/testing_ws/install/ros2_controllers_test_nodes:/opt/ros/jazzy DEBUGINFOD_URLS=https://debuginfod.ubuntu.com /usr/bin/cmake --install /home/tigertronics/mecanum_ws_v2/build/duck_operations
