-- Install configuration: "Release"
-- Execute custom install script
-- Up-to-date symlink: /home/tigertronics/mecanum_ws_v2/install/mecanum_description/share/mecanum_description/urdf/mecanum_robot.urdf.xacro
-- Up-to-date symlink: /home/tigertronics/mecanum_ws_v2/install/mecanum_description/share/mecanum_description/urdf/ros2_control.xacro
-- Up-to-date symlink: /home/tigertronics/mecanum_ws_v2/install/mecanum_description/share/mecanum_description/urdf/sensors.xacro
-- Up-to-date symlink: /home/tigertronics/mecanum_ws_v2/install/mecanum_description/share/ament_index/resource_index/package_run_dependencies/mecanum_description
-- Up-to-date symlink: /home/tigertronics/mecanum_ws_v2/install/mecanum_description/share/ament_index/resource_index/parent_prefix_path/mecanum_description
-- Up-to-date symlink: /home/tigertronics/mecanum_ws_v2/install/mecanum_description/share/mecanum_description/environment/ament_prefix_path.sh
-- Up-to-date symlink: /home/tigertronics/mecanum_ws_v2/install/mecanum_description/share/mecanum_description/environment/ament_prefix_path.dsv
-- Up-to-date symlink: /home/tigertronics/mecanum_ws_v2/install/mecanum_description/share/mecanum_description/environment/path.sh
-- Up-to-date symlink: /home/tigertronics/mecanum_ws_v2/install/mecanum_description/share/mecanum_description/environment/path.dsv
-- Up-to-date symlink: /home/tigertronics/mecanum_ws_v2/install/mecanum_description/share/mecanum_description/local_setup.bash
-- Up-to-date symlink: /home/tigertronics/mecanum_ws_v2/install/mecanum_description/share/mecanum_description/local_setup.sh
-- Up-to-date symlink: /home/tigertronics/mecanum_ws_v2/install/mecanum_description/share/mecanum_description/local_setup.zsh
-- Up-to-date symlink: /home/tigertronics/mecanum_ws_v2/install/mecanum_description/share/mecanum_description/local_setup.dsv
-- Symlinking: /home/tigertronics/mecanum_ws_v2/install/mecanum_description/share/mecanum_description/package.dsv
-- Up-to-date symlink: /home/tigertronics/mecanum_ws_v2/install/mecanum_description/share/ament_index/resource_index/packages/mecanum_description
-- Up-to-date symlink: /home/tigertronics/mecanum_ws_v2/install/mecanum_description/share/mecanum_description/cmake/mecanum_descriptionConfig.cmake
-- Up-to-date symlink: /home/tigertronics/mecanum_ws_v2/install/mecanum_description/share/mecanum_description/cmake/mecanum_descriptionConfig-version.cmake
-- Up-to-date symlink: /home/tigertronics/mecanum_ws_v2/install/mecanum_description/share/mecanum_description/package.xml
