[0.042s] Invoking command in '/home/tigertronics/mecanum_ws_v2/build/mecanum_hardware': CMAKE_PREFIX_PATH=${CMAKE_PREFIX_PATH}:/home/tigertronics/testing_ws/install/rqt_joint_trajectory_controller:/home/tigertronics/testing_ws/install/rqt_controller_manager:/home/tigertronics/testing_ws/install/ros2controlcli:/home/tigertronics/testing_ws/install/ros2_controllers_test_nodes:/opt/ros/jazzy DEBUGINFOD_URLS=https://debuginfod.ubuntu.com /usr/bin/cmake --build /home/tigertronics/mecanum_ws_v2/build/mecanum_hardware -- -j4 -l4
[0.888s] [100%] Built target mecanum_hardware
[0.973s] Invoked command in '/home/tigertronics/mecanum_ws_v2/build/mecanum_hardware' returned '0': CMAKE_PREFIX_PATH=${CMAKE_PREFIX_PATH}:/home/tigertronics/testing_ws/install/rqt_joint_trajectory_controller:/home/tigertronics/testing_ws/install/rqt_controller_manager:/home/tigertronics/testing_ws/install/ros2controlcli:/home/tigertronics/testing_ws/install/ros2_controllers_test_nodes:/opt/ros/jazzy DEBUGINFOD_URLS=https://debuginfod.ubuntu.com /usr/bin/cmake --build /home/tigertronics/mecanum_ws_v2/build/mecanum_hardware -- -j4 -l4
[0.979s] Invoking command in '/home/tigertronics/mecanum_ws_v2/build/mecanum_hardware': CMAKE_PREFIX_PATH=${CMAKE_PREFIX_PATH}:/home/tigertronics/testing_ws/install/rqt_joint_trajectory_controller:/home/tigertronics/testing_ws/install/rqt_controller_manager:/home/tigertronics/testing_ws/install/ros2controlcli:/home/tigertronics/testing_ws/install/ros2_controllers_test_nodes:/opt/ros/jazzy DEBUGINFOD_URLS=https://debuginfod.ubuntu.com /usr/bin/cmake --install /home/tigertronics/mecanum_ws_v2/build/mecanum_hardware
[1.045s] -- Install configuration: "Release"
[1.050s] -- Execute custom install script
[1.058s] -- Up-to-date symlink: /home/tigertronics/mecanum_ws_v2/install/mecanum_hardware/share/mecanum_hardware//mecanum_hardware_plugin.xml
[1.061s] -- Up-to-date symlink: /home/tigertronics/mecanum_ws_v2/install/mecanum_hardware/lib/libmecanum_hardware.so
[1.071s] -- Up-to-date symlink: /home/tigertronics/mecanum_ws_v2/install/mecanum_hardware/include/mecanum_hardware/encoder_reader.hpp
[1.073s] -- Up-to-date symlink: /home/tigertronics/mecanum_ws_v2/install/mecanum_hardware/include/mecanum_hardware/mec_system.hpp
[1.076s] -- Up-to-date symlink: /home/tigertronics/mecanum_ws_v2/install/mecanum_hardware/include/mecanum_hardware/motor_driver.hpp
[1.076s] -- Up-to-date symlink: /home/tigertronics/mecanum_ws_v2/install/mecanum_hardware/include/mecanum_hardware/serial_manager.hpp
[1.077s] -- Up-to-date symlink: /home/tigertronics/mecanum_ws_v2/install/mecanum_hardware/include/mecanum_hardware/serial_protocol_pi.hpp
[1.077s] -- Up-to-date symlink: /home/tigertronics/mecanum_ws_v2/install/mecanum_hardware/share/mecanum_hardware/mecanum_hardware_plugin.xml
[1.079s] -- Up-to-date symlink: /home/tigertronics/mecanum_ws_v2/install/mecanum_hardware/share/ament_index/resource_index/package_run_dependencies/mecanum_hardware
[1.081s] -- Up-to-date symlink: /home/tigertronics/mecanum_ws_v2/install/mecanum_hardware/share/ament_index/resource_index/parent_prefix_path/mecanum_hardware
[1.084s] -- Up-to-date symlink: /home/tigertronics/mecanum_ws_v2/install/mecanum_hardware/share/mecanum_hardware/environment/ament_prefix_path.sh
[1.090s] -- Up-to-date symlink: /home/tigertronics/mecanum_ws_v2/install/mecanum_hardware/share/mecanum_hardware/environment/ament_prefix_path.dsv
[1.090s] -- Up-to-date symlink: /home/tigertronics/mecanum_ws_v2/install/mecanum_hardware/share/mecanum_hardware/environment/path.sh
[1.090s] -- Up-to-date symlink: /home/tigertronics/mecanum_ws_v2/install/mecanum_hardware/share/mecanum_hardware/environment/path.dsv
[1.091s] -- Up-to-date symlink: /home/tigertronics/mecanum_ws_v2/install/mecanum_hardware/share/mecanum_hardware/local_setup.bash
[1.091s] -- Up-to-date symlink: /home/tigertronics/mecanum_ws_v2/install/mecanum_hardware/share/mecanum_hardware/local_setup.sh
[1.091s] -- Up-to-date symlink: /home/tigertronics/mecanum_ws_v2/install/mecanum_hardware/share/mecanum_hardware/local_setup.zsh
[1.092s] -- Up-to-date symlink: /home/tigertronics/mecanum_ws_v2/install/mecanum_hardware/share/mecanum_hardware/local_setup.dsv
[1.093s] -- Symlinking: /home/tigertronics/mecanum_ws_v2/install/mecanum_hardware/share/mecanum_hardware/package.dsv
[1.149s] -- Up-to-date symlink: /home/tigertronics/mecanum_ws_v2/install/mecanum_hardware/share/ament_index/resource_index/packages/mecanum_hardware
[1.149s] -- Up-to-date symlink: /home/tigertronics/mecanum_ws_v2/install/mecanum_hardware/share/ament_index/resource_index/hardware_interface__pluginlib__plugin/mecanum_hardware
[1.150s] -- Up-to-date symlink: /home/tigertronics/mecanum_ws_v2/install/mecanum_hardware/share/mecanum_hardware/cmake/mecanum_hardwareConfig.cmake
[1.151s] -- Up-to-date symlink: /home/tigertronics/mecanum_ws_v2/install/mecanum_hardware/share/mecanum_hardware/cmake/mecanum_hardwareConfig-version.cmake
[1.151s] -- Up-to-date symlink: /home/tigertronics/mecanum_ws_v2/install/mecanum_hardware/share/mecanum_hardware/package.xml
[1.216s] Invoked command in '/home/tigertronics/mecanum_ws_v2/build/mecanum_hardware' returned '0': CMAKE_PREFIX_PATH=${CMAKE_PREFIX_PATH}:/home/tigertronics/testing_ws/install/rqt_joint_trajectory_controller:/home/tigertronics/testing_ws/install/rqt_controller_manager:/home/tigertronics/testing_ws/install/ros2controlcli:/home/tigertronics/testing_ws/install/ros2_controllers_test_nodes:/opt/ros/jazzy DEBUGINFOD_URLS=https://debuginfod.ubuntu.com /usr/bin/cmake --install /home/tigertronics/mecanum_ws_v2/build/mecanum_hardware
