[0.091s] Invoking command in '/home/tigertronics/mecanum_ws_v2/build/attachment_interface': CMAKE_PREFIX_PATH=${CMAKE_PREFIX_PATH}:/home/tigertronics/testing_ws/install/rqt_joint_trajectory_controller:/home/tigertronics/testing_ws/install/rqt_controller_manager:/home/tigertronics/testing_ws/install/ros2controlcli:/home/tigertronics/testing_ws/install/ros2_controllers_test_nodes:/opt/ros/jazzy DEBUGINFOD_URLS=https://debuginfod.ubuntu.com /usr/bin/cmake --build /home/tigertronics/mecanum_ws_v2/build/attachment_interface -- -j4 -l4
[1.073s] [100%] Built target attachment_node
[1.182s] Invoked command in '/home/tigertronics/mecanum_ws_v2/build/attachment_interface' returned '0': CMAKE_PREFIX_PATH=${CMAKE_PREFIX_PATH}:/home/tigertronics/testing_ws/install/rqt_joint_trajectory_controller:/home/tigertronics/testing_ws/install/rqt_controller_manager:/home/tigertronics/testing_ws/install/ros2controlcli:/home/tigertronics/testing_ws/install/ros2_controllers_test_nodes:/opt/ros/jazzy DEBUGINFOD_URLS=https://debuginfod.ubuntu.com /usr/bin/cmake --build /home/tigertronics/mecanum_ws_v2/build/attachment_interface -- -j4 -l4
[1.186s] Invoking command in '/home/tigertronics/mecanum_ws_v2/build/attachment_interface': CMAKE_PREFIX_PATH=${CMAKE_PREFIX_PATH}:/home/tigertronics/testing_ws/install/rqt_joint_trajectory_controller:/home/tigertronics/testing_ws/install/rqt_controller_manager:/home/tigertronics/testing_ws/install/ros2controlcli:/home/tigertronics/testing_ws/install/ros2_controllers_test_nodes:/opt/ros/jazzy DEBUGINFOD_URLS=https://debuginfod.ubuntu.com /usr/bin/cmake --install /home/tigertronics/mecanum_ws_v2/build/attachment_interface
[1.222s] -- Install configuration: "Release"
[1.223s] -- Execute custom install script
[1.230s] -- Up-to-date symlink: /home/tigertronics/mecanum_ws_v2/install/attachment_interface/lib/attachment_interface/attachment_node
[1.233s] -- Up-to-date symlink: /home/tigertronics/mecanum_ws_v2/install/attachment_interface/include/attachment_interface/attachment_node.hpp
[1.237s] -- Up-to-date symlink: /home/tigertronics/mecanum_ws_v2/install/attachment_interface/share/ament_index/resource_index/package_run_dependencies/attachment_interface
[1.238s] -- Up-to-date symlink: /home/tigertronics/mecanum_ws_v2/install/attachment_interface/share/ament_index/resource_index/parent_prefix_path/attachment_interface
[1.240s] -- Up-to-date symlink: /home/tigertronics/mecanum_ws_v2/install/attachment_interface/share/attachment_interface/environment/ament_prefix_path.sh
[1.241s] -- Up-to-date symlink: /home/tigertronics/mecanum_ws_v2/install/attachment_interface/share/attachment_interface/environment/ament_prefix_path.dsv
[1.243s] -- Up-to-date symlink: /home/tigertronics/mecanum_ws_v2/install/attachment_interface/share/attachment_interface/environment/path.sh
[1.243s] -- Up-to-date symlink: /home/tigertronics/mecanum_ws_v2/install/attachment_interface/share/attachment_interface/environment/path.dsv
[1.243s] -- Up-to-date symlink: /home/tigertronics/mecanum_ws_v2/install/attachment_interface/share/attachment_interface/local_setup.bash
[1.243s] -- Up-to-date symlink: /home/tigertronics/mecanum_ws_v2/install/attachment_interface/share/attachment_interface/local_setup.sh
[1.245s] -- Up-to-date symlink: /home/tigertronics/mecanum_ws_v2/install/attachment_interface/share/attachment_interface/local_setup.zsh
[1.245s] -- Up-to-date symlink: /home/tigertronics/mecanum_ws_v2/install/attachment_interface/share/attachment_interface/local_setup.dsv
[1.245s] -- Symlinking: /home/tigertronics/mecanum_ws_v2/install/attachment_interface/share/attachment_interface/package.dsv
[1.279s] -- Up-to-date symlink: /home/tigertronics/mecanum_ws_v2/install/attachment_interface/share/ament_index/resource_index/packages/attachment_interface
[1.281s] -- Up-to-date symlink: /home/tigertronics/mecanum_ws_v2/install/attachment_interface/share/attachment_interface/cmake/attachment_interfaceConfig.cmake
[1.282s] -- Up-to-date symlink: /home/tigertronics/mecanum_ws_v2/install/attachment_interface/share/attachment_interface/cmake/attachment_interfaceConfig-version.cmake
[1.283s] -- Up-to-date symlink: /home/tigertronics/mecanum_ws_v2/install/attachment_interface/share/attachment_interface/package.xml
[1.288s] Invoked command in '/home/tigertronics/mecanum_ws_v2/build/attachment_interface' returned '0': CMAKE_PREFIX_PATH=${CMAKE_PREFIX_PATH}:/home/tigertronics/testing_ws/install/rqt_joint_trajectory_controller:/home/tigertronics/testing_ws/install/rqt_controller_manager:/home/tigertronics/testing_ws/install/ros2controlcli:/home/tigertronics/testing_ws/install/ros2_controllers_test_nodes:/opt/ros/jazzy DEBUGINFOD_URLS=https://debuginfod.ubuntu.com /usr/bin/cmake --install /home/tigertronics/mecanum_ws_v2/build/attachment_interface
