[0.072s] Invoking command in '/home/tigertronics/mecanum_ws_v2/build/mecanum_description': DEBUGINFOD_URLS=https://debuginfod.ubuntu.com /usr/bin/cmake /home/tigertronics/mecanum_ws_v2/src/mecanum_description -DCMAKE_INSTALL_PREFIX=/home/tigertronics/mecanum_ws_v2/install/mecanum_description
[0.114s] -- Found ament_cmake: 2.5.5 (/opt/ros/jazzy/share/ament_cmake/cmake)
[1.640s] Error parsing '/home/tigertronics/mecanum_ws_v2/src/mecanum_description/package.xml':
[51.655s] Traceback (most recent call last):
[51.660s]   File "/opt/ros/jazzy/share/ament_cmake_core/cmake/core/package_xml_2_cmake.py", line 150, in <module>
[51.665s]     main()
[51.665s]   File "/opt/ros/jazzy/share/ament_cmake_core/cmake/core/package_xml_2_cmake.py", line 53, in main
[51.666s]     raise e
[51.666s]   File "/opt/ros/jazzy/share/ament_cmake_core/cmake/core/package_xml_2_cmake.py", line 49, in main
[51.666s]     package = parse_package_string(
[51.666s]               ^^^^^^^^^^^^^^^^^^^^^
[51.669s]   File "/usr/lib/python3/dist-packages/catkin_pkg/package.py", line 630, in parse_package_string
[51.669s]     pkg.name = _get_node_value(_get_node(root, 'name', filename))
[51.670s]                                ^^^^^^^^^^^^^^^^^^^^^^^^^^^^^^^^^
[51.670s]   File "/usr/lib/python3/dist-packages/catkin_pkg/package.py", line 800, in _get_node
[51.670s]     raise InvalidPackage('The manifest must contain exactly one "%s" tag' % tagname, filename)
[51.675s] catkin_pkg.package.InvalidPackage: Error(s) in package '/home/tigertronics/mecanum_ws_v2/src/mecanum_description/package.xml':
[51.676s] The manifest must contain exactly one "name" tag
[52.847s] [31mCMake Error at /opt/ros/jazzy/share/ament_cmake_core/cmake/core/ament_package_xml.cmake:95 (message):
[52.868s]   execute_process(/usr/bin/python3
[52.903s]   /opt/ros/jazzy/share/ament_cmake_core/cmake/core/package_xml_2_cmake.py
[52.912s]   /home/tigertronics/mecanum_ws_v2/src/mecanum_description/package.xml
[52.923s]   /home/tigertronics/mecanum_ws_v2/build/mecanum_description/ament_cmake_core/package.cmake)
[52.927s]   returned error code 1
[52.943s] Call Stack (most recent call first):
[52.945s]   /opt/ros/jazzy/share/ament_cmake_core/cmake/core/ament_package_xml.cmake:49 (_ament_package_xml)
[52.945s]   /opt/ros/jazzy/share/ament_cmake_core/cmake/core/ament_package.cmake:63 (ament_package_xml)
[52.946s]   CMakeLists.txt:5 (ament_package)
[52.947s] 
[52.949s] [0m
[52.950s] -- Configuring incomplete, errors occurred!
[53.052s] Invoked command in '/home/tigertronics/mecanum_ws_v2/build/mecanum_description' returned '1': DEBUGINFOD_URLS=https://debuginfod.ubuntu.com /usr/bin/cmake /home/tigertronics/mecanum_ws_v2/src/mecanum_description -DCMAKE_INSTALL_PREFIX=/home/tigertronics/mecanum_ws_v2/install/mecanum_description
