[0.085s] Invoking command in '/home/tigertronics/mecanum_ws_v2/build/mecanum_bringup': CMAKE_PREFIX_PATH=${CMAKE_PREFIX_PATH}:/home/tigertronics/testing_ws/install/rqt_joint_trajectory_controller:/home/tigertronics/testing_ws/install/rqt_controller_manager:/home/tigertronics/testing_ws/install/ros2controlcli:/home/tigertronics/testing_ws/install/ros2_controllers_test_nodes:/opt/ros/jazzy DEBUGINFOD_URLS=https://debuginfod.ubuntu.com /usr/bin/cmake /home/tigertronics/mecanum_ws_v2/src/mecanum_bringup -DAMENT_CMAKE_SYMLINK_INSTALL=1 -DCMAKE_INSTALL_PREFIX=/home/tigertronics/mecanum_ws_v2/install/mecanum_bringup
[0.185s] -- Found ament_cmake: 2.5.5 (/opt/ros/jazzy/share/ament_cmake/cmake)
[0.815s] -- Override CMake install command with custom implementation using symlinks instead of copying resources
[1.140s] -- Configuring done (1.0s)
[1.172s] -- Generating done (0.0s)
[1.185s] -- Build files have been written to: /home/tigertronics/mecanum_ws_v2/build/mecanum_bringup
[1.207s] Invoked command in '/home/tigertronics/mecanum_ws_v2/build/mecanum_bringup' returned '0': CMAKE_PREFIX_PATH=${CMAKE_PREFIX_PATH}:/home/tigertronics/testing_ws/install/rqt_joint_trajectory_controller:/home/tigertronics/testing_ws/install/rqt_controller_manager:/home/tigertronics/testing_ws/install/ros2controlcli:/home/tigertronics/testing_ws/install/ros2_controllers_test_nodes:/opt/ros/jazzy DEBUGINFOD_URLS=https://debuginfod.ubuntu.com /usr/bin/cmake /home/tigertronics/mecanum_ws_v2/src/mecanum_bringup -DAMENT_CMAKE_SYMLINK_INSTALL=1 -DCMAKE_INSTALL_PREFIX=/home/tigertronics/mecanum_ws_v2/install/mecanum_bringup
[1.210s] Invoking command in '/home/tigertronics/mecanum_ws_v2/build/mecanum_bringup': CMAKE_PREFIX_PATH=${CMAKE_PREFIX_PATH}:/home/tigertronics/testing_ws/install/rqt_joint_trajectory_controller:/home/tigertronics/testing_ws/install/rqt_controller_manager:/home/tigertronics/testing_ws/install/ros2controlcli:/home/tigertronics/testing_ws/install/ros2_controllers_test_nodes:/opt/ros/jazzy DEBUGINFOD_URLS=https://debuginfod.ubuntu.com /usr/bin/cmake --build /home/tigertronics/mecanum_ws_v2/build/mecanum_bringup -- -j4 -l4
[1.382s] Invoked command in '/home/tigertronics/mecanum_ws_v2/build/mecanum_bringup' returned '0': CMAKE_PREFIX_PATH=${CMAKE_PREFIX_PATH}:/home/tigertronics/testing_ws/install/rqt_joint_trajectory_controller:/home/tigertronics/testing_ws/install/rqt_controller_manager:/home/tigertronics/testing_ws/install/ros2controlcli:/home/tigertronics/testing_ws/install/ros2_controllers_test_nodes:/opt/ros/jazzy DEBUGINFOD_URLS=https://debuginfod.ubuntu.com /usr/bin/cmake --build /home/tigertronics/mecanum_ws_v2/build/mecanum_bringup -- -j4 -l4
[1.386s] Invoking command in '/home/tigertronics/mecanum_ws_v2/build/mecanum_bringup': CMAKE_PREFIX_PATH=${CMAKE_PREFIX_PATH}:/home/tigertronics/testing_ws/install/rqt_joint_trajectory_controller:/home/tigertronics/testing_ws/install/rqt_controller_manager:/home/tigertronics/testing_ws/install/ros2controlcli:/home/tigertronics/testing_ws/install/ros2_controllers_test_nodes:/opt/ros/jazzy DEBUGINFOD_URLS=https://debuginfod.ubuntu.com /usr/bin/cmake --install /home/tigertronics/mecanum_ws_v2/build/mecanum_bringup
[1.416s] -- Install configuration: "Release"
[1.417s] -- Execute custom install script
[1.429s] -- Up-to-date symlink: /home/tigertronics/mecanum_ws_v2/install/mecanum_bringup/share/mecanum_bringup/launch/full_mission.launch.py
[1.430s] -- Up-to-date symlink: /home/tigertronics/mecanum_ws_v2/install/mecanum_bringup/share/mecanum_bringup/launch/localization.launch.py
[1.430s] -- Up-to-date symlink: /home/tigertronics/mecanum_ws_v2/install/mecanum_bringup/share/mecanum_bringup/launch/mission.launch.py
[1.433s] -- Up-to-date symlink: /home/tigertronics/mecanum_ws_v2/install/mecanum_bringup/share/mecanum_bringup/launch/navigation.launch.py
[1.434s] -- Up-to-date symlink: /home/tigertronics/mecanum_ws_v2/install/mecanum_bringup/share/mecanum_bringup/launch/robot.launch.py
[1.439s] -- Up-to-date symlink: /home/tigertronics/mecanum_ws_v2/install/mecanum_bringup/share/mecanum_bringup/config/arena_positions.yaml
[1.440s] -- Up-to-date symlink: /home/tigertronics/mecanum_ws_v2/install/mecanum_bringup/share/mecanum_bringup/config/controllers.yaml
[1.441s] -- Up-to-date symlink: /home/tigertronics/mecanum_ws_v2/install/mecanum_bringup/share/mecanum_bringup/config/ekf.yaml
[1.442s] -- Up-to-date symlink: /home/tigertronics/mecanum_ws_v2/install/mecanum_bringup/share/mecanum_bringup/config/nav2_params.yaml
[1.442s] -- Up-to-date symlink: /home/tigertronics/mecanum_ws_v2/install/mecanum_bringup/share/mecanum_bringup/config/sensor_calibration.yaml
[1.444s] -- Up-to-date symlink: /home/tigertronics/mecanum_ws_v2/install/mecanum_bringup/share/mecanum_bringup/config/white_lines.yaml
[1.449s] -- Up-to-date symlink: /home/tigertronics/mecanum_ws_v2/install/mecanum_bringup/share/mecanum_bringup/map/arena_map.pgm
[1.449s] -- Up-to-date symlink: /home/tigertronics/mecanum_ws_v2/install/mecanum_bringup/share/mecanum_bringup/map/arena_map.yaml
[1.449s] -- Up-to-date symlink: /home/tigertronics/mecanum_ws_v2/install/mecanum_bringup/share/mecanum_bringup/map/generate_arena_map.py
[1.451s] -- Up-to-date symlink: /home/tigertronics/mecanum_ws_v2/install/mecanum_bringup/share/mecanum_bringup/calibration/forward_camera.yaml
[1.454s] -- Up-to-date symlink: /home/tigertronics/mecanum_ws_v2/install/mecanum_bringup/share/ament_index/resource_index/package_run_dependencies/mecanum_bringup
[1.455s] -- Up-to-date symlink: /home/tigertronics/mecanum_ws_v2/install/mecanum_bringup/share/ament_index/resource_index/parent_prefix_path/mecanum_bringup
[1.455s] -- Up-to-date symlink: /home/tigertronics/mecanum_ws_v2/install/mecanum_bringup/share/mecanum_bringup/environment/ament_prefix_path.sh
[1.461s] -- Up-to-date symlink: /home/tigertronics/mecanum_ws_v2/install/mecanum_bringup/share/mecanum_bringup/environment/ament_prefix_path.dsv
[1.462s] -- Up-to-date symlink: /home/tigertronics/mecanum_ws_v2/install/mecanum_bringup/share/mecanum_bringup/environment/path.sh
[1.462s] -- Up-to-date symlink: /home/tigertronics/mecanum_ws_v2/install/mecanum_bringup/share/mecanum_bringup/environment/path.dsv
[1.462s] -- Up-to-date symlink: /home/tigertronics/mecanum_ws_v2/install/mecanum_bringup/share/mecanum_bringup/local_setup.bash
[1.462s] -- Up-to-date symlink: /home/tigertronics/mecanum_ws_v2/install/mecanum_bringup/share/mecanum_bringup/local_setup.sh
[1.468s] -- Up-to-date symlink: /home/tigertronics/mecanum_ws_v2/install/mecanum_bringup/share/mecanum_bringup/local_setup.zsh
[1.468s] -- Up-to-date symlink: /home/tigertronics/mecanum_ws_v2/install/mecanum_bringup/share/mecanum_bringup/local_setup.dsv
[1.468s] -- Symlinking: /home/tigertronics/mecanum_ws_v2/install/mecanum_bringup/share/mecanum_bringup/package.dsv
[1.512s] -- Up-to-date symlink: /home/tigertronics/mecanum_ws_v2/install/mecanum_bringup/share/ament_index/resource_index/packages/mecanum_bringup
[1.515s] -- Up-to-date symlink: /home/tigertronics/mecanum_ws_v2/install/mecanum_bringup/share/mecanum_bringup/cmake/mecanum_bringupConfig.cmake
[1.516s] -- Up-to-date symlink: /home/tigertronics/mecanum_ws_v2/install/mecanum_bringup/share/mecanum_bringup/cmake/mecanum_bringupConfig-version.cmake
[1.517s] -- Up-to-date symlink: /home/tigertronics/mecanum_ws_v2/install/mecanum_bringup/share/mecanum_bringup/package.xml
[1.588s] Invoked command in '/home/tigertronics/mecanum_ws_v2/build/mecanum_bringup' returned '0': CMAKE_PREFIX_PATH=${CMAKE_PREFIX_PATH}:/home/tigertronics/testing_ws/install/rqt_joint_trajectory_controller:/home/tigertronics/testing_ws/install/rqt_controller_manager:/home/tigertronics/testing_ws/install/ros2controlcli:/home/tigertronics/testing_ws/install/ros2_controllers_test_nodes:/opt/ros/jazzy DEBUGINFOD_URLS=https://debuginfod.ubuntu.com /usr/bin/cmake --install /home/tigertronics/mecanum_ws_v2/build/mecanum_bringup
