-- Found ament_cmake: 2.5.5 (/opt/ros/jazzy/share/ament_cmake/cmake)
-- Override CMake install command with custom implementation using symlinks instead of copying resources
-- Found rclcpp: 28.1.16 (/opt/ros/jazzy/share/rclcpp/cmake)
-- Found rosidl_generator_c: 4.6.7 (/opt/ros/jazzy/share/rosidl_generator_c/cmake)
-- Found rosidl_generator_cpp: 4.6.7 (/opt/ros/jazzy/share/rosidl_generator_cpp/cmake)
-- Using all available rosidl_typesupport_c: rosidl_typesupport_fastrtps_c;rosidl_typesupport_introspection_c
-- Using all available rosidl_typesupport_cpp: rosidl_typesupport_fastrtps_cpp;rosidl_typesupport_introspection_cpp
-- Found rmw_implementation_cmake: 7.3.3 (/opt/ros/jazzy/share/rmw_implementation_cmake/cmake)
-- Found rmw_fastrtps_cpp: 8.4.3 (/opt/ros/jazzy/share/rmw_fastrtps_cpp/cmake)
-- Using RMW implementation 'rmw_fastrtps_cpp' as default
-- Found std_msgs: 5.3.6 (/opt/ros/jazzy/share/std_msgs/cmake)
-- Found sensor_msgs: 5.3.6 (/opt/ros/jazzy/share/sensor_msgs/cmake)
-- Found cv_bridge: 4.1.0 (/opt/ros/jazzy/share/cv_bridge/cmake)
-- Found image_transport: 5.1.7 (/opt/ros/jazzy/share/image_transport/cmake)
-- Configuring done (2.0s)
-- Generating done (0.1s)
-- Build files have been written to: /home/tigertronics/mecanum_ws_v2/build/mecanum_sensors
[ 33%] Built target teensy_bridge_node
[ 66%] Built target fixture_detector_node
[100%] Built target imu_node
-- Install configuration: ""
-- Execute custom install script
-- Up-to-date symlink: /home/tigertronics/mecanum_ws_v2/install/mecanum_sensors/lib/mecanum_sensors/teensy_bridge_node
-- Up-to-date symlink: /home/tigertronics/mecanum_ws_v2/install/mecanum_sensors/lib/mecanum_sensors/fixture_detector_node
-- Up-to-date symlink: /home/tigertronics/mecanum_ws_v2/install/mecanum_sensors/lib/mecanum_sensors/imu_node
-- Up-to-date symlink: /home/tigertronics/mecanum_ws_v2/install/mecanum_sensors/include/mecanum_sensors/fixture_detector_node.hpp
-- Up-to-date symlink: /home/tigertronics/mecanum_ws_v2/install/mecanum_sensors/include/mecanum_sensors/teensy_bridge_node.hpp
-- Up-to-date symlink: /home/tigertronics/mecanum_ws_v2/install/mecanum_sensors/share/ament_index/resource_index/package_run_dependencies/mecanum_sensors
-- Up-to-date symlink: /home/tigertronics/mecanum_ws_v2/install/mecanum_sensors/share/ament_index/resource_index/parent_prefix_path/mecanum_sensors
-- Up-to-date symlink: /home/tigertronics/mecanum_ws_v2/install/mecanum_sensors/share/mecanum_sensors/environment/ament_prefix_path.sh
-- Up-to-date symlink: /home/tigertronics/mecanum_ws_v2/install/mecanum_sensors/share/mecanum_sensors/environment/ament_prefix_path.dsv
-- Up-to-date symlink: /home/tigertronics/mecanum_ws_v2/install/mecanum_sensors/share/mecanum_sensors/environment/path.sh
-- Up-to-date symlink: /home/tigertronics/mecanum_ws_v2/install/mecanum_sensors/share/mecanum_sensors/environment/path.dsv
-- Up-to-date symlink: /home/tigertronics/mecanum_ws_v2/install/mecanum_sensors/share/mecanum_sensors/local_setup.bash
-- Up-to-date symlink: /home/tigertronics/mecanum_ws_v2/install/mecanum_sensors/share/mecanum_sensors/local_setup.sh
-- Up-to-date symlink: /home/tigertronics/mecanum_ws_v2/install/mecanum_sensors/share/mecanum_sensors/local_setup.zsh
-- Up-to-date symlink: /home/tigertronics/mecanum_ws_v2/install/mecanum_sensors/share/mecanum_sensors/local_setup.dsv
-- Symlinking: /home/tigertronics/mecanum_ws_v2/install/mecanum_sensors/share/mecanum_sensors/package.dsv
-- Up-to-date symlink: /home/tigertronics/mecanum_ws_v2/install/mecanum_sensors/share/ament_index/resource_index/packages/mecanum_sensors
-- Up-to-date symlink: /home/tigertronics/mecanum_ws_v2/install/mecanum_sensors/share/mecanum_sensors/cmake/mecanum_sensorsConfig.cmake
-- Up-to-date symlink: /home/tigertronics/mecanum_ws_v2/install/mecanum_sensors/share/mecanum_sensors/cmake/mecanum_sensorsConfig-version.cmake
-- Up-to-date symlink: /home/tigertronics/mecanum_ws_v2/install/mecanum_sensors/share/mecanum_sensors/package.xml
