[0.393s] DEBUG:colcon:Command line arguments: ['/usr/bin/colcon', 'build', '--symlink-install', '--packages-select', 'mecanum_sensors']
[0.393s] DEBUG:colcon:Parsed command line arguments: Namespace(log_base=None, log_level=None, verb_name='build', build_base='build', install_base='install', merge_install=False, symlink_install=True, test_result_base=None, continue_on_error=False, executor='parallel', parallel_workers=4, event_handlers=None, ignore_user_meta=False, metas=['./colcon.meta'], base_paths=['.'], packages_ignore=None, packages_ignore_regex=None, paths=None, packages_up_to=None, packages_up_to_regex=None, packages_above=None, packages_above_and_dependencies=None, packages_above_depth=None, packages_select_by_dep=None, packages_skip_by_dep=None, packages_skip_up_to=None, packages_select_build_failed=False, packages_skip_build_finished=False, packages_select_test_failures=False, packages_skip_test_passed=False, packages_select=['mecanum_sensors'], packages_skip=None, packages_select_regex=None, packages_skip_regex=None, packages_start=None, packages_end=None, allow_overriding=[], cmake_args=None, cmake_target=None, cmake_target_skip_unavailable=False, cmake_clean_cache=False, cmake_clean_first=False, cmake_force_configure=False, ament_cmake_args=None, catkin_cmake_args=None, catkin_skip_building_tests=False, mixin_files=None, mixin=None, verb_parser=<colcon_mixin.mixin.mixin_argument.MixinArgumentDecorator object at 0xffff85b9eb40>, verb_extension=<colcon_core.verb.build.BuildVerb object at 0xffff85d57440>, main=<bound method BuildVerb.main of <colcon_core.verb.build.BuildVerb object at 0xffff85d57440>>, mixin_verb=('build',))
[0.524s] Level 1:colcon.colcon_core.package_discovery:discover_packages(colcon_meta) check parameters
[0.525s] Level 1:colcon.colcon_core.package_discovery:discover_packages(recursive) check parameters
[0.525s] Level 1:colcon.colcon_core.package_discovery:discover_packages(ignore) check parameters
[0.525s] Level 1:colcon.colcon_core.package_discovery:discover_packages(path) check parameters
[0.525s] Level 1:colcon.colcon_core.package_discovery:discover_packages(colcon_meta) discover
[0.525s] Level 1:colcon.colcon_core.package_discovery:discover_packages(recursive) discover
[0.525s] INFO:colcon.colcon_core.package_discovery:Crawling recursively for packages in '/home/tigertronics/mecanum_ws_v2'
[0.525s] Level 1:colcon.colcon_core.package_identification:_identify(.) by extensions ['ignore', 'ignore_ament_install']
[0.525s] Level 1:colcon.colcon_core.package_identification:_identify(.) by extension 'ignore'
[0.525s] Level 1:colcon.colcon_core.package_identification:_identify(.) by extension 'ignore_ament_install'
[0.526s] Level 1:colcon.colcon_core.package_identification:_identify(.) by extensions ['colcon_pkg']
[0.526s] Level 1:colcon.colcon_core.package_identification:_identify(.) by extension 'colcon_pkg'
[0.526s] Level 1:colcon.colcon_core.package_identification:_identify(.) by extensions ['colcon_meta']
[0.526s] Level 1:colcon.colcon_core.package_identification:_identify(.) by extension 'colcon_meta'
[0.526s] Level 1:colcon.colcon_core.package_identification:_identify(.) by extensions ['ros']
[0.526s] Level 1:colcon.colcon_core.package_identification:_identify(.) by extension 'ros'
[0.591s] Level 1:colcon.colcon_core.package_identification:_identify(.) by extensions ['cmake', 'python']
[0.591s] Level 1:colcon.colcon_core.package_identification:_identify(.) by extension 'cmake'
[0.592s] Level 1:colcon.colcon_core.package_identification:_identify(.) by extension 'python'
[0.592s] Level 1:colcon.colcon_core.package_identification:_identify(.) by extensions ['python_setup_py']
[0.592s] Level 1:colcon.colcon_core.package_identification:_identify(.) by extension 'python_setup_py'
[0.592s] Level 1:colcon.colcon_core.package_identification:_identify(build) by extensions ['ignore', 'ignore_ament_install']
[0.592s] Level 1:colcon.colcon_core.package_identification:_identify(build) by extension 'ignore'
[0.592s] Level 1:colcon.colcon_core.package_identification:_identify(build) ignored
[0.592s] Level 1:colcon.colcon_core.package_identification:_identify(install) by extensions ['ignore', 'ignore_ament_install']
[0.592s] Level 1:colcon.colcon_core.package_identification:_identify(install) by extension 'ignore'
[0.592s] Level 1:colcon.colcon_core.package_identification:_identify(install) ignored
[0.593s] Level 1:colcon.colcon_core.package_identification:_identify(log) by extensions ['ignore', 'ignore_ament_install']
[0.593s] Level 1:colcon.colcon_core.package_identification:_identify(log) by extension 'ignore'
[0.593s] Level 1:colcon.colcon_core.package_identification:_identify(log) ignored
[0.593s] Level 1:colcon.colcon_core.package_identification:_identify(src) by extensions ['ignore', 'ignore_ament_install']
[0.593s] Level 1:colcon.colcon_core.package_identification:_identify(src) by extension 'ignore'
[0.593s] Level 1:colcon.colcon_core.package_identification:_identify(src) by extension 'ignore_ament_install'
[0.593s] Level 1:colcon.colcon_core.package_identification:_identify(src) by extensions ['colcon_pkg']
[0.593s] Level 1:colcon.colcon_core.package_identification:_identify(src) by extension 'colcon_pkg'
[0.593s] Level 1:colcon.colcon_core.package_identification:_identify(src) by extensions ['colcon_meta']
[0.593s] Level 1:colcon.colcon_core.package_identification:_identify(src) by extension 'colcon_meta'
[0.593s] Level 1:colcon.colcon_core.package_identification:_identify(src) by extensions ['ros']
[0.593s] Level 1:colcon.colcon_core.package_identification:_identify(src) by extension 'ros'
[0.593s] Level 1:colcon.colcon_core.package_identification:_identify(src) by extensions ['cmake', 'python']
[0.593s] Level 1:colcon.colcon_core.package_identification:_identify(src) by extension 'cmake'
[0.594s] Level 1:colcon.colcon_core.package_identification:_identify(src) by extension 'python'
[0.594s] Level 1:colcon.colcon_core.package_identification:_identify(src) by extensions ['python_setup_py']
[0.594s] Level 1:colcon.colcon_core.package_identification:_identify(src) by extension 'python_setup_py'
[0.594s] Level 1:colcon.colcon_core.package_identification:_identify(src/arduino_attachment) by extensions ['ignore', 'ignore_ament_install']
[0.594s] Level 1:colcon.colcon_core.package_identification:_identify(src/arduino_attachment) by extension 'ignore'
[0.594s] Level 1:colcon.colcon_core.package_identification:_identify(src/arduino_attachment) by extension 'ignore_ament_install'
[0.594s] Level 1:colcon.colcon_core.package_identification:_identify(src/arduino_attachment) by extensions ['colcon_pkg']
[0.594s] Level 1:colcon.colcon_core.package_identification:_identify(src/arduino_attachment) by extension 'colcon_pkg'
[0.594s] Level 1:colcon.colcon_core.package_identification:_identify(src/arduino_attachment) by extensions ['colcon_meta']
[0.594s] Level 1:colcon.colcon_core.package_identification:_identify(src/arduino_attachment) by extension 'colcon_meta'
[0.595s] Level 1:colcon.colcon_core.package_identification:_identify(src/arduino_attachment) by extensions ['ros']
[0.595s] Level 1:colcon.colcon_core.package_identification:_identify(src/arduino_attachment) by extension 'ros'
[0.595s] Level 1:colcon.colcon_core.package_identification:_identify(src/arduino_attachment) by extensions ['cmake', 'python']
[0.595s] Level 1:colcon.colcon_core.package_identification:_identify(src/arduino_attachment) by extension 'cmake'
[0.595s] Level 1:colcon.colcon_core.package_identification:_identify(src/arduino_attachment) by extension 'python'
[0.595s] Level 1:colcon.colcon_core.package_identification:_identify(src/arduino_attachment) by extensions ['python_setup_py']
[0.595s] Level 1:colcon.colcon_core.package_identification:_identify(src/arduino_attachment) by extension 'python_setup_py'
[0.595s] Level 1:colcon.colcon_core.package_identification:_identify(src/attachment_interface) by extensions ['ignore', 'ignore_ament_install']
[0.596s] Level 1:colcon.colcon_core.package_identification:_identify(src/attachment_interface) by extension 'ignore'
[0.596s] Level 1:colcon.colcon_core.package_identification:_identify(src/attachment_interface) by extension 'ignore_ament_install'
[0.596s] Level 1:colcon.colcon_core.package_identification:_identify(src/attachment_interface) by extensions ['colcon_pkg']
[0.596s] Level 1:colcon.colcon_core.package_identification:_identify(src/attachment_interface) by extension 'colcon_pkg'
[0.596s] Level 1:colcon.colcon_core.package_identification:_identify(src/attachment_interface) by extensions ['colcon_meta']
[0.596s] Level 1:colcon.colcon_core.package_identification:_identify(src/attachment_interface) by extension 'colcon_meta'
[0.596s] Level 1:colcon.colcon_core.package_identification:_identify(src/attachment_interface) by extensions ['ros']
[0.596s] Level 1:colcon.colcon_core.package_identification:_identify(src/attachment_interface) by extension 'ros'
[0.606s] DEBUG:colcon.colcon_core.package_identification:Package 'src/attachment_interface' with type 'ros.ament_cmake' and name 'attachment_interface'
[0.607s] Level 1:colcon.colcon_core.package_identification:_identify(src/duck_operations) by extensions ['ignore', 'ignore_ament_install']
[0.607s] Level 1:colcon.colcon_core.package_identification:_identify(src/duck_operations) by extension 'ignore'
[0.607s] Level 1:colcon.colcon_core.package_identification:_identify(src/duck_operations) by extension 'ignore_ament_install'
[0.607s] Level 1:colcon.colcon_core.package_identification:_identify(src/duck_operations) by extensions ['colcon_pkg']
[0.607s] Level 1:colcon.colcon_core.package_identification:_identify(src/duck_operations) by extension 'colcon_pkg'
[0.607s] Level 1:colcon.colcon_core.package_identification:_identify(src/duck_operations) by extensions ['colcon_meta']
[0.607s] Level 1:colcon.colcon_core.package_identification:_identify(src/duck_operations) by extension 'colcon_meta'
[0.607s] Level 1:colcon.colcon_core.package_identification:_identify(src/duck_operations) by extensions ['ros']
[0.608s] Level 1:colcon.colcon_core.package_identification:_identify(src/duck_operations) by extension 'ros'
[0.609s] DEBUG:colcon.colcon_core.package_identification:Package 'src/duck_operations' with type 'ros.ament_cmake' and name 'duck_operations'
[0.609s] Level 1:colcon.colcon_core.package_identification:_identify(src/mecanum_bringup) by extensions ['ignore', 'ignore_ament_install']
[0.609s] Level 1:colcon.colcon_core.package_identification:_identify(src/mecanum_bringup) by extension 'ignore'
[0.609s] Level 1:colcon.colcon_core.package_identification:_identify(src/mecanum_bringup) by extension 'ignore_ament_install'
[0.610s] Level 1:colcon.colcon_core.package_identification:_identify(src/mecanum_bringup) by extensions ['colcon_pkg']
[0.610s] Level 1:colcon.colcon_core.package_identification:_identify(src/mecanum_bringup) by extension 'colcon_pkg'
[0.610s] Level 1:colcon.colcon_core.package_identification:_identify(src/mecanum_bringup) by extensions ['colcon_meta']
[0.610s] Level 1:colcon.colcon_core.package_identification:_identify(src/mecanum_bringup) by extension 'colcon_meta'
[0.610s] Level 1:colcon.colcon_core.package_identification:_identify(src/mecanum_bringup) by extensions ['ros']
[0.610s] Level 1:colcon.colcon_core.package_identification:_identify(src/mecanum_bringup) by extension 'ros'
[0.611s] DEBUG:colcon.colcon_core.package_identification:Package 'src/mecanum_bringup' with type 'ros.ament_cmake' and name 'mecanum_bringup'
[0.611s] Level 1:colcon.colcon_core.package_identification:_identify(src/mecanum_description) by extensions ['ignore', 'ignore_ament_install']
[0.611s] Level 1:colcon.colcon_core.package_identification:_identify(src/mecanum_description) by extension 'ignore'
[0.611s] Level 1:colcon.colcon_core.package_identification:_identify(src/mecanum_description) by extension 'ignore_ament_install'
[0.611s] Level 1:colcon.colcon_core.package_identification:_identify(src/mecanum_description) by extensions ['colcon_pkg']
[0.611s] Level 1:colcon.colcon_core.package_identification:_identify(src/mecanum_description) by extension 'colcon_pkg'
[0.612s] Level 1:colcon.colcon_core.package_identification:_identify(src/mecanum_description) by extensions ['colcon_meta']
[0.612s] Level 1:colcon.colcon_core.package_identification:_identify(src/mecanum_description) by extension 'colcon_meta'
[0.612s] Level 1:colcon.colcon_core.package_identification:_identify(src/mecanum_description) by extensions ['ros']
[0.612s] Level 1:colcon.colcon_core.package_identification:_identify(src/mecanum_description) by extension 'ros'
[0.615s] DEBUG:colcon.colcon_core.package_identification:Package 'src/mecanum_description' with type 'ros.ament_cmake' and name 'mecanum_description'
[0.615s] Level 1:colcon.colcon_core.package_identification:_identify(src/mecanum_hardware) by extensions ['ignore', 'ignore_ament_install']
[0.615s] Level 1:colcon.colcon_core.package_identification:_identify(src/mecanum_hardware) by extension 'ignore'
[0.616s] Level 1:colcon.colcon_core.package_identification:_identify(src/mecanum_hardware) by extension 'ignore_ament_install'
[0.616s] Level 1:colcon.colcon_core.package_identification:_identify(src/mecanum_hardware) by extensions ['colcon_pkg']
[0.616s] Level 1:colcon.colcon_core.package_identification:_identify(src/mecanum_hardware) by extension 'colcon_pkg'
[0.616s] Level 1:colcon.colcon_core.package_identification:_identify(src/mecanum_hardware) by extensions ['colcon_meta']
[0.616s] Level 1:colcon.colcon_core.package_identification:_identify(src/mecanum_hardware) by extension 'colcon_meta'
[0.616s] Level 1:colcon.colcon_core.package_identification:_identify(src/mecanum_hardware) by extensions ['ros']
[0.616s] Level 1:colcon.colcon_core.package_identification:_identify(src/mecanum_hardware) by extension 'ros'
[0.617s] DEBUG:colcon.colcon_core.package_identification:Package 'src/mecanum_hardware' with type 'ros.ament_cmake' and name 'mecanum_hardware'
[0.618s] Level 1:colcon.colcon_core.package_identification:_identify(src/mecanum_localization) by extensions ['ignore', 'ignore_ament_install']
[0.618s] Level 1:colcon.colcon_core.package_identification:_identify(src/mecanum_localization) by extension 'ignore'
[0.618s] Level 1:colcon.colcon_core.package_identification:_identify(src/mecanum_localization) by extension 'ignore_ament_install'
[0.618s] Level 1:colcon.colcon_core.package_identification:_identify(src/mecanum_localization) by extensions ['colcon_pkg']
[0.618s] Level 1:colcon.colcon_core.package_identification:_identify(src/mecanum_localization) by extension 'colcon_pkg'
[0.618s] Level 1:colcon.colcon_core.package_identification:_identify(src/mecanum_localization) by extensions ['colcon_meta']
[0.618s] Level 1:colcon.colcon_core.package_identification:_identify(src/mecanum_localization) by extension 'colcon_meta'
[0.618s] Level 1:colcon.colcon_core.package_identification:_identify(src/mecanum_localization) by extensions ['ros']
[0.618s] Level 1:colcon.colcon_core.package_identification:_identify(src/mecanum_localization) by extension 'ros'
[0.622s] DEBUG:colcon.colcon_core.package_identification:Package 'src/mecanum_localization' with type 'ros.ament_cmake' and name 'mecanum_localization'
[0.622s] Level 1:colcon.colcon_core.package_identification:_identify(src/mecanum_sensors) by extensions ['ignore', 'ignore_ament_install']
[0.622s] Level 1:colcon.colcon_core.package_identification:_identify(src/mecanum_sensors) by extension 'ignore'
[0.622s] Level 1:colcon.colcon_core.package_identification:_identify(src/mecanum_sensors) by extension 'ignore_ament_install'
[0.622s] Level 1:colcon.colcon_core.package_identification:_identify(src/mecanum_sensors) by extensions ['colcon_pkg']
[0.622s] Level 1:colcon.colcon_core.package_identification:_identify(src/mecanum_sensors) by extension 'colcon_pkg'
[0.622s] Level 1:colcon.colcon_core.package_identification:_identify(src/mecanum_sensors) by extensions ['colcon_meta']
[0.622s] Level 1:colcon.colcon_core.package_identification:_identify(src/mecanum_sensors) by extension 'colcon_meta'
[0.622s] Level 1:colcon.colcon_core.package_identification:_identify(src/mecanum_sensors) by extensions ['ros']
[0.622s] Level 1:colcon.colcon_core.package_identification:_identify(src/mecanum_sensors) by extension 'ros'
[0.624s] DEBUG:colcon.colcon_core.package_identification:Package 'src/mecanum_sensors' with type 'ros.ament_cmake' and name 'mecanum_sensors'
[0.624s] Level 1:colcon.colcon_core.package_identification:_identify(src/position_verifier) by extensions ['ignore', 'ignore_ament_install']
[0.624s] Level 1:colcon.colcon_core.package_identification:_identify(src/position_verifier) by extension 'ignore'
[0.624s] Level 1:colcon.colcon_core.package_identification:_identify(src/position_verifier) by extension 'ignore_ament_install'
[0.624s] Level 1:colcon.colcon_core.package_identification:_identify(src/position_verifier) by extensions ['colcon_pkg']
[0.624s] Level 1:colcon.colcon_core.package_identification:_identify(src/position_verifier) by extension 'colcon_pkg'
[0.624s] Level 1:colcon.colcon_core.package_identification:_identify(src/position_verifier) by extensions ['colcon_meta']
[0.624s] Level 1:colcon.colcon_core.package_identification:_identify(src/position_verifier) by extension 'colcon_meta'
[0.624s] Level 1:colcon.colcon_core.package_identification:_identify(src/position_verifier) by extensions ['ros']
[0.624s] Level 1:colcon.colcon_core.package_identification:_identify(src/position_verifier) by extension 'ros'
[0.626s] DEBUG:colcon.colcon_core.package_identification:Package 'src/position_verifier' with type 'ros.ament_cmake' and name 'position_verifier'
[0.626s] Level 1:colcon.colcon_core.package_identification:_identify(src/task_manager) by extensions ['ignore', 'ignore_ament_install']
[0.626s] Level 1:colcon.colcon_core.package_identification:_identify(src/task_manager) by extension 'ignore'
[0.626s] Level 1:colcon.colcon_core.package_identification:_identify(src/task_manager) by extension 'ignore_ament_install'
[0.626s] Level 1:colcon.colcon_core.package_identification:_identify(src/task_manager) by extensions ['colcon_pkg']
[0.626s] Level 1:colcon.colcon_core.package_identification:_identify(src/task_manager) by extension 'colcon_pkg'
[0.627s] Level 1:colcon.colcon_core.package_identification:_identify(src/task_manager) by extensions ['colcon_meta']
[0.627s] Level 1:colcon.colcon_core.package_identification:_identify(src/task_manager) by extension 'colcon_meta'
[0.627s] Level 1:colcon.colcon_core.package_identification:_identify(src/task_manager) by extensions ['ros']
[0.627s] Level 1:colcon.colcon_core.package_identification:_identify(src/task_manager) by extension 'ros'
[0.628s] DEBUG:colcon.colcon_core.package_identification:Package 'src/task_manager' with type 'ros.ament_cmake' and name 'task_manager'
[0.628s] Level 1:colcon.colcon_core.package_identification:_identify(src/teensy_firmware) by extensions ['ignore', 'ignore_ament_install']
[0.628s] Level 1:colcon.colcon_core.package_identification:_identify(src/teensy_firmware) by extension 'ignore'
[0.628s] Level 1:colcon.colcon_core.package_identification:_identify(src/teensy_firmware) by extension 'ignore_ament_install'
[0.629s] Level 1:colcon.colcon_core.package_identification:_identify(src/teensy_firmware) by extensions ['colcon_pkg']
[0.629s] Level 1:colcon.colcon_core.package_identification:_identify(src/teensy_firmware) by extension 'colcon_pkg'
[0.629s] Level 1:colcon.colcon_core.package_identification:_identify(src/teensy_firmware) by extensions ['colcon_meta']
[0.629s] Level 1:colcon.colcon_core.package_identification:_identify(src/teensy_firmware) by extension 'colcon_meta'
[0.629s] Level 1:colcon.colcon_core.package_identification:_identify(src/teensy_firmware) by extensions ['ros']
[0.629s] Level 1:colcon.colcon_core.package_identification:_identify(src/teensy_firmware) by extension 'ros'
[0.629s] Level 1:colcon.colcon_core.package_identification:_identify(src/teensy_firmware) by extensions ['cmake', 'python']
[0.629s] Level 1:colcon.colcon_core.package_identification:_identify(src/teensy_firmware) by extension 'cmake'
[0.629s] Level 1:colcon.colcon_core.package_identification:_identify(src/teensy_firmware) by extension 'python'
[0.629s] Level 1:colcon.colcon_core.package_identification:_identify(src/teensy_firmware) by extensions ['python_setup_py']
[0.629s] Level 1:colcon.colcon_core.package_identification:_identify(src/teensy_firmware) by extension 'python_setup_py'
[0.629s] Level 1:colcon.colcon_core.package_identification:_identify(src/teensy_firmware/mecanum_firmware) by extensions ['ignore', 'ignore_ament_install']
[0.630s] Level 1:colcon.colcon_core.package_identification:_identify(src/teensy_firmware/mecanum_firmware) by extension 'ignore'
[0.630s] Level 1:colcon.colcon_core.package_identification:_identify(src/teensy_firmware/mecanum_firmware) by extension 'ignore_ament_install'
[0.630s] Level 1:colcon.colcon_core.package_identification:_identify(src/teensy_firmware/mecanum_firmware) by extensions ['colcon_pkg']
[0.630s] Level 1:colcon.colcon_core.package_identification:_identify(src/teensy_firmware/mecanum_firmware) by extension 'colcon_pkg'
[0.630s] Level 1:colcon.colcon_core.package_identification:_identify(src/teensy_firmware/mecanum_firmware) by extensions ['colcon_meta']
[0.630s] Level 1:colcon.colcon_core.package_identification:_identify(src/teensy_firmware/mecanum_firmware) by extension 'colcon_meta'
[0.630s] Level 1:colcon.colcon_core.package_identification:_identify(src/teensy_firmware/mecanum_firmware) by extensions ['ros']
[0.630s] Level 1:colcon.colcon_core.package_identification:_identify(src/teensy_firmware/mecanum_firmware) by extension 'ros'
[0.630s] Level 1:colcon.colcon_core.package_identification:_identify(src/teensy_firmware/mecanum_firmware) by extensions ['cmake', 'python']
[0.630s] Level 1:colcon.colcon_core.package_identification:_identify(src/teensy_firmware/mecanum_firmware) by extension 'cmake'
[0.630s] Level 1:colcon.colcon_core.package_identification:_identify(src/teensy_firmware/mecanum_firmware) by extension 'python'
[0.630s] Level 1:colcon.colcon_core.package_identification:_identify(src/teensy_firmware/mecanum_firmware) by extensions ['python_setup_py']
[0.630s] Level 1:colcon.colcon_core.package_identification:_identify(src/teensy_firmware/mecanum_firmware) by extension 'python_setup_py'
[0.631s] Level 1:colcon.colcon_core.package_identification:_identify(src/teensy_firmware/mecanum_firmware/test1.ino) by extensions ['ignore', 'ignore_ament_install']
[0.631s] Level 1:colcon.colcon_core.package_identification:_identify(src/teensy_firmware/mecanum_firmware/test1.ino) by extension 'ignore'
[0.631s] Level 1:colcon.colcon_core.package_identification:_identify(src/teensy_firmware/mecanum_firmware/test1.ino) by extension 'ignore_ament_install'
[0.631s] Level 1:colcon.colcon_core.package_identification:_identify(src/teensy_firmware/mecanum_firmware/test1.ino) by extensions ['colcon_pkg']
[0.631s] Level 1:colcon.colcon_core.package_identification:_identify(src/teensy_firmware/mecanum_firmware/test1.ino) by extension 'colcon_pkg'
[0.631s] Level 1:colcon.colcon_core.package_identification:_identify(src/teensy_firmware/mecanum_firmware/test1.ino) by extensions ['colcon_meta']
[0.631s] Level 1:colcon.colcon_core.package_identification:_identify(src/teensy_firmware/mecanum_firmware/test1.ino) by extension 'colcon_meta'
[0.631s] Level 1:colcon.colcon_core.package_identification:_identify(src/teensy_firmware/mecanum_firmware/test1.ino) by extensions ['ros']
[0.631s] Level 1:colcon.colcon_core.package_identification:_identify(src/teensy_firmware/mecanum_firmware/test1.ino) by extension 'ros'
[0.632s] Level 1:colcon.colcon_core.package_identification:_identify(src/teensy_firmware/mecanum_firmware/test1.ino) by extensions ['cmake', 'python']
[0.632s] Level 1:colcon.colcon_core.package_identification:_identify(src/teensy_firmware/mecanum_firmware/test1.ino) by extension 'cmake'
[0.632s] Level 1:colcon.colcon_core.package_identification:_identify(src/teensy_firmware/mecanum_firmware/test1.ino) by extension 'python'
[0.632s] Level 1:colcon.colcon_core.package_identification:_identify(src/teensy_firmware/mecanum_firmware/test1.ino) by extensions ['python_setup_py']
[0.632s] Level 1:colcon.colcon_core.package_identification:_identify(src/teensy_firmware/mecanum_firmware/test1.ino) by extension 'python_setup_py'
[0.632s] Level 1:colcon.colcon_core.package_identification:_identify(udev_rules) by extensions ['ignore', 'ignore_ament_install']
[0.632s] Level 1:colcon.colcon_core.package_identification:_identify(udev_rules) by extension 'ignore'
[0.632s] Level 1:colcon.colcon_core.package_identification:_identify(udev_rules) by extension 'ignore_ament_install'
[0.632s] Level 1:colcon.colcon_core.package_identification:_identify(udev_rules) by extensions ['colcon_pkg']
[0.633s] Level 1:colcon.colcon_core.package_identification:_identify(udev_rules) by extension 'colcon_pkg'
[0.633s] Level 1:colcon.colcon_core.package_identification:_identify(udev_rules) by extensions ['colcon_meta']
[0.633s] Level 1:colcon.colcon_core.package_identification:_identify(udev_rules) by extension 'colcon_meta'
[0.633s] Level 1:colcon.colcon_core.package_identification:_identify(udev_rules) by extensions ['ros']
[0.633s] Level 1:colcon.colcon_core.package_identification:_identify(udev_rules) by extension 'ros'
[0.633s] Level 1:colcon.colcon_core.package_identification:_identify(udev_rules) by extensions ['cmake', 'python']
[0.633s] Level 1:colcon.colcon_core.package_identification:_identify(udev_rules) by extension 'cmake'
[0.633s] Level 1:colcon.colcon_core.package_identification:_identify(udev_rules) by extension 'python'
[0.633s] Level 1:colcon.colcon_core.package_identification:_identify(udev_rules) by extensions ['python_setup_py']
[0.633s] Level 1:colcon.colcon_core.package_identification:_identify(udev_rules) by extension 'python_setup_py'
[0.633s] Level 1:colcon.colcon_core.package_identification:_identify({install,build,log}) by extensions ['ignore', 'ignore_ament_install']
[0.633s] Level 1:colcon.colcon_core.package_identification:_identify({install,build,log}) by extension 'ignore'
[0.633s] Level 1:colcon.colcon_core.package_identification:_identify({install,build,log}) by extension 'ignore_ament_install'
[0.633s] Level 1:colcon.colcon_core.package_identification:_identify({install,build,log}) by extensions ['colcon_pkg']
[0.633s] Level 1:colcon.colcon_core.package_identification:_identify({install,build,log}) by extension 'colcon_pkg'
[0.634s] Level 1:colcon.colcon_core.package_identification:_identify({install,build,log}) by extensions ['colcon_meta']
[0.634s] Level 1:colcon.colcon_core.package_identification:_identify({install,build,log}) by extension 'colcon_meta'
[0.634s] Level 1:colcon.colcon_core.package_identification:_identify({install,build,log}) by extensions ['ros']
[0.634s] Level 1:colcon.colcon_core.package_identification:_identify({install,build,log}) by extension 'ros'
[0.634s] Level 1:colcon.colcon_core.package_identification:_identify({install,build,log}) by extensions ['cmake', 'python']
[0.634s] Level 1:colcon.colcon_core.package_identification:_identify({install,build,log}) by extension 'cmake'
[0.634s] Level 1:colcon.colcon_core.package_identification:_identify({install,build,log}) by extension 'python'
[0.634s] Level 1:colcon.colcon_core.package_identification:_identify({install,build,log}) by extensions ['python_setup_py']
[0.634s] Level 1:colcon.colcon_core.package_identification:_identify({install,build,log}) by extension 'python_setup_py'
[0.634s] Level 1:colcon.colcon_core.package_discovery:discover_packages(recursive) using defaults
[0.634s] Level 1:colcon.colcon_core.package_discovery:discover_packages(ignore) discover
[0.634s] Level 1:colcon.colcon_core.package_discovery:discover_packages(ignore) using defaults
[0.634s] Level 1:colcon.colcon_core.package_discovery:discover_packages(path) discover
[0.634s] Level 1:colcon.colcon_core.package_discovery:discover_packages(path) using defaults
[0.689s] INFO:colcon.colcon_core.package_selection:Skipping not selected package 'attachment_interface' in 'src/attachment_interface'
[0.690s] INFO:colcon.colcon_core.package_selection:Skipping not selected package 'duck_operations' in 'src/duck_operations'
[0.690s] INFO:colcon.colcon_core.package_selection:Skipping not selected package 'mecanum_bringup' in 'src/mecanum_bringup'
[0.690s] INFO:colcon.colcon_core.package_selection:Skipping not selected package 'mecanum_description' in 'src/mecanum_description'
[0.690s] INFO:colcon.colcon_core.package_selection:Skipping not selected package 'mecanum_hardware' in 'src/mecanum_hardware'
[0.690s] INFO:colcon.colcon_core.package_selection:Skipping not selected package 'mecanum_localization' in 'src/mecanum_localization'
[0.690s] INFO:colcon.colcon_core.package_selection:Skipping not selected package 'position_verifier' in 'src/position_verifier'
[0.690s] INFO:colcon.colcon_core.package_selection:Skipping not selected package 'task_manager' in 'src/task_manager'
[0.691s] Level 1:colcon.colcon_core.package_discovery:discover_packages(prefix_path) check parameters
[0.691s] Level 1:colcon.colcon_core.package_discovery:discover_packages(prefix_path) discover
[0.823s] DEBUG:colcon.colcon_installed_package_information.package_discovery:Found 72 installed packages in /home/tigertronics/testing_ws/install
[0.825s] DEBUG:colcon.colcon_installed_package_information.package_discovery:Found 0 installed packages in /home/tigertronics/tigert_ws/install
[0.830s] DEBUG:colcon.colcon_installed_package_information.package_discovery:Found 437 installed packages in /opt/ros/jazzy
[0.834s] Level 1:colcon.colcon_core.package_discovery:discover_packages(prefix_path) using defaults
[1.425s] Level 5:colcon.colcon_core.verb:set package 'mecanum_sensors' build argument 'cmake_args' from command line to 'None'
[1.425s] Level 5:colcon.colcon_core.verb:set package 'mecanum_sensors' build argument 'cmake_target' from command line to 'None'
[1.425s] Level 5:colcon.colcon_core.verb:set package 'mecanum_sensors' build argument 'cmake_target_skip_unavailable' from command line to 'False'
[1.425s] Level 5:colcon.colcon_core.verb:set package 'mecanum_sensors' build argument 'cmake_clean_cache' from command line to 'False'
[1.425s] Level 5:colcon.colcon_core.verb:set package 'mecanum_sensors' build argument 'cmake_clean_first' from command line to 'False'
[1.425s] Level 5:colcon.colcon_core.verb:set package 'mecanum_sensors' build argument 'cmake_force_configure' from command line to 'False'
[1.426s] Level 5:colcon.colcon_core.verb:set package 'mecanum_sensors' build argument 'ament_cmake_args' from command line to 'None'
[1.426s] Level 5:colcon.colcon_core.verb:set package 'mecanum_sensors' build argument 'catkin_cmake_args' from command line to 'None'
[1.426s] Level 5:colcon.colcon_core.verb:set package 'mecanum_sensors' build argument 'catkin_skip_building_tests' from command line to 'False'
[1.426s] DEBUG:colcon.colcon_core.verb:Building package 'mecanum_sensors' with the following arguments: {'ament_cmake_args': None, 'build_base': '/home/tigertronics/mecanum_ws_v2/build/mecanum_sensors', 'catkin_cmake_args': None, 'catkin_skip_building_tests': False, 'cmake_args': None, 'cmake_clean_cache': False, 'cmake_clean_first': False, 'cmake_force_configure': False, 'cmake_target': None, 'cmake_target_skip_unavailable': False, 'install_base': '/home/tigertronics/mecanum_ws_v2/install/mecanum_sensors', 'merge_install': False, 'path': '/home/tigertronics/mecanum_ws_v2/src/mecanum_sensors', 'symlink_install': True, 'test_result_base': None}
[1.426s] INFO:colcon.colcon_core.executor:Executing jobs using 'parallel' executor
[1.427s] DEBUG:colcon.colcon_parallel_executor.executor.parallel:run_until_complete
[1.428s] INFO:colcon.colcon_ros.task.ament_cmake.build:Building ROS package in '/home/tigertronics/mecanum_ws_v2/src/mecanum_sensors' with build type 'ament_cmake'
[1.428s] INFO:colcon.colcon_cmake.task.cmake.build:Building CMake package in '/home/tigertronics/mecanum_ws_v2/src/mecanum_sensors'
[1.439s] INFO:colcon.colcon_core.plugin_system:Skipping extension 'colcon_core.shell.bat': Not used on non-Windows systems
[1.440s] INFO:colcon.colcon_core.shell:Skip shell extension 'powershell' for command environment: Not usable outside of PowerShell
[1.440s] DEBUG:colcon.colcon_core.shell:Skip shell extension 'dsv' for command environment
[1.471s] DEBUG:colcon.colcon_core.event_handler.log_command:Invoking command in '/home/tigertronics/mecanum_ws_v2/build/mecanum_sensors': CMAKE_PREFIX_PATH=${CMAKE_PREFIX_PATH}:/home/tigertronics/testing_ws/install/rqt_joint_trajectory_controller:/home/tigertronics/testing_ws/install/rqt_controller_manager:/home/tigertronics/testing_ws/install/ros2controlcli:/home/tigertronics/testing_ws/install/ros2_controllers_test_nodes:/opt/ros/jazzy DEBUGINFOD_URLS=https://debuginfod.ubuntu.com /usr/bin/cmake --build /home/tigertronics/mecanum_ws_v2/build/mecanum_sensors -- -j4 -l4
[2.100s] DEBUG:colcon.colcon_core.event_handler.log_command:Invoked command in '/home/tigertronics/mecanum_ws_v2/build/mecanum_sensors' returned '0': CMAKE_PREFIX_PATH=${CMAKE_PREFIX_PATH}:/home/tigertronics/testing_ws/install/rqt_joint_trajectory_controller:/home/tigertronics/testing_ws/install/rqt_controller_manager:/home/tigertronics/testing_ws/install/ros2controlcli:/home/tigertronics/testing_ws/install/ros2_controllers_test_nodes:/opt/ros/jazzy DEBUGINFOD_URLS=https://debuginfod.ubuntu.com /usr/bin/cmake --build /home/tigertronics/mecanum_ws_v2/build/mecanum_sensors -- -j4 -l4
[2.140s] DEBUG:colcon.colcon_core.event_handler.log_command:Invoking command in '/home/tigertronics/mecanum_ws_v2/build/mecanum_sensors': CMAKE_PREFIX_PATH=${CMAKE_PREFIX_PATH}:/home/tigertronics/testing_ws/install/rqt_joint_trajectory_controller:/home/tigertronics/testing_ws/install/rqt_controller_manager:/home/tigertronics/testing_ws/install/ros2controlcli:/home/tigertronics/testing_ws/install/ros2_controllers_test_nodes:/opt/ros/jazzy DEBUGINFOD_URLS=https://debuginfod.ubuntu.com /usr/bin/cmake --install /home/tigertronics/mecanum_ws_v2/build/mecanum_sensors
[2.221s] Level 1:colcon.colcon_core.environment:create_environment_scripts_only(mecanum_sensors)
[2.222s] DEBUG:colcon.colcon_core.event_handler.log_command:Invoked command in '/home/tigertronics/mecanum_ws_v2/build/mecanum_sensors' returned '0': CMAKE_PREFIX_PATH=${CMAKE_PREFIX_PATH}:/home/tigertronics/testing_ws/install/rqt_joint_trajectory_controller:/home/tigertronics/testing_ws/install/rqt_controller_manager:/home/tigertronics/testing_ws/install/ros2controlcli:/home/tigertronics/testing_ws/install/ros2_controllers_test_nodes:/opt/ros/jazzy DEBUGINFOD_URLS=https://debuginfod.ubuntu.com /usr/bin/cmake --install /home/tigertronics/mecanum_ws_v2/build/mecanum_sensors
[2.232s] Level 1:colcon.colcon_core.environment:checking '/home/tigertronics/mecanum_ws_v2/install/mecanum_sensors' for CMake module files
[2.233s] Level 1:colcon.colcon_core.environment:checking '/home/tigertronics/mecanum_ws_v2/install/mecanum_sensors' for CMake config files
[2.234s] Level 1:colcon.colcon_core.shell:create_environment_hook('mecanum_sensors', 'cmake_prefix_path')
[2.235s] INFO:colcon.colcon_core.shell:Creating environment hook '/home/tigertronics/mecanum_ws_v2/install/mecanum_sensors/share/mecanum_sensors/hook/cmake_prefix_path.ps1'
[2.237s] INFO:colcon.colcon_core.shell:Creating environment descriptor '/home/tigertronics/mecanum_ws_v2/install/mecanum_sensors/share/mecanum_sensors/hook/cmake_prefix_path.dsv'
[2.239s] INFO:colcon.colcon_core.shell:Creating environment hook '/home/tigertronics/mecanum_ws_v2/install/mecanum_sensors/share/mecanum_sensors/hook/cmake_prefix_path.sh'
[2.242s] Level 1:colcon.colcon_core.environment:checking '/home/tigertronics/mecanum_ws_v2/install/mecanum_sensors/lib'
[2.243s] Level 1:colcon.colcon_core.environment:checking '/home/tigertronics/mecanum_ws_v2/install/mecanum_sensors/bin'
[2.243s] Level 1:colcon.colcon_core.environment:checking '/home/tigertronics/mecanum_ws_v2/install/mecanum_sensors/lib/pkgconfig/mecanum_sensors.pc'
[2.243s] Level 1:colcon.colcon_core.environment:checking '/home/tigertronics/mecanum_ws_v2/install/mecanum_sensors/lib/python3.12/site-packages'
[2.244s] Level 1:colcon.colcon_core.environment:checking '/home/tigertronics/mecanum_ws_v2/install/mecanum_sensors/bin'
[2.244s] INFO:colcon.colcon_core.shell:Creating package script '/home/tigertronics/mecanum_ws_v2/install/mecanum_sensors/share/mecanum_sensors/package.ps1'
[2.247s] INFO:colcon.colcon_core.shell:Creating package descriptor '/home/tigertronics/mecanum_ws_v2/install/mecanum_sensors/share/mecanum_sensors/package.dsv'
[2.249s] INFO:colcon.colcon_core.shell:Creating package script '/home/tigertronics/mecanum_ws_v2/install/mecanum_sensors/share/mecanum_sensors/package.sh'
[2.251s] INFO:colcon.colcon_core.shell:Creating package script '/home/tigertronics/mecanum_ws_v2/install/mecanum_sensors/share/mecanum_sensors/package.bash'
[2.253s] INFO:colcon.colcon_core.shell:Creating package script '/home/tigertronics/mecanum_ws_v2/install/mecanum_sensors/share/mecanum_sensors/package.zsh'
[2.256s] Level 1:colcon.colcon_core.environment:create_file_with_runtime_dependencies(/home/tigertronics/mecanum_ws_v2/install/mecanum_sensors/share/colcon-core/packages/mecanum_sensors)
[2.258s] Level 1:colcon.colcon_core.environment:create_environment_scripts_only(mecanum_sensors)
[2.259s] Level 1:colcon.colcon_core.environment:checking '/home/tigertronics/mecanum_ws_v2/install/mecanum_sensors' for CMake module files
[2.260s] Level 1:colcon.colcon_core.environment:checking '/home/tigertronics/mecanum_ws_v2/install/mecanum_sensors' for CMake config files
[2.260s] Level 1:colcon.colcon_core.shell:create_environment_hook('mecanum_sensors', 'cmake_prefix_path')
[2.260s] INFO:colcon.colcon_core.shell:Creating environment hook '/home/tigertronics/mecanum_ws_v2/install/mecanum_sensors/share/mecanum_sensors/hook/cmake_prefix_path.ps1'
[2.261s] INFO:colcon.colcon_core.shell:Creating environment descriptor '/home/tigertronics/mecanum_ws_v2/install/mecanum_sensors/share/mecanum_sensors/hook/cmake_prefix_path.dsv'
[2.262s] INFO:colcon.colcon_core.shell:Creating environment hook '/home/tigertronics/mecanum_ws_v2/install/mecanum_sensors/share/mecanum_sensors/hook/cmake_prefix_path.sh'
[2.264s] Level 1:colcon.colcon_core.environment:checking '/home/tigertronics/mecanum_ws_v2/install/mecanum_sensors/lib'
[2.264s] Level 1:colcon.colcon_core.environment:checking '/home/tigertronics/mecanum_ws_v2/install/mecanum_sensors/bin'
[2.264s] Level 1:colcon.colcon_core.environment:checking '/home/tigertronics/mecanum_ws_v2/install/mecanum_sensors/lib/pkgconfig/mecanum_sensors.pc'
[2.265s] Level 1:colcon.colcon_core.environment:checking '/home/tigertronics/mecanum_ws_v2/install/mecanum_sensors/lib/python3.12/site-packages'
[2.265s] Level 1:colcon.colcon_core.environment:checking '/home/tigertronics/mecanum_ws_v2/install/mecanum_sensors/bin'
[2.266s] INFO:colcon.colcon_core.shell:Creating package script '/home/tigertronics/mecanum_ws_v2/install/mecanum_sensors/share/mecanum_sensors/package.ps1'
[2.266s] INFO:colcon.colcon_core.shell:Creating package descriptor '/home/tigertronics/mecanum_ws_v2/install/mecanum_sensors/share/mecanum_sensors/package.dsv'
[2.268s] INFO:colcon.colcon_core.shell:Creating package script '/home/tigertronics/mecanum_ws_v2/install/mecanum_sensors/share/mecanum_sensors/package.sh'
[2.269s] INFO:colcon.colcon_core.shell:Creating package script '/home/tigertronics/mecanum_ws_v2/install/mecanum_sensors/share/mecanum_sensors/package.bash'
[2.271s] INFO:colcon.colcon_core.shell:Creating package script '/home/tigertronics/mecanum_ws_v2/install/mecanum_sensors/share/mecanum_sensors/package.zsh'
[2.272s] Level 1:colcon.colcon_core.environment:create_file_with_runtime_dependencies(/home/tigertronics/mecanum_ws_v2/install/mecanum_sensors/share/colcon-core/packages/mecanum_sensors)
[2.274s] DEBUG:colcon.colcon_parallel_executor.executor.parallel:closing loop
[2.275s] DEBUG:colcon.colcon_parallel_executor.executor.parallel:loop closed
[2.275s] DEBUG:colcon.colcon_parallel_executor.executor.parallel:run_until_complete finished with '0'
[2.275s] DEBUG:colcon.colcon_core.event_reactor:joining thread
[2.319s] INFO:colcon.colcon_core.plugin_system:Skipping extension 'colcon_notification.desktop_notification.terminal_notifier': Not used on non-Darwin systems
[2.320s] INFO:colcon.colcon_core.plugin_system:Skipping extension 'colcon_notification.desktop_notification.win32': Not used on non-Windows systems
[2.320s] INFO:colcon.colcon_notification.desktop_notification:Sending desktop notification using 'notify2'
[2.639s] DEBUG:colcon.colcon_core.event_reactor:joined thread
[2.640s] INFO:colcon.colcon_core.shell:Creating prefix script '/home/tigertronics/mecanum_ws_v2/install/local_setup.ps1'
[2.642s] INFO:colcon.colcon_core.shell:Creating prefix util module '/home/tigertronics/mecanum_ws_v2/install/_local_setup_util_ps1.py'
[2.646s] INFO:colcon.colcon_core.shell:Creating prefix chain script '/home/tigertronics/mecanum_ws_v2/install/setup.ps1'
[2.653s] INFO:colcon.colcon_core.shell:Creating prefix script '/home/tigertronics/mecanum_ws_v2/install/local_setup.sh'
[2.656s] INFO:colcon.colcon_core.shell:Creating prefix util module '/home/tigertronics/mecanum_ws_v2/install/_local_setup_util_sh.py'
[2.657s] INFO:colcon.colcon_core.shell:Creating prefix chain script '/home/tigertronics/mecanum_ws_v2/install/setup.sh'
[2.663s] INFO:colcon.colcon_core.shell:Creating prefix script '/home/tigertronics/mecanum_ws_v2/install/local_setup.bash'
[2.667s] INFO:colcon.colcon_core.shell:Creating prefix chain script '/home/tigertronics/mecanum_ws_v2/install/setup.bash'
[2.673s] INFO:colcon.colcon_core.shell:Creating prefix script '/home/tigertronics/mecanum_ws_v2/install/local_setup.zsh'
[2.676s] INFO:colcon.colcon_core.shell:Creating prefix chain script '/home/tigertronics/mecanum_ws_v2/install/setup.zsh'
