-- Found ament_cmake: 2.5.5 (/opt/ros/jazzy/share/ament_cmake/cmake)
-- Override CMake install command with custom implementation using symlinks instead of copying resources
-- Found rclcpp: 28.1.16 (/opt/ros/jazzy/share/rclcpp/cmake)
-- Found rosidl_generator_c: 4.6.7 (/opt/ros/jazzy/share/rosidl_generator_c/cmake)
-- Found rosidl_generator_cpp: 4.6.7 (/opt/ros/jazzy/share/rosidl_generator_cpp/cmake)
-- Using all available rosidl_typesupport_c: rosidl_typesupport_fastrtps_c;rosidl_typesupport_introspection_c
-- Using all available rosidl_typesupport_cpp: rosidl_typesupport_fastrtps_cpp;rosidl_typesupport_introspection_cpp
-- Found rmw_implementation_cmake: 7.3.3 (/opt/ros/jazzy/share/rmw_implementation_cmake/cmake)
-- Found rmw_fastrtps_cpp: 8.4.3 (/opt/ros/jazzy/share/rmw_fastrtps_cpp/cmake)
-- Using RMW implementation 'rmw_fastrtps_cpp' as default
-- Found nav_msgs: 5.3.6 (/opt/ros/jazzy/share/nav_msgs/cmake)
-- Found sensor_msgs: 5.3.6 (/opt/ros/jazzy/share/sensor_msgs/cmake)
-- Found tf2: 0.36.19 (/opt/ros/jazzy/share/tf2/cmake)
-- Found tf2_ros: 0.36.19 (/opt/ros/jazzy/share/tf2_ros/cmake)
-- Found tf2_geometry_msgs: 0.36.19 (/opt/ros/jazzy/share/tf2_geometry_msgs/cmake)
-- Found eigen3_cmake_module: 0.3.0 (/opt/ros/jazzy/share/eigen3_cmake_module/cmake)
-- Ensuring Eigen3 include directory is part of orocos-kdl CMake target
-- Configuring done (5.0s)
-- Generating done (0.2s)
-- Build files have been written to: /home/tigertronics/mecanum_ws_v2/build/mecanum_localization
[ 16%] [32mBuilding CXX object CMakeFiles/white_line_corrector.dir/src/white_line_corrector.cpp.o[0m
[ 33%] [32mBuilding CXX object CMakeFiles/initial_pose_publisher.dir/src/initial_pose_publisher.cpp.o[0m
[ 50%] [32mBuilding CXX object CMakeFiles/odometry_publisher.dir/src/odometry_publisher.cpp.o[0m
[ 66%] [32m[1mLinking CXX executable initial_pose_publisher[0m
[ 66%] Built target initial_pose_publisher
[ 83%] [32m[1mLinking CXX executable odometry_publisher[0m
[ 83%] Built target odometry_publisher
[100%] [32m[1mLinking CXX executable white_line_corrector[0m
[100%] Built target white_line_corrector
-- Install configuration: "Release"
-- Execute custom install script
-- Up-to-date symlink: /home/tigertronics/mecanum_ws_v2/install/mecanum_localization/lib/mecanum_localization/odometry_publisher
-- Up-to-date symlink: /home/tigertronics/mecanum_ws_v2/install/mecanum_localization/lib/mecanum_localization/initial_pose_publisher
-- Up-to-date symlink: /home/tigertronics/mecanum_ws_v2/install/mecanum_localization/lib/mecanum_localization/white_line_corrector
-- Up-to-date symlink: /home/tigertronics/mecanum_ws_v2/install/mecanum_localization/include/mecanum_localization/odometry_publisher.hpp
-- Up-to-date symlink: /home/tigertronics/mecanum_ws_v2/install/mecanum_localization/share/ament_index/resource_index/package_run_dependencies/mecanum_localization
-- Up-to-date symlink: /home/tigertronics/mecanum_ws_v2/install/mecanum_localization/share/ament_index/resource_index/parent_prefix_path/mecanum_localization
-- Up-to-date symlink: /home/tigertronics/mecanum_ws_v2/install/mecanum_localization/share/mecanum_localization/environment/ament_prefix_path.sh
-- Up-to-date symlink: /home/tigertronics/mecanum_ws_v2/install/mecanum_localization/share/mecanum_localization/environment/ament_prefix_path.dsv
-- Up-to-date symlink: /home/tigertronics/mecanum_ws_v2/install/mecanum_localization/share/mecanum_localization/environment/path.sh
-- Up-to-date symlink: /home/tigertronics/mecanum_ws_v2/install/mecanum_localization/share/mecanum_localization/environment/path.dsv
-- Up-to-date symlink: /home/tigertronics/mecanum_ws_v2/install/mecanum_localization/share/mecanum_localization/local_setup.bash
-- Up-to-date symlink: /home/tigertronics/mecanum_ws_v2/install/mecanum_localization/share/mecanum_localization/local_setup.sh
-- Up-to-date symlink: /home/tigertronics/mecanum_ws_v2/install/mecanum_localization/share/mecanum_localization/local_setup.zsh
-- Up-to-date symlink: /home/tigertronics/mecanum_ws_v2/install/mecanum_localization/share/mecanum_localization/local_setup.dsv
-- Symlinking: /home/tigertronics/mecanum_ws_v2/install/mecanum_localization/share/mecanum_localization/package.dsv
-- Up-to-date symlink: /home/tigertronics/mecanum_ws_v2/install/mecanum_localization/share/ament_index/resource_index/packages/mecanum_localization
-- Up-to-date symlink: /home/tigertronics/mecanum_ws_v2/install/mecanum_localization/share/mecanum_localization/cmake/mecanum_localizationConfig.cmake
-- Up-to-date symlink: /home/tigertronics/mecanum_ws_v2/install/mecanum_localization/share/mecanum_localization/cmake/mecanum_localizationConfig-version.cmake
-- Up-to-date symlink: /home/tigertronics/mecanum_ws_v2/install/mecanum_localization/share/mecanum_localization/package.xml
