[0.042s] Invoking command in '/home/tigertronics/mecanum_ws_v2/build/mecanum_localization': CMAKE_PREFIX_PATH=${CMAKE_PREFIX_PATH}:/home/tigertronics/testing_ws/install/rqt_joint_trajectory_controller:/home/tigertronics/testing_ws/install/rqt_controller_manager:/home/tigertronics/testing_ws/install/ros2controlcli:/home/tigertronics/testing_ws/install/ros2_controllers_test_nodes:/opt/ros/jazzy DEBUGINFOD_URLS=https://debuginfod.ubuntu.com /usr/bin/cmake /home/tigertronics/mecanum_ws_v2/src/mecanum_localization -DAMENT_CMAKE_SYMLINK_INSTALL=1 -DCMAKE_INSTALL_PREFIX=/home/tigertronics/mecanum_ws_v2/install/mecanum_localization
[0.092s] -- Found ament_cmake: 2.5.5 (/opt/ros/jazzy/share/ament_cmake/cmake)
[0.631s] -- Override CMake install command with custom implementation using symlinks instead of copying resources
[0.650s] -- Found rclcpp: 28.1.16 (/opt/ros/jazzy/share/rclcpp/cmake)
[0.693s] -- Found rosidl_generator_c: 4.6.7 (/opt/ros/jazzy/share/rosidl_generator_c/cmake)
[0.709s] -- Found rosidl_generator_cpp: 4.6.7 (/opt/ros/jazzy/share/rosidl_generator_cpp/cmake)
[0.743s] -- Using all available rosidl_typesupport_c: rosidl_typesupport_fastrtps_c;rosidl_typesupport_introspection_c
[0.771s] -- Using all available rosidl_typesupport_cpp: rosidl_typesupport_fastrtps_cpp;rosidl_typesupport_introspection_cpp
[0.884s] -- Found rmw_implementation_cmake: 7.3.3 (/opt/ros/jazzy/share/rmw_implementation_cmake/cmake)
[0.891s] -- Found rmw_fastrtps_cpp: 8.4.3 (/opt/ros/jazzy/share/rmw_fastrtps_cpp/cmake)
[1.020s] -- Using RMW implementation 'rmw_fastrtps_cpp' as default
[1.139s] -- Found nav_msgs: 5.3.6 (/opt/ros/jazzy/share/nav_msgs/cmake)
[1.236s] -- Found sensor_msgs: 5.3.6 (/opt/ros/jazzy/share/sensor_msgs/cmake)
[1.274s] -- Found tf2: 0.36.19 (/opt/ros/jazzy/share/tf2/cmake)
[1.280s] -- Found tf2_ros: 0.36.19 (/opt/ros/jazzy/share/tf2_ros/cmake)
[1.454s] -- Found tf2_geometry_msgs: 0.36.19 (/opt/ros/jazzy/share/tf2_geometry_msgs/cmake)
[1.464s] -- Found eigen3_cmake_module: 0.3.0 (/opt/ros/jazzy/share/eigen3_cmake_module/cmake)
[1.465s] -- Ensuring Eigen3 include directory is part of orocos-kdl CMake target
[1.825s] -- Configuring done (1.7s)
[1.977s] -- Generating done (0.1s)
[2.012s] -- Build files have been written to: /home/tigertronics/mecanum_ws_v2/build/mecanum_localization
[2.036s] Invoked command in '/home/tigertronics/mecanum_ws_v2/build/mecanum_localization' returned '0': CMAKE_PREFIX_PATH=${CMAKE_PREFIX_PATH}:/home/tigertronics/testing_ws/install/rqt_joint_trajectory_controller:/home/tigertronics/testing_ws/install/rqt_controller_manager:/home/tigertronics/testing_ws/install/ros2controlcli:/home/tigertronics/testing_ws/install/ros2_controllers_test_nodes:/opt/ros/jazzy DEBUGINFOD_URLS=https://debuginfod.ubuntu.com /usr/bin/cmake /home/tigertronics/mecanum_ws_v2/src/mecanum_localization -DAMENT_CMAKE_SYMLINK_INSTALL=1 -DCMAKE_INSTALL_PREFIX=/home/tigertronics/mecanum_ws_v2/install/mecanum_localization
[2.039s] Invoking command in '/home/tigertronics/mecanum_ws_v2/build/mecanum_localization': CMAKE_PREFIX_PATH=${CMAKE_PREFIX_PATH}:/home/tigertronics/testing_ws/install/rqt_joint_trajectory_controller:/home/tigertronics/testing_ws/install/rqt_controller_manager:/home/tigertronics/testing_ws/install/ros2controlcli:/home/tigertronics/testing_ws/install/ros2_controllers_test_nodes:/opt/ros/jazzy DEBUGINFOD_URLS=https://debuginfod.ubuntu.com /usr/bin/cmake --build /home/tigertronics/mecanum_ws_v2/build/mecanum_localization -- -j4 -l4
[2.301s] [ 33%] Built target initial_pose_publisher
[2.306s] [ 66%] Built target white_line_corrector
[2.311s] [100%] Built target odometry_publisher
[2.352s] Invoked command in '/home/tigertronics/mecanum_ws_v2/build/mecanum_localization' returned '0': CMAKE_PREFIX_PATH=${CMAKE_PREFIX_PATH}:/home/tigertronics/testing_ws/install/rqt_joint_trajectory_controller:/home/tigertronics/testing_ws/install/rqt_controller_manager:/home/tigertronics/testing_ws/install/ros2controlcli:/home/tigertronics/testing_ws/install/ros2_controllers_test_nodes:/opt/ros/jazzy DEBUGINFOD_URLS=https://debuginfod.ubuntu.com /usr/bin/cmake --build /home/tigertronics/mecanum_ws_v2/build/mecanum_localization -- -j4 -l4
[2.356s] Invoking command in '/home/tigertronics/mecanum_ws_v2/build/mecanum_localization': CMAKE_PREFIX_PATH=${CMAKE_PREFIX_PATH}:/home/tigertronics/testing_ws/install/rqt_joint_trajectory_controller:/home/tigertronics/testing_ws/install/rqt_controller_manager:/home/tigertronics/testing_ws/install/ros2controlcli:/home/tigertronics/testing_ws/install/ros2_controllers_test_nodes:/opt/ros/jazzy DEBUGINFOD_URLS=https://debuginfod.ubuntu.com /usr/bin/cmake --install /home/tigertronics/mecanum_ws_v2/build/mecanum_localization
[2.404s] -- Install configuration: "Release"
[2.405s] -- Execute custom install script
[2.408s] -- Up-to-date symlink: /home/tigertronics/mecanum_ws_v2/install/mecanum_localization/lib/mecanum_localization/odometry_publisher
[2.411s] -- Up-to-date symlink: /home/tigertronics/mecanum_ws_v2/install/mecanum_localization/lib/mecanum_localization/initial_pose_publisher
[2.414s] -- Up-to-date symlink: /home/tigertronics/mecanum_ws_v2/install/mecanum_localization/lib/mecanum_localization/white_line_corrector
[2.419s] -- Up-to-date symlink: /home/tigertronics/mecanum_ws_v2/install/mecanum_localization/include/mecanum_localization/odometry_publisher.hpp
[2.421s] -- Up-to-date symlink: /home/tigertronics/mecanum_ws_v2/install/mecanum_localization/share/ament_index/resource_index/package_run_dependencies/mecanum_localization
[2.426s] -- Up-to-date symlink: /home/tigertronics/mecanum_ws_v2/install/mecanum_localization/share/ament_index/resource_index/parent_prefix_path/mecanum_localization
[2.430s] -- Up-to-date symlink: /home/tigertronics/mecanum_ws_v2/install/mecanum_localization/share/mecanum_localization/environment/ament_prefix_path.sh
[2.431s] -- Up-to-date symlink: /home/tigertronics/mecanum_ws_v2/install/mecanum_localization/share/mecanum_localization/environment/ament_prefix_path.dsv
[2.431s] -- Up-to-date symlink: /home/tigertronics/mecanum_ws_v2/install/mecanum_localization/share/mecanum_localization/environment/path.sh
[2.433s] -- Up-to-date symlink: /home/tigertronics/mecanum_ws_v2/install/mecanum_localization/share/mecanum_localization/environment/path.dsv
[2.433s] -- Up-to-date symlink: /home/tigertronics/mecanum_ws_v2/install/mecanum_localization/share/mecanum_localization/local_setup.bash
[2.436s] -- Up-to-date symlink: /home/tigertronics/mecanum_ws_v2/install/mecanum_localization/share/mecanum_localization/local_setup.sh
[2.437s] -- Up-to-date symlink: /home/tigertronics/mecanum_ws_v2/install/mecanum_localization/share/mecanum_localization/local_setup.zsh
[2.437s] -- Up-to-date symlink: /home/tigertronics/mecanum_ws_v2/install/mecanum_localization/share/mecanum_localization/local_setup.dsv
[2.439s] -- Symlinking: /home/tigertronics/mecanum_ws_v2/install/mecanum_localization/share/mecanum_localization/package.dsv
[2.478s] -- Up-to-date symlink: /home/tigertronics/mecanum_ws_v2/install/mecanum_localization/share/ament_index/resource_index/packages/mecanum_localization
[2.482s] -- Up-to-date symlink: /home/tigertronics/mecanum_ws_v2/install/mecanum_localization/share/mecanum_localization/cmake/mecanum_localizationConfig.cmake
[2.482s] -- Up-to-date symlink: /home/tigertronics/mecanum_ws_v2/install/mecanum_localization/share/mecanum_localization/cmake/mecanum_localizationConfig-version.cmake
[2.483s] -- Up-to-date symlink: /home/tigertronics/mecanum_ws_v2/install/mecanum_localization/share/mecanum_localization/package.xml
[2.489s] Invoked command in '/home/tigertronics/mecanum_ws_v2/build/mecanum_localization' returned '0': CMAKE_PREFIX_PATH=${CMAKE_PREFIX_PATH}:/home/tigertronics/testing_ws/install/rqt_joint_trajectory_controller:/home/tigertronics/testing_ws/install/rqt_controller_manager:/home/tigertronics/testing_ws/install/ros2controlcli:/home/tigertronics/testing_ws/install/ros2_controllers_test_nodes:/opt/ros/jazzy DEBUGINFOD_URLS=https://debuginfod.ubuntu.com /usr/bin/cmake --install /home/tigertronics/mecanum_ws_v2/build/mecanum_localization
