[0.526s] DEBUG:colcon:Command line arguments: ['/usr/bin/colcon', 'build', '--packages-select', 'mecanum_sensors']
[0.526s] DEBUG:colcon:Parsed command line arguments: Namespace(log_base=None, log_level=None, verb_name='build', build_base='build', install_base='install', merge_install=False, symlink_install=False, test_result_base=None, continue_on_error=False, executor='parallel', parallel_workers=4, event_handlers=None, ignore_user_meta=False, metas=['./colcon.meta'], base_paths=['.'], packages_ignore=None, packages_ignore_regex=None, paths=None, packages_up_to=None, packages_up_to_regex=None, packages_above=None, packages_above_and_dependencies=None, packages_above_depth=None, packages_select_by_dep=None, packages_skip_by_dep=None, packages_skip_up_to=None, packages_select_build_failed=False, packages_skip_build_finished=False, packages_select_test_failures=False, packages_skip_test_passed=False, packages_select=['mecanum_sensors'], packages_skip=None, packages_select_regex=None, packages_skip_regex=None, packages_start=None, packages_end=None, allow_overriding=[], cmake_args=None, cmake_target=None, cmake_target_skip_unavailable=False, cmake_clean_cache=False, cmake_clean_first=False, cmake_force_configure=False, ament_cmake_args=None, catkin_cmake_args=None, catkin_skip_building_tests=False, mixin_files=None, mixin=None, verb_parser=<colcon_mixin.mixin.mixin_argument.MixinArgumentDecorator object at 0xffffad40b1a0>, verb_extension=<colcon_core.verb.build.BuildVerb object at 0xffffad5c3890>, main=<bound method BuildVerb.main of <colcon_core.verb.build.BuildVerb object at 0xffffad5c3890>>, mixin_verb=('build',))
[0.665s] Level 1:colcon.colcon_core.package_discovery:discover_packages(colcon_meta) check parameters
[0.665s] Level 1:colcon.colcon_core.package_discovery:discover_packages(recursive) check parameters
[0.666s] Level 1:colcon.colcon_core.package_discovery:discover_packages(ignore) check parameters
[0.666s] Level 1:colcon.colcon_core.package_discovery:discover_packages(path) check parameters
[0.666s] Level 1:colcon.colcon_core.package_discovery:discover_packages(colcon_meta) discover
[0.666s] Level 1:colcon.colcon_core.package_discovery:discover_packages(recursive) discover
[0.666s] INFO:colcon.colcon_core.package_discovery:Crawling recursively for packages in '/home/tigertronics/mecanum_ws_v2'
[0.666s] Level 1:colcon.colcon_core.package_identification:_identify(.) by extensions ['ignore', 'ignore_ament_install']
[0.666s] Level 1:colcon.colcon_core.package_identification:_identify(.) by extension 'ignore'
[0.666s] Level 1:colcon.colcon_core.package_identification:_identify(.) by extension 'ignore_ament_install'
[0.666s] Level 1:colcon.colcon_core.package_identification:_identify(.) by extensions ['colcon_pkg']
[0.666s] Level 1:colcon.colcon_core.package_identification:_identify(.) by extension 'colcon_pkg'
[0.666s] Level 1:colcon.colcon_core.package_identification:_identify(.) by extensions ['colcon_meta']
[0.666s] Level 1:colcon.colcon_core.package_identification:_identify(.) by extension 'colcon_meta'
[0.666s] Level 1:colcon.colcon_core.package_identification:_identify(.) by extensions ['ros']
[0.666s] Level 1:colcon.colcon_core.package_identification:_identify(.) by extension 'ros'
[0.737s] Level 1:colcon.colcon_core.package_identification:_identify(.) by extensions ['cmake', 'python']
[0.737s] Level 1:colcon.colcon_core.package_identification:_identify(.) by extension 'cmake'
[0.737s] Level 1:colcon.colcon_core.package_identification:_identify(.) by extension 'python'
[0.737s] Level 1:colcon.colcon_core.package_identification:_identify(.) by extensions ['python_setup_py']
[0.737s] Level 1:colcon.colcon_core.package_identification:_identify(.) by extension 'python_setup_py'
[0.737s] Level 1:colcon.colcon_core.package_identification:_identify(build) by extensions ['ignore', 'ignore_ament_install']
[0.737s] Level 1:colcon.colcon_core.package_identification:_identify(build) by extension 'ignore'
[0.737s] Level 1:colcon.colcon_core.package_identification:_identify(build) ignored
[0.738s] Level 1:colcon.colcon_core.package_identification:_identify(install) by extensions ['ignore', 'ignore_ament_install']
[0.738s] Level 1:colcon.colcon_core.package_identification:_identify(install) by extension 'ignore'
[0.738s] Level 1:colcon.colcon_core.package_identification:_identify(install) ignored
[0.738s] Level 1:colcon.colcon_core.package_identification:_identify(log) by extensions ['ignore', 'ignore_ament_install']
[0.738s] Level 1:colcon.colcon_core.package_identification:_identify(log) by extension 'ignore'
[0.738s] Level 1:colcon.colcon_core.package_identification:_identify(log) ignored
[0.738s] Level 1:colcon.colcon_core.package_identification:_identify(src) by extensions ['ignore', 'ignore_ament_install']
[0.738s] Level 1:colcon.colcon_core.package_identification:_identify(src) by extension 'ignore'
[0.738s] Level 1:colcon.colcon_core.package_identification:_identify(src) by extension 'ignore_ament_install'
[0.738s] Level 1:colcon.colcon_core.package_identification:_identify(src) by extensions ['colcon_pkg']
[0.738s] Level 1:colcon.colcon_core.package_identification:_identify(src) by extension 'colcon_pkg'
[0.738s] Level 1:colcon.colcon_core.package_identification:_identify(src) by extensions ['colcon_meta']
[0.738s] Level 1:colcon.colcon_core.package_identification:_identify(src) by extension 'colcon_meta'
[0.739s] Level 1:colcon.colcon_core.package_identification:_identify(src) by extensions ['ros']
[0.739s] Level 1:colcon.colcon_core.package_identification:_identify(src) by extension 'ros'
[0.739s] Level 1:colcon.colcon_core.package_identification:_identify(src) by extensions ['cmake', 'python']
[0.739s] Level 1:colcon.colcon_core.package_identification:_identify(src) by extension 'cmake'
[0.739s] Level 1:colcon.colcon_core.package_identification:_identify(src) by extension 'python'
[0.739s] Level 1:colcon.colcon_core.package_identification:_identify(src) by extensions ['python_setup_py']
[0.739s] Level 1:colcon.colcon_core.package_identification:_identify(src) by extension 'python_setup_py'
[0.739s] Level 1:colcon.colcon_core.package_identification:_identify(src/arduino_attachment) by extensions ['ignore', 'ignore_ament_install']
[0.739s] Level 1:colcon.colcon_core.package_identification:_identify(src/arduino_attachment) by extension 'ignore'
[0.739s] Level 1:colcon.colcon_core.package_identification:_identify(src/arduino_attachment) by extension 'ignore_ament_install'
[0.740s] Level 1:colcon.colcon_core.package_identification:_identify(src/arduino_attachment) by extensions ['colcon_pkg']
[0.740s] Level 1:colcon.colcon_core.package_identification:_identify(src/arduino_attachment) by extension 'colcon_pkg'
[0.740s] Level 1:colcon.colcon_core.package_identification:_identify(src/arduino_attachment) by extensions ['colcon_meta']
[0.740s] Level 1:colcon.colcon_core.package_identification:_identify(src/arduino_attachment) by extension 'colcon_meta'
[0.740s] Level 1:colcon.colcon_core.package_identification:_identify(src/arduino_attachment) by extensions ['ros']
[0.740s] Level 1:colcon.colcon_core.package_identification:_identify(src/arduino_attachment) by extension 'ros'
[0.740s] Level 1:colcon.colcon_core.package_identification:_identify(src/arduino_attachment) by extensions ['cmake', 'python']
[0.740s] Level 1:colcon.colcon_core.package_identification:_identify(src/arduino_attachment) by extension 'cmake'
[0.740s] Level 1:colcon.colcon_core.package_identification:_identify(src/arduino_attachment) by extension 'python'
[0.740s] Level 1:colcon.colcon_core.package_identification:_identify(src/arduino_attachment) by extensions ['python_setup_py']
[0.740s] Level 1:colcon.colcon_core.package_identification:_identify(src/arduino_attachment) by extension 'python_setup_py'
[0.740s] Level 1:colcon.colcon_core.package_identification:_identify(src/attachment_interface) by extensions ['ignore', 'ignore_ament_install']
[0.740s] Level 1:colcon.colcon_core.package_identification:_identify(src/attachment_interface) by extension 'ignore'
[0.741s] Level 1:colcon.colcon_core.package_identification:_identify(src/attachment_interface) by extension 'ignore_ament_install'
[0.741s] Level 1:colcon.colcon_core.package_identification:_identify(src/attachment_interface) by extensions ['colcon_pkg']
[0.741s] Level 1:colcon.colcon_core.package_identification:_identify(src/attachment_interface) by extension 'colcon_pkg'
[0.741s] Level 1:colcon.colcon_core.package_identification:_identify(src/attachment_interface) by extensions ['colcon_meta']
[0.741s] Level 1:colcon.colcon_core.package_identification:_identify(src/attachment_interface) by extension 'colcon_meta'
[0.741s] Level 1:colcon.colcon_core.package_identification:_identify(src/attachment_interface) by extensions ['ros']
[0.741s] Level 1:colcon.colcon_core.package_identification:_identify(src/attachment_interface) by extension 'ros'
[0.749s] DEBUG:colcon.colcon_core.package_identification:Package 'src/attachment_interface' with type 'ros.ament_cmake' and name 'attachment_interface'
[0.750s] Level 1:colcon.colcon_core.package_identification:_identify(src/duck_operations) by extensions ['ignore', 'ignore_ament_install']
[0.750s] Level 1:colcon.colcon_core.package_identification:_identify(src/duck_operations) by extension 'ignore'
[0.750s] Level 1:colcon.colcon_core.package_identification:_identify(src/duck_operations) by extension 'ignore_ament_install'
[0.750s] Level 1:colcon.colcon_core.package_identification:_identify(src/duck_operations) by extensions ['colcon_pkg']
[0.750s] Level 1:colcon.colcon_core.package_identification:_identify(src/duck_operations) by extension 'colcon_pkg'
[0.750s] Level 1:colcon.colcon_core.package_identification:_identify(src/duck_operations) by extensions ['colcon_meta']
[0.750s] Level 1:colcon.colcon_core.package_identification:_identify(src/duck_operations) by extension 'colcon_meta'
[0.750s] Level 1:colcon.colcon_core.package_identification:_identify(src/duck_operations) by extensions ['ros']
[0.750s] Level 1:colcon.colcon_core.package_identification:_identify(src/duck_operations) by extension 'ros'
[0.752s] DEBUG:colcon.colcon_core.package_identification:Package 'src/duck_operations' with type 'ros.ament_cmake' and name 'duck_operations'
[0.753s] Level 1:colcon.colcon_core.package_identification:_identify(src/mecanum_bringup) by extensions ['ignore', 'ignore_ament_install']
[0.753s] Level 1:colcon.colcon_core.package_identification:_identify(src/mecanum_bringup) by extension 'ignore'
[0.753s] Level 1:colcon.colcon_core.package_identification:_identify(src/mecanum_bringup) by extension 'ignore_ament_install'
[0.753s] Level 1:colcon.colcon_core.package_identification:_identify(src/mecanum_bringup) by extensions ['colcon_pkg']
[0.753s] Level 1:colcon.colcon_core.package_identification:_identify(src/mecanum_bringup) by extension 'colcon_pkg'
[0.753s] Level 1:colcon.colcon_core.package_identification:_identify(src/mecanum_bringup) by extensions ['colcon_meta']
[0.753s] Level 1:colcon.colcon_core.package_identification:_identify(src/mecanum_bringup) by extension 'colcon_meta'
[0.753s] Level 1:colcon.colcon_core.package_identification:_identify(src/mecanum_bringup) by extensions ['ros']
[0.753s] Level 1:colcon.colcon_core.package_identification:_identify(src/mecanum_bringup) by extension 'ros'
[0.754s] DEBUG:colcon.colcon_core.package_identification:Package 'src/mecanum_bringup' with type 'ros.ament_cmake' and name 'mecanum_bringup'
[0.755s] Level 1:colcon.colcon_core.package_identification:_identify(src/mecanum_description) by extensions ['ignore', 'ignore_ament_install']
[0.755s] Level 1:colcon.colcon_core.package_identification:_identify(src/mecanum_description) by extension 'ignore'
[0.755s] Level 1:colcon.colcon_core.package_identification:_identify(src/mecanum_description) by extension 'ignore_ament_install'
[0.755s] Level 1:colcon.colcon_core.package_identification:_identify(src/mecanum_description) by extensions ['colcon_pkg']
[0.755s] Level 1:colcon.colcon_core.package_identification:_identify(src/mecanum_description) by extension 'colcon_pkg'
[0.755s] Level 1:colcon.colcon_core.package_identification:_identify(src/mecanum_description) by extensions ['colcon_meta']
[0.755s] Level 1:colcon.colcon_core.package_identification:_identify(src/mecanum_description) by extension 'colcon_meta'
[0.755s] Level 1:colcon.colcon_core.package_identification:_identify(src/mecanum_description) by extensions ['ros']
[0.755s] Level 1:colcon.colcon_core.package_identification:_identify(src/mecanum_description) by extension 'ros'
[0.758s] DEBUG:colcon.colcon_core.package_identification:Package 'src/mecanum_description' with type 'ros.ament_cmake' and name 'mecanum_description'
[0.759s] Level 1:colcon.colcon_core.package_identification:_identify(src/mecanum_hardware) by extensions ['ignore', 'ignore_ament_install']
[0.759s] Level 1:colcon.colcon_core.package_identification:_identify(src/mecanum_hardware) by extension 'ignore'
[0.759s] Level 1:colcon.colcon_core.package_identification:_identify(src/mecanum_hardware) by extension 'ignore_ament_install'
[0.759s] Level 1:colcon.colcon_core.package_identification:_identify(src/mecanum_hardware) by extensions ['colcon_pkg']
[0.759s] Level 1:colcon.colcon_core.package_identification:_identify(src/mecanum_hardware) by extension 'colcon_pkg'
[0.759s] Level 1:colcon.colcon_core.package_identification:_identify(src/mecanum_hardware) by extensions ['colcon_meta']
[0.759s] Level 1:colcon.colcon_core.package_identification:_identify(src/mecanum_hardware) by extension 'colcon_meta'
[0.759s] Level 1:colcon.colcon_core.package_identification:_identify(src/mecanum_hardware) by extensions ['ros']
[0.759s] Level 1:colcon.colcon_core.package_identification:_identify(src/mecanum_hardware) by extension 'ros'
[0.761s] DEBUG:colcon.colcon_core.package_identification:Package 'src/mecanum_hardware' with type 'ros.ament_cmake' and name 'mecanum_hardware'
[0.761s] Level 1:colcon.colcon_core.package_identification:_identify(src/mecanum_localization) by extensions ['ignore', 'ignore_ament_install']
[0.761s] Level 1:colcon.colcon_core.package_identification:_identify(src/mecanum_localization) by extension 'ignore'
[0.761s] Level 1:colcon.colcon_core.package_identification:_identify(src/mecanum_localization) by extension 'ignore_ament_install'
[0.761s] Level 1:colcon.colcon_core.package_identification:_identify(src/mecanum_localization) by extensions ['colcon_pkg']
[0.761s] Level 1:colcon.colcon_core.package_identification:_identify(src/mecanum_localization) by extension 'colcon_pkg'
[0.761s] Level 1:colcon.colcon_core.package_identification:_identify(src/mecanum_localization) by extensions ['colcon_meta']
[0.761s] Level 1:colcon.colcon_core.package_identification:_identify(src/mecanum_localization) by extension 'colcon_meta'
[0.762s] Level 1:colcon.colcon_core.package_identification:_identify(src/mecanum_localization) by extensions ['ros']
[0.762s] Level 1:colcon.colcon_core.package_identification:_identify(src/mecanum_localization) by extension 'ros'
[0.765s] DEBUG:colcon.colcon_core.package_identification:Package 'src/mecanum_localization' with type 'ros.ament_cmake' and name 'mecanum_localization'
[0.765s] Level 1:colcon.colcon_core.package_identification:_identify(src/mecanum_sensors) by extensions ['ignore', 'ignore_ament_install']
[0.765s] Level 1:colcon.colcon_core.package_identification:_identify(src/mecanum_sensors) by extension 'ignore'
[0.765s] Level 1:colcon.colcon_core.package_identification:_identify(src/mecanum_sensors) by extension 'ignore_ament_install'
[0.765s] Level 1:colcon.colcon_core.package_identification:_identify(src/mecanum_sensors) by extensions ['colcon_pkg']
[0.765s] Level 1:colcon.colcon_core.package_identification:_identify(src/mecanum_sensors) by extension 'colcon_pkg'
[0.765s] Level 1:colcon.colcon_core.package_identification:_identify(src/mecanum_sensors) by extensions ['colcon_meta']
[0.765s] Level 1:colcon.colcon_core.package_identification:_identify(src/mecanum_sensors) by extension 'colcon_meta'
[0.765s] Level 1:colcon.colcon_core.package_identification:_identify(src/mecanum_sensors) by extensions ['ros']
[0.765s] Level 1:colcon.colcon_core.package_identification:_identify(src/mecanum_sensors) by extension 'ros'
[0.767s] DEBUG:colcon.colcon_core.package_identification:Package 'src/mecanum_sensors' with type 'ros.ament_cmake' and name 'mecanum_sensors'
[0.767s] Level 1:colcon.colcon_core.package_identification:_identify(src/position_verifier) by extensions ['ignore', 'ignore_ament_install']
[0.767s] Level 1:colcon.colcon_core.package_identification:_identify(src/position_verifier) by extension 'ignore'
[0.767s] Level 1:colcon.colcon_core.package_identification:_identify(src/position_verifier) by extension 'ignore_ament_install'
[0.767s] Level 1:colcon.colcon_core.package_identification:_identify(src/position_verifier) by extensions ['colcon_pkg']
[0.767s] Level 1:colcon.colcon_core.package_identification:_identify(src/position_verifier) by extension 'colcon_pkg'
[0.767s] Level 1:colcon.colcon_core.package_identification:_identify(src/position_verifier) by extensions ['colcon_meta']
[0.767s] Level 1:colcon.colcon_core.package_identification:_identify(src/position_verifier) by extension 'colcon_meta'
[0.768s] Level 1:colcon.colcon_core.package_identification:_identify(src/position_verifier) by extensions ['ros']
[0.768s] Level 1:colcon.colcon_core.package_identification:_identify(src/position_verifier) by extension 'ros'
[0.769s] DEBUG:colcon.colcon_core.package_identification:Package 'src/position_verifier' with type 'ros.ament_cmake' and name 'position_verifier'
[0.769s] Level 1:colcon.colcon_core.package_identification:_identify(src/task_manager) by extensions ['ignore', 'ignore_ament_install']
[0.769s] Level 1:colcon.colcon_core.package_identification:_identify(src/task_manager) by extension 'ignore'
[0.770s] Level 1:colcon.colcon_core.package_identification:_identify(src/task_manager) by extension 'ignore_ament_install'
[0.770s] Level 1:colcon.colcon_core.package_identification:_identify(src/task_manager) by extensions ['colcon_pkg']
[0.770s] Level 1:colcon.colcon_core.package_identification:_identify(src/task_manager) by extension 'colcon_pkg'
[0.770s] Level 1:colcon.colcon_core.package_identification:_identify(src/task_manager) by extensions ['colcon_meta']
[0.770s] Level 1:colcon.colcon_core.package_identification:_identify(src/task_manager) by extension 'colcon_meta'
[0.770s] Level 1:colcon.colcon_core.package_identification:_identify(src/task_manager) by extensions ['ros']
[0.770s] Level 1:colcon.colcon_core.package_identification:_identify(src/task_manager) by extension 'ros'
[0.771s] DEBUG:colcon.colcon_core.package_identification:Package 'src/task_manager' with type 'ros.ament_cmake' and name 'task_manager'
[0.772s] Level 1:colcon.colcon_core.package_identification:_identify(src/teensy_firmware) by extensions ['ignore', 'ignore_ament_install']
[0.772s] Level 1:colcon.colcon_core.package_identification:_identify(src/teensy_firmware) by extension 'ignore'
[0.772s] Level 1:colcon.colcon_core.package_identification:_identify(src/teensy_firmware) by extension 'ignore_ament_install'
[0.772s] Level 1:colcon.colcon_core.package_identification:_identify(src/teensy_firmware) by extensions ['colcon_pkg']
[0.772s] Level 1:colcon.colcon_core.package_identification:_identify(src/teensy_firmware) by extension 'colcon_pkg'
[0.772s] Level 1:colcon.colcon_core.package_identification:_identify(src/teensy_firmware) by extensions ['colcon_meta']
[0.772s] Level 1:colcon.colcon_core.package_identification:_identify(src/teensy_firmware) by extension 'colcon_meta'
[0.772s] Level 1:colcon.colcon_core.package_identification:_identify(src/teensy_firmware) by extensions ['ros']
[0.772s] Level 1:colcon.colcon_core.package_identification:_identify(src/teensy_firmware) by extension 'ros'
[0.772s] Level 1:colcon.colcon_core.package_identification:_identify(src/teensy_firmware) by extensions ['cmake', 'python']
[0.772s] Level 1:colcon.colcon_core.package_identification:_identify(src/teensy_firmware) by extension 'cmake'
[0.772s] Level 1:colcon.colcon_core.package_identification:_identify(src/teensy_firmware) by extension 'python'
[0.773s] Level 1:colcon.colcon_core.package_identification:_identify(src/teensy_firmware) by extensions ['python_setup_py']
[0.773s] Level 1:colcon.colcon_core.package_identification:_identify(src/teensy_firmware) by extension 'python_setup_py'
[0.776s] Level 1:colcon.colcon_core.package_identification:_identify(src/teensy_firmware/mecanum_firmware) by extensions ['ignore', 'ignore_ament_install']
[0.776s] Level 1:colcon.colcon_core.package_identification:_identify(src/teensy_firmware/mecanum_firmware) by extension 'ignore'
[0.776s] Level 1:colcon.colcon_core.package_identification:_identify(src/teensy_firmware/mecanum_firmware) by extension 'ignore_ament_install'
[0.776s] Level 1:colcon.colcon_core.package_identification:_identify(src/teensy_firmware/mecanum_firmware) by extensions ['colcon_pkg']
[0.776s] Level 1:colcon.colcon_core.package_identification:_identify(src/teensy_firmware/mecanum_firmware) by extension 'colcon_pkg'
[0.776s] Level 1:colcon.colcon_core.package_identification:_identify(src/teensy_firmware/mecanum_firmware) by extensions ['colcon_meta']
[0.776s] Level 1:colcon.colcon_core.package_identification:_identify(src/teensy_firmware/mecanum_firmware) by extension 'colcon_meta'
[0.776s] Level 1:colcon.colcon_core.package_identification:_identify(src/teensy_firmware/mecanum_firmware) by extensions ['ros']
[0.776s] Level 1:colcon.colcon_core.package_identification:_identify(src/teensy_firmware/mecanum_firmware) by extension 'ros'
[0.776s] Level 1:colcon.colcon_core.package_identification:_identify(src/teensy_firmware/mecanum_firmware) by extensions ['cmake', 'python']
[0.776s] Level 1:colcon.colcon_core.package_identification:_identify(src/teensy_firmware/mecanum_firmware) by extension 'cmake'
[0.776s] Level 1:colcon.colcon_core.package_identification:_identify(src/teensy_firmware/mecanum_firmware) by extension 'python'
[0.777s] Level 1:colcon.colcon_core.package_identification:_identify(src/teensy_firmware/mecanum_firmware) by extensions ['python_setup_py']
[0.777s] Level 1:colcon.colcon_core.package_identification:_identify(src/teensy_firmware/mecanum_firmware) by extension 'python_setup_py'
[0.777s] Level 1:colcon.colcon_core.package_identification:_identify(src/teensy_firmware/mecanum_firmware/test1.ino) by extensions ['ignore', 'ignore_ament_install']
[0.777s] Level 1:colcon.colcon_core.package_identification:_identify(src/teensy_firmware/mecanum_firmware/test1.ino) by extension 'ignore'
[0.777s] Level 1:colcon.colcon_core.package_identification:_identify(src/teensy_firmware/mecanum_firmware/test1.ino) by extension 'ignore_ament_install'
[0.777s] Level 1:colcon.colcon_core.package_identification:_identify(src/teensy_firmware/mecanum_firmware/test1.ino) by extensions ['colcon_pkg']
[0.777s] Level 1:colcon.colcon_core.package_identification:_identify(src/teensy_firmware/mecanum_firmware/test1.ino) by extension 'colcon_pkg'
[0.777s] Level 1:colcon.colcon_core.package_identification:_identify(src/teensy_firmware/mecanum_firmware/test1.ino) by extensions ['colcon_meta']
[0.777s] Level 1:colcon.colcon_core.package_identification:_identify(src/teensy_firmware/mecanum_firmware/test1.ino) by extension 'colcon_meta'
[0.778s] Level 1:colcon.colcon_core.package_identification:_identify(src/teensy_firmware/mecanum_firmware/test1.ino) by extensions ['ros']
[0.778s] Level 1:colcon.colcon_core.package_identification:_identify(src/teensy_firmware/mecanum_firmware/test1.ino) by extension 'ros'
[0.778s] Level 1:colcon.colcon_core.package_identification:_identify(src/teensy_firmware/mecanum_firmware/test1.ino) by extensions ['cmake', 'python']
[0.778s] Level 1:colcon.colcon_core.package_identification:_identify(src/teensy_firmware/mecanum_firmware/test1.ino) by extension 'cmake'
[0.778s] Level 1:colcon.colcon_core.package_identification:_identify(src/teensy_firmware/mecanum_firmware/test1.ino) by extension 'python'
[0.778s] Level 1:colcon.colcon_core.package_identification:_identify(src/teensy_firmware/mecanum_firmware/test1.ino) by extensions ['python_setup_py']
[0.778s] Level 1:colcon.colcon_core.package_identification:_identify(src/teensy_firmware/mecanum_firmware/test1.ino) by extension 'python_setup_py'
[0.778s] Level 1:colcon.colcon_core.package_identification:_identify(udev_rules) by extensions ['ignore', 'ignore_ament_install']
[0.778s] Level 1:colcon.colcon_core.package_identification:_identify(udev_rules) by extension 'ignore'
[0.779s] Level 1:colcon.colcon_core.package_identification:_identify(udev_rules) by extension 'ignore_ament_install'
[0.779s] Level 1:colcon.colcon_core.package_identification:_identify(udev_rules) by extensions ['colcon_pkg']
[0.779s] Level 1:colcon.colcon_core.package_identification:_identify(udev_rules) by extension 'colcon_pkg'
[0.779s] Level 1:colcon.colcon_core.package_identification:_identify(udev_rules) by extensions ['colcon_meta']
[0.779s] Level 1:colcon.colcon_core.package_identification:_identify(udev_rules) by extension 'colcon_meta'
[0.779s] Level 1:colcon.colcon_core.package_identification:_identify(udev_rules) by extensions ['ros']
[0.779s] Level 1:colcon.colcon_core.package_identification:_identify(udev_rules) by extension 'ros'
[0.779s] Level 1:colcon.colcon_core.package_identification:_identify(udev_rules) by extensions ['cmake', 'python']
[0.779s] Level 1:colcon.colcon_core.package_identification:_identify(udev_rules) by extension 'cmake'
[0.779s] Level 1:colcon.colcon_core.package_identification:_identify(udev_rules) by extension 'python'
[0.779s] Level 1:colcon.colcon_core.package_identification:_identify(udev_rules) by extensions ['python_setup_py']
[0.779s] Level 1:colcon.colcon_core.package_identification:_identify(udev_rules) by extension 'python_setup_py'
[0.779s] Level 1:colcon.colcon_core.package_identification:_identify({install,build,log}) by extensions ['ignore', 'ignore_ament_install']
[0.780s] Level 1:colcon.colcon_core.package_identification:_identify({install,build,log}) by extension 'ignore'
[0.780s] Level 1:colcon.colcon_core.package_identification:_identify({install,build,log}) by extension 'ignore_ament_install'
[0.780s] Level 1:colcon.colcon_core.package_identification:_identify({install,build,log}) by extensions ['colcon_pkg']
[0.780s] Level 1:colcon.colcon_core.package_identification:_identify({install,build,log}) by extension 'colcon_pkg'
[0.780s] Level 1:colcon.colcon_core.package_identification:_identify({install,build,log}) by extensions ['colcon_meta']
[0.780s] Level 1:colcon.colcon_core.package_identification:_identify({install,build,log}) by extension 'colcon_meta'
[0.780s] Level 1:colcon.colcon_core.package_identification:_identify({install,build,log}) by extensions ['ros']
[0.780s] Level 1:colcon.colcon_core.package_identification:_identify({install,build,log}) by extension 'ros'
[0.780s] Level 1:colcon.colcon_core.package_identification:_identify({install,build,log}) by extensions ['cmake', 'python']
[0.780s] Level 1:colcon.colcon_core.package_identification:_identify({install,build,log}) by extension 'cmake'
[0.780s] Level 1:colcon.colcon_core.package_identification:_identify({install,build,log}) by extension 'python'
[0.780s] Level 1:colcon.colcon_core.package_identification:_identify({install,build,log}) by extensions ['python_setup_py']
[0.780s] Level 1:colcon.colcon_core.package_identification:_identify({install,build,log}) by extension 'python_setup_py'
[0.780s] Level 1:colcon.colcon_core.package_discovery:discover_packages(recursive) using defaults
[0.780s] Level 1:colcon.colcon_core.package_discovery:discover_packages(ignore) discover
[0.781s] Level 1:colcon.colcon_core.package_discovery:discover_packages(ignore) using defaults
[0.781s] Level 1:colcon.colcon_core.package_discovery:discover_packages(path) discover
[0.781s] Level 1:colcon.colcon_core.package_discovery:discover_packages(path) using defaults
[0.850s] INFO:colcon.colcon_core.package_selection:Skipping not selected package 'attachment_interface' in 'src/attachment_interface'
[0.850s] INFO:colcon.colcon_core.package_selection:Skipping not selected package 'duck_operations' in 'src/duck_operations'
[0.850s] INFO:colcon.colcon_core.package_selection:Skipping not selected package 'mecanum_bringup' in 'src/mecanum_bringup'
[0.850s] INFO:colcon.colcon_core.package_selection:Skipping not selected package 'mecanum_description' in 'src/mecanum_description'
[0.850s] INFO:colcon.colcon_core.package_selection:Skipping not selected package 'mecanum_hardware' in 'src/mecanum_hardware'
[0.850s] INFO:colcon.colcon_core.package_selection:Skipping not selected package 'mecanum_localization' in 'src/mecanum_localization'
[0.850s] INFO:colcon.colcon_core.package_selection:Skipping not selected package 'position_verifier' in 'src/position_verifier'
[0.850s] INFO:colcon.colcon_core.package_selection:Skipping not selected package 'task_manager' in 'src/task_manager'
[0.851s] Level 1:colcon.colcon_core.package_discovery:discover_packages(prefix_path) check parameters
[0.851s] Level 1:colcon.colcon_core.package_discovery:discover_packages(prefix_path) discover
[0.858s] WARNING:colcon.colcon_ros.prefix_path.ament:The path '/home/tigertronics/mecanum_ws_v2/install/mecanum_sensors' in the environment variable AMENT_PREFIX_PATH doesn't exist
[0.890s] WARNING:colcon.colcon_ros.prefix_path.catkin:The path '/home/tigertronics/mecanum_ws_v2/install/mecanum_sensors' in the environment variable CMAKE_PREFIX_PATH doesn't exist
[0.905s] DEBUG:colcon.colcon_installed_package_information.package_discovery:Found 8 installed packages in /home/tigertronics/mecanum_ws_v2/install
[1.073s] DEBUG:colcon.colcon_installed_package_information.package_discovery:Found 72 installed packages in /home/tigertronics/testing_ws/install
[1.075s] DEBUG:colcon.colcon_installed_package_information.package_discovery:Found 0 installed packages in /home/tigertronics/tigert_ws/install
[1.081s] DEBUG:colcon.colcon_installed_package_information.package_discovery:Found 437 installed packages in /opt/ros/jazzy
[1.087s] Level 1:colcon.colcon_core.package_discovery:discover_packages(prefix_path) using defaults
[1.607s] Level 5:colcon.colcon_core.verb:set package 'mecanum_sensors' build argument 'cmake_args' from command line to 'None'
[1.607s] Level 5:colcon.colcon_core.verb:set package 'mecanum_sensors' build argument 'cmake_target' from command line to 'None'
[1.607s] Level 5:colcon.colcon_core.verb:set package 'mecanum_sensors' build argument 'cmake_target_skip_unavailable' from command line to 'False'
[1.607s] Level 5:colcon.colcon_core.verb:set package 'mecanum_sensors' build argument 'cmake_clean_cache' from command line to 'False'
[1.607s] Level 5:colcon.colcon_core.verb:set package 'mecanum_sensors' build argument 'cmake_clean_first' from command line to 'False'
[1.607s] Level 5:colcon.colcon_core.verb:set package 'mecanum_sensors' build argument 'cmake_force_configure' from command line to 'False'
[1.607s] Level 5:colcon.colcon_core.verb:set package 'mecanum_sensors' build argument 'ament_cmake_args' from command line to 'None'
[1.607s] Level 5:colcon.colcon_core.verb:set package 'mecanum_sensors' build argument 'catkin_cmake_args' from command line to 'None'
[1.607s] Level 5:colcon.colcon_core.verb:set package 'mecanum_sensors' build argument 'catkin_skip_building_tests' from command line to 'False'
[1.607s] DEBUG:colcon.colcon_core.verb:Building package 'mecanum_sensors' with the following arguments: {'ament_cmake_args': None, 'build_base': '/home/tigertronics/mecanum_ws_v2/build/mecanum_sensors', 'catkin_cmake_args': None, 'catkin_skip_building_tests': False, 'cmake_args': None, 'cmake_clean_cache': False, 'cmake_clean_first': False, 'cmake_force_configure': False, 'cmake_target': None, 'cmake_target_skip_unavailable': False, 'install_base': '/home/tigertronics/mecanum_ws_v2/install/mecanum_sensors', 'merge_install': False, 'path': '/home/tigertronics/mecanum_ws_v2/src/mecanum_sensors', 'symlink_install': False, 'test_result_base': None}
[1.607s] INFO:colcon.colcon_core.executor:Executing jobs using 'parallel' executor
[1.608s] DEBUG:colcon.colcon_parallel_executor.executor.parallel:run_until_complete
[1.609s] INFO:colcon.colcon_ros.task.ament_cmake.build:Building ROS package in '/home/tigertronics/mecanum_ws_v2/src/mecanum_sensors' with build type 'ament_cmake'
[1.609s] INFO:colcon.colcon_cmake.task.cmake.build:Building CMake package in '/home/tigertronics/mecanum_ws_v2/src/mecanum_sensors'
[1.621s] INFO:colcon.colcon_core.plugin_system:Skipping extension 'colcon_core.shell.bat': Not used on non-Windows systems
[1.621s] INFO:colcon.colcon_core.shell:Skip shell extension 'powershell' for command environment: Not usable outside of PowerShell
[1.621s] DEBUG:colcon.colcon_core.shell:Skip shell extension 'dsv' for command environment
[1.646s] DEBUG:colcon.colcon_core.event_handler.log_command:Invoking command in '/home/tigertronics/mecanum_ws_v2/build/mecanum_sensors': CMAKE_PREFIX_PATH=${CMAKE_PREFIX_PATH}:/home/tigertronics/testing_ws/install/rqt_joint_trajectory_controller:/home/tigertronics/testing_ws/install/rqt_controller_manager:/home/tigertronics/testing_ws/install/ros2controlcli:/home/tigertronics/testing_ws/install/ros2_controllers_test_nodes:/opt/ros/jazzy DEBUGINFOD_URLS=https://debuginfod.ubuntu.com /usr/bin/cmake /home/tigertronics/mecanum_ws_v2/src/mecanum_sensors -DCMAKE_INSTALL_PREFIX=/home/tigertronics/mecanum_ws_v2/install/mecanum_sensors
[7.306s] DEBUG:colcon.colcon_core.event_handler.log_command:Invoked command in '/home/tigertronics/mecanum_ws_v2/build/mecanum_sensors' returned '0': CMAKE_PREFIX_PATH=${CMAKE_PREFIX_PATH}:/home/tigertronics/testing_ws/install/rqt_joint_trajectory_controller:/home/tigertronics/testing_ws/install/rqt_controller_manager:/home/tigertronics/testing_ws/install/ros2controlcli:/home/tigertronics/testing_ws/install/ros2_controllers_test_nodes:/opt/ros/jazzy DEBUGINFOD_URLS=https://debuginfod.ubuntu.com /usr/bin/cmake /home/tigertronics/mecanum_ws_v2/src/mecanum_sensors -DCMAKE_INSTALL_PREFIX=/home/tigertronics/mecanum_ws_v2/install/mecanum_sensors
[7.308s] DEBUG:colcon.colcon_core.event_handler.log_command:Invoking command in '/home/tigertronics/mecanum_ws_v2/build/mecanum_sensors': CMAKE_PREFIX_PATH=${CMAKE_PREFIX_PATH}:/home/tigertronics/testing_ws/install/rqt_joint_trajectory_controller:/home/tigertronics/testing_ws/install/rqt_controller_manager:/home/tigertronics/testing_ws/install/ros2controlcli:/home/tigertronics/testing_ws/install/ros2_controllers_test_nodes:/opt/ros/jazzy DEBUGINFOD_URLS=https://debuginfod.ubuntu.com /usr/bin/cmake --build /home/tigertronics/mecanum_ws_v2/build/mecanum_sensors -- -j4 -l4
[52.703s] DEBUG:colcon.colcon_core.event_handler.log_command:Invoked command in '/home/tigertronics/mecanum_ws_v2/build/mecanum_sensors' returned '0': CMAKE_PREFIX_PATH=${CMAKE_PREFIX_PATH}:/home/tigertronics/testing_ws/install/rqt_joint_trajectory_controller:/home/tigertronics/testing_ws/install/rqt_controller_manager:/home/tigertronics/testing_ws/install/ros2controlcli:/home/tigertronics/testing_ws/install/ros2_controllers_test_nodes:/opt/ros/jazzy DEBUGINFOD_URLS=https://debuginfod.ubuntu.com /usr/bin/cmake --build /home/tigertronics/mecanum_ws_v2/build/mecanum_sensors -- -j4 -l4
[52.750s] DEBUG:colcon.colcon_core.event_handler.log_command:Invoking command in '/home/tigertronics/mecanum_ws_v2/build/mecanum_sensors': CMAKE_PREFIX_PATH=${CMAKE_PREFIX_PATH}:/home/tigertronics/testing_ws/install/rqt_joint_trajectory_controller:/home/tigertronics/testing_ws/install/rqt_controller_manager:/home/tigertronics/testing_ws/install/ros2controlcli:/home/tigertronics/testing_ws/install/ros2_controllers_test_nodes:/opt/ros/jazzy DEBUGINFOD_URLS=https://debuginfod.ubuntu.com /usr/bin/cmake --install /home/tigertronics/mecanum_ws_v2/build/mecanum_sensors
[52.833s] Level 1:colcon.colcon_core.environment:create_environment_scripts_only(mecanum_sensors)
[52.834s] DEBUG:colcon.colcon_core.event_handler.log_command:Invoked command in '/home/tigertronics/mecanum_ws_v2/build/mecanum_sensors' returned '0': CMAKE_PREFIX_PATH=${CMAKE_PREFIX_PATH}:/home/tigertronics/testing_ws/install/rqt_joint_trajectory_controller:/home/tigertronics/testing_ws/install/rqt_controller_manager:/home/tigertronics/testing_ws/install/ros2controlcli:/home/tigertronics/testing_ws/install/ros2_controllers_test_nodes:/opt/ros/jazzy DEBUGINFOD_URLS=https://debuginfod.ubuntu.com /usr/bin/cmake --install /home/tigertronics/mecanum_ws_v2/build/mecanum_sensors
[52.863s] Level 1:colcon.colcon_core.environment:checking '/home/tigertronics/mecanum_ws_v2/install/mecanum_sensors' for CMake module files
[52.864s] Level 1:colcon.colcon_core.environment:checking '/home/tigertronics/mecanum_ws_v2/install/mecanum_sensors' for CMake config files
[52.864s] Level 1:colcon.colcon_core.shell:create_environment_hook('mecanum_sensors', 'cmake_prefix_path')
[52.865s] INFO:colcon.colcon_core.shell:Creating environment hook '/home/tigertronics/mecanum_ws_v2/install/mecanum_sensors/share/mecanum_sensors/hook/cmake_prefix_path.ps1'
[52.869s] INFO:colcon.colcon_core.shell:Creating environment descriptor '/home/tigertronics/mecanum_ws_v2/install/mecanum_sensors/share/mecanum_sensors/hook/cmake_prefix_path.dsv'
[52.870s] INFO:colcon.colcon_core.shell:Creating environment hook '/home/tigertronics/mecanum_ws_v2/install/mecanum_sensors/share/mecanum_sensors/hook/cmake_prefix_path.sh'
[52.872s] Level 1:colcon.colcon_core.environment:checking '/home/tigertronics/mecanum_ws_v2/install/mecanum_sensors/lib'
[52.872s] Level 1:colcon.colcon_core.environment:checking '/home/tigertronics/mecanum_ws_v2/install/mecanum_sensors/bin'
[52.872s] Level 1:colcon.colcon_core.environment:checking '/home/tigertronics/mecanum_ws_v2/install/mecanum_sensors/lib/pkgconfig/mecanum_sensors.pc'
[52.873s] Level 1:colcon.colcon_core.environment:checking '/home/tigertronics/mecanum_ws_v2/install/mecanum_sensors/lib/python3.12/site-packages'
[52.873s] Level 1:colcon.colcon_core.environment:checking '/home/tigertronics/mecanum_ws_v2/install/mecanum_sensors/bin'
[52.874s] INFO:colcon.colcon_core.shell:Creating package script '/home/tigertronics/mecanum_ws_v2/install/mecanum_sensors/share/mecanum_sensors/package.ps1'
[52.875s] INFO:colcon.colcon_core.shell:Creating package descriptor '/home/tigertronics/mecanum_ws_v2/install/mecanum_sensors/share/mecanum_sensors/package.dsv'
[52.876s] INFO:colcon.colcon_core.shell:Creating package script '/home/tigertronics/mecanum_ws_v2/install/mecanum_sensors/share/mecanum_sensors/package.sh'
[52.878s] INFO:colcon.colcon_core.shell:Creating package script '/home/tigertronics/mecanum_ws_v2/install/mecanum_sensors/share/mecanum_sensors/package.bash'
[52.880s] INFO:colcon.colcon_core.shell:Creating package script '/home/tigertronics/mecanum_ws_v2/install/mecanum_sensors/share/mecanum_sensors/package.zsh'
[52.882s] Level 1:colcon.colcon_core.environment:create_file_with_runtime_dependencies(/home/tigertronics/mecanum_ws_v2/install/mecanum_sensors/share/colcon-core/packages/mecanum_sensors)
[52.883s] Level 1:colcon.colcon_core.environment:create_environment_scripts_only(mecanum_sensors)
[52.883s] Level 1:colcon.colcon_core.environment:checking '/home/tigertronics/mecanum_ws_v2/install/mecanum_sensors' for CMake module files
[52.884s] Level 1:colcon.colcon_core.environment:checking '/home/tigertronics/mecanum_ws_v2/install/mecanum_sensors' for CMake config files
[52.884s] Level 1:colcon.colcon_core.shell:create_environment_hook('mecanum_sensors', 'cmake_prefix_path')
[52.884s] INFO:colcon.colcon_core.shell:Creating environment hook '/home/tigertronics/mecanum_ws_v2/install/mecanum_sensors/share/mecanum_sensors/hook/cmake_prefix_path.ps1'
[52.885s] INFO:colcon.colcon_core.shell:Creating environment descriptor '/home/tigertronics/mecanum_ws_v2/install/mecanum_sensors/share/mecanum_sensors/hook/cmake_prefix_path.dsv'
[52.886s] INFO:colcon.colcon_core.shell:Creating environment hook '/home/tigertronics/mecanum_ws_v2/install/mecanum_sensors/share/mecanum_sensors/hook/cmake_prefix_path.sh'
[52.887s] Level 1:colcon.colcon_core.environment:checking '/home/tigertronics/mecanum_ws_v2/install/mecanum_sensors/lib'
[52.887s] Level 1:colcon.colcon_core.environment:checking '/home/tigertronics/mecanum_ws_v2/install/mecanum_sensors/bin'
[52.887s] Level 1:colcon.colcon_core.environment:checking '/home/tigertronics/mecanum_ws_v2/install/mecanum_sensors/lib/pkgconfig/mecanum_sensors.pc'
[52.887s] Level 1:colcon.colcon_core.environment:checking '/home/tigertronics/mecanum_ws_v2/install/mecanum_sensors/lib/python3.12/site-packages'
[52.888s] Level 1:colcon.colcon_core.environment:checking '/home/tigertronics/mecanum_ws_v2/install/mecanum_sensors/bin'
[52.889s] INFO:colcon.colcon_core.shell:Creating package script '/home/tigertronics/mecanum_ws_v2/install/mecanum_sensors/share/mecanum_sensors/package.ps1'
[52.890s] INFO:colcon.colcon_core.shell:Creating package descriptor '/home/tigertronics/mecanum_ws_v2/install/mecanum_sensors/share/mecanum_sensors/package.dsv'
[52.891s] INFO:colcon.colcon_core.shell:Creating package script '/home/tigertronics/mecanum_ws_v2/install/mecanum_sensors/share/mecanum_sensors/package.sh'
[52.892s] INFO:colcon.colcon_core.shell:Creating package script '/home/tigertronics/mecanum_ws_v2/install/mecanum_sensors/share/mecanum_sensors/package.bash'
[52.893s] INFO:colcon.colcon_core.shell:Creating package script '/home/tigertronics/mecanum_ws_v2/install/mecanum_sensors/share/mecanum_sensors/package.zsh'
[52.894s] Level 1:colcon.colcon_core.environment:create_file_with_runtime_dependencies(/home/tigertronics/mecanum_ws_v2/install/mecanum_sensors/share/colcon-core/packages/mecanum_sensors)
[52.895s] DEBUG:colcon.colcon_parallel_executor.executor.parallel:closing loop
[52.896s] DEBUG:colcon.colcon_parallel_executor.executor.parallel:loop closed
[52.896s] DEBUG:colcon.colcon_parallel_executor.executor.parallel:run_until_complete finished with '0'
[52.896s] DEBUG:colcon.colcon_core.event_reactor:joining thread
[52.957s] INFO:colcon.colcon_core.plugin_system:Skipping extension 'colcon_notification.desktop_notification.terminal_notifier': Not used on non-Darwin systems
[52.957s] INFO:colcon.colcon_core.plugin_system:Skipping extension 'colcon_notification.desktop_notification.win32': Not used on non-Windows systems
[52.957s] INFO:colcon.colcon_notification.desktop_notification:Sending desktop notification using 'notify2'
[53.204s] DEBUG:colcon.colcon_core.event_reactor:joined thread
[53.205s] INFO:colcon.colcon_core.shell:Creating prefix script '/home/tigertronics/mecanum_ws_v2/install/local_setup.ps1'
[53.213s] INFO:colcon.colcon_core.shell:Creating prefix util module '/home/tigertronics/mecanum_ws_v2/install/_local_setup_util_ps1.py'
[53.219s] INFO:colcon.colcon_core.shell:Creating prefix chain script '/home/tigertronics/mecanum_ws_v2/install/setup.ps1'
[53.288s] INFO:colcon.colcon_core.shell:Creating prefix script '/home/tigertronics/mecanum_ws_v2/install/local_setup.sh'
[53.295s] INFO:colcon.colcon_core.shell:Creating prefix util module '/home/tigertronics/mecanum_ws_v2/install/_local_setup_util_sh.py'
[53.296s] INFO:colcon.colcon_core.shell:Creating prefix chain script '/home/tigertronics/mecanum_ws_v2/install/setup.sh'
[53.308s] INFO:colcon.colcon_core.shell:Creating prefix script '/home/tigertronics/mecanum_ws_v2/install/local_setup.bash'
[53.311s] INFO:colcon.colcon_core.shell:Creating prefix chain script '/home/tigertronics/mecanum_ws_v2/install/setup.bash'
[53.324s] INFO:colcon.colcon_core.shell:Creating prefix script '/home/tigertronics/mecanum_ws_v2/install/local_setup.zsh'
[53.327s] INFO:colcon.colcon_core.shell:Creating prefix chain script '/home/tigertronics/mecanum_ws_v2/install/setup.zsh'
