[0.037s] Invoking command in '/home/tigertronics/mecanum_ws_v2/build/mecanum_sensors': CMAKE_PREFIX_PATH=${CMAKE_PREFIX_PATH}:/home/tigertronics/testing_ws/install/rqt_joint_trajectory_controller:/home/tigertronics/testing_ws/install/rqt_controller_manager:/home/tigertronics/testing_ws/install/ros2controlcli:/home/tigertronics/testing_ws/install/ros2_controllers_test_nodes:/opt/ros/jazzy DEBUGINFOD_URLS=https://debuginfod.ubuntu.com /usr/bin/cmake /home/tigertronics/mecanum_ws_v2/src/mecanum_sensors -DCMAKE_INSTALL_PREFIX=/home/tigertronics/mecanum_ws_v2/install/mecanum_sensors
[0.789s] -- The C compiler identification is GNU 13.3.0
[1.182s] -- The CXX compiler identification is GNU 13.3.0
[1.232s] -- Detecting C compiler ABI info
[1.537s] -- Detecting C compiler ABI info - done
[1.553s] -- Check for working C compiler: /usr/bin/cc - skipped
[1.554s] -- Detecting C compile features
[1.555s] -- Detecting C compile features - done
[1.575s] -- Detecting CXX compiler ABI info
[1.840s] -- Detecting CXX compiler ABI info - done
[1.856s] -- Check for working CXX compiler: /usr/bin/c++ - skipped
[1.857s] -- Detecting CXX compile features
[1.858s] -- Detecting CXX compile features - done
[2.473s] -- Found ament_cmake: 2.5.5 (/opt/ros/jazzy/share/ament_cmake/cmake)
[2.880s] -- Found Python3: /usr/bin/python3 (found version "3.12.3") found components: Interpreter 
[3.332s] -- Found rclcpp: 28.1.16 (/opt/ros/jazzy/share/rclcpp/cmake)
[3.566s] -- Found rosidl_generator_c: 4.6.7 (/opt/ros/jazzy/share/rosidl_generator_c/cmake)
[3.645s] -- Found rosidl_generator_cpp: 4.6.7 (/opt/ros/jazzy/share/rosidl_generator_cpp/cmake)
[3.736s] -- Using all available rosidl_typesupport_c: rosidl_typesupport_fastrtps_c;rosidl_typesupport_introspection_c
[3.829s] -- Using all available rosidl_typesupport_cpp: rosidl_typesupport_fastrtps_cpp;rosidl_typesupport_introspection_cpp
[4.146s] -- Found rmw_implementation_cmake: 7.3.3 (/opt/ros/jazzy/share/rmw_implementation_cmake/cmake)
[4.174s] -- Found rmw_fastrtps_cpp: 8.4.3 (/opt/ros/jazzy/share/rmw_fastrtps_cpp/cmake)
[4.556s] -- Found OpenSSL: /usr/lib/aarch64-linux-gnu/libcrypto.so (found version "3.0.13")  
[4.599s] -- Found FastRTPS: /opt/ros/jazzy/include (Required is at least version "2.13") 
[4.651s] -- Using RMW implementation 'rmw_fastrtps_cpp' as default
[4.914s] -- Found std_msgs: 5.3.6 (/opt/ros/jazzy/share/std_msgs/cmake)
[4.968s] -- Found sensor_msgs: 5.3.6 (/opt/ros/jazzy/share/sensor_msgs/cmake)
[5.077s] -- Found cv_bridge: 4.1.0 (/opt/ros/jazzy/share/cv_bridge/cmake)
[5.163s] -- Found image_transport: 5.1.7 (/opt/ros/jazzy/share/image_transport/cmake)
[5.304s] -- Found OpenCV: /usr (found version "4.6.0") 
[5.592s] -- Configuring done (5.3s)
[5.660s] -- Generating done (0.0s)
[5.675s] -- Build files have been written to: /home/tigertronics/mecanum_ws_v2/build/mecanum_sensors
[5.697s] Invoked command in '/home/tigertronics/mecanum_ws_v2/build/mecanum_sensors' returned '0': CMAKE_PREFIX_PATH=${CMAKE_PREFIX_PATH}:/home/tigertronics/testing_ws/install/rqt_joint_trajectory_controller:/home/tigertronics/testing_ws/install/rqt_controller_manager:/home/tigertronics/testing_ws/install/ros2controlcli:/home/tigertronics/testing_ws/install/ros2_controllers_test_nodes:/opt/ros/jazzy DEBUGINFOD_URLS=https://debuginfod.ubuntu.com /usr/bin/cmake /home/tigertronics/mecanum_ws_v2/src/mecanum_sensors -DCMAKE_INSTALL_PREFIX=/home/tigertronics/mecanum_ws_v2/install/mecanum_sensors
[5.699s] Invoking command in '/home/tigertronics/mecanum_ws_v2/build/mecanum_sensors': CMAKE_PREFIX_PATH=${CMAKE_PREFIX_PATH}:/home/tigertronics/testing_ws/install/rqt_joint_trajectory_controller:/home/tigertronics/testing_ws/install/rqt_controller_manager:/home/tigertronics/testing_ws/install/ros2controlcli:/home/tigertronics/testing_ws/install/ros2_controllers_test_nodes:/opt/ros/jazzy DEBUGINFOD_URLS=https://debuginfod.ubuntu.com /usr/bin/cmake --build /home/tigertronics/mecanum_ws_v2/build/mecanum_sensors -- -j4 -l4
[5.875s] [ 12%] [32mBuilding CXX object CMakeFiles/tof_node.dir/src/tof_node.cpp.o[0m
[5.877s] [ 25%] [32mBuilding CXX object CMakeFiles/teensy_bridge_node.dir/src/teensy_bridge_node.cpp.o[0m
[5.878s] [ 37%] [32mBuilding CXX object CMakeFiles/imu_node.dir/src/imu_node.cpp.o[0m
[5.883s] [ 50%] [32mBuilding CXX object CMakeFiles/fixture_detector_node.dir/src/fixture_detector_node.cpp.o[0m
[36.717s] [ 75%] [32m[1mLinking CXX executable tof_node[0m
[36.720s] [ 75%] [32m[1mLinking CXX executable imu_node[0m
[38.145s] [ 75%] Built target tof_node
[38.155s] [ 75%] Built target imu_node
[41.101s] [ 87%] [32m[1mLinking CXX executable teensy_bridge_node[0m
[41.994s] [ 87%] Built target teensy_bridge_node
[49.128s] [100%] [32m[1mLinking CXX executable fixture_detector_node[0m
[51.043s] [100%] Built target fixture_detector_node
[51.094s] Invoked command in '/home/tigertronics/mecanum_ws_v2/build/mecanum_sensors' returned '0': CMAKE_PREFIX_PATH=${CMAKE_PREFIX_PATH}:/home/tigertronics/testing_ws/install/rqt_joint_trajectory_controller:/home/tigertronics/testing_ws/install/rqt_controller_manager:/home/tigertronics/testing_ws/install/ros2controlcli:/home/tigertronics/testing_ws/install/ros2_controllers_test_nodes:/opt/ros/jazzy DEBUGINFOD_URLS=https://debuginfod.ubuntu.com /usr/bin/cmake --build /home/tigertronics/mecanum_ws_v2/build/mecanum_sensors -- -j4 -l4
[51.141s] Invoking command in '/home/tigertronics/mecanum_ws_v2/build/mecanum_sensors': CMAKE_PREFIX_PATH=${CMAKE_PREFIX_PATH}:/home/tigertronics/testing_ws/install/rqt_joint_trajectory_controller:/home/tigertronics/testing_ws/install/rqt_controller_manager:/home/tigertronics/testing_ws/install/ros2controlcli:/home/tigertronics/testing_ws/install/ros2_controllers_test_nodes:/opt/ros/jazzy DEBUGINFOD_URLS=https://debuginfod.ubuntu.com /usr/bin/cmake --install /home/tigertronics/mecanum_ws_v2/build/mecanum_sensors
[51.175s] -- Install configuration: ""
[51.175s] -- Installing: /home/tigertronics/mecanum_ws_v2/install/mecanum_sensors/lib/mecanum_sensors/teensy_bridge_node
[51.181s] -- Set non-toolchain portion of runtime path of "/home/tigertronics/mecanum_ws_v2/install/mecanum_sensors/lib/mecanum_sensors/teensy_bridge_node" to ""
[51.181s] -- Installing: /home/tigertronics/mecanum_ws_v2/install/mecanum_sensors/lib/mecanum_sensors/fixture_detector_node
[51.193s] -- Set non-toolchain portion of runtime path of "/home/tigertronics/mecanum_ws_v2/install/mecanum_sensors/lib/mecanum_sensors/fixture_detector_node" to ""
[51.193s] -- Installing: /home/tigertronics/mecanum_ws_v2/install/mecanum_sensors/lib/mecanum_sensors/imu_node
[51.196s] -- Set non-toolchain portion of runtime path of "/home/tigertronics/mecanum_ws_v2/install/mecanum_sensors/lib/mecanum_sensors/imu_node" to ""
[51.196s] -- Installing: /home/tigertronics/mecanum_ws_v2/install/mecanum_sensors/lib/mecanum_sensors/tof_node
[51.200s] -- Set non-toolchain portion of runtime path of "/home/tigertronics/mecanum_ws_v2/install/mecanum_sensors/lib/mecanum_sensors/tof_node" to ""
[51.203s] -- Installing: /home/tigertronics/mecanum_ws_v2/install/mecanum_sensors/include
[51.203s] -- Installing: /home/tigertronics/mecanum_ws_v2/install/mecanum_sensors/include/mecanum_sensors
[51.204s] -- Installing: /home/tigertronics/mecanum_ws_v2/install/mecanum_sensors/include/mecanum_sensors/fixture_detector_node.hpp
[51.204s] -- Installing: /home/tigertronics/mecanum_ws_v2/install/mecanum_sensors/include/mecanum_sensors/teensy_bridge_node.hpp
[51.206s] -- Installing: /home/tigertronics/mecanum_ws_v2/install/mecanum_sensors/share/ament_index/resource_index/package_run_dependencies/mecanum_sensors
[51.206s] -- Installing: /home/tigertronics/mecanum_ws_v2/install/mecanum_sensors/share/ament_index/resource_index/parent_prefix_path/mecanum_sensors
[51.209s] -- Installing: /home/tigertronics/mecanum_ws_v2/install/mecanum_sensors/share/mecanum_sensors/environment/ament_prefix_path.sh
[51.209s] -- Installing: /home/tigertronics/mecanum_ws_v2/install/mecanum_sensors/share/mecanum_sensors/environment/ament_prefix_path.dsv
[51.210s] -- Installing: /home/tigertronics/mecanum_ws_v2/install/mecanum_sensors/share/mecanum_sensors/environment/path.sh
[51.210s] -- Installing: /home/tigertronics/mecanum_ws_v2/install/mecanum_sensors/share/mecanum_sensors/environment/path.dsv
[51.211s] -- Installing: /home/tigertronics/mecanum_ws_v2/install/mecanum_sensors/share/mecanum_sensors/local_setup.bash
[51.211s] -- Installing: /home/tigertronics/mecanum_ws_v2/install/mecanum_sensors/share/mecanum_sensors/local_setup.sh
[51.212s] -- Installing: /home/tigertronics/mecanum_ws_v2/install/mecanum_sensors/share/mecanum_sensors/local_setup.zsh
[51.214s] -- Installing: /home/tigertronics/mecanum_ws_v2/install/mecanum_sensors/share/mecanum_sensors/local_setup.dsv
[51.215s] -- Installing: /home/tigertronics/mecanum_ws_v2/install/mecanum_sensors/share/mecanum_sensors/package.dsv
[51.216s] -- Installing: /home/tigertronics/mecanum_ws_v2/install/mecanum_sensors/share/ament_index/resource_index/packages/mecanum_sensors
[51.216s] -- Installing: /home/tigertronics/mecanum_ws_v2/install/mecanum_sensors/share/mecanum_sensors/cmake/mecanum_sensorsConfig.cmake
[51.217s] -- Installing: /home/tigertronics/mecanum_ws_v2/install/mecanum_sensors/share/mecanum_sensors/cmake/mecanum_sensorsConfig-version.cmake
[51.219s] -- Installing: /home/tigertronics/mecanum_ws_v2/install/mecanum_sensors/share/mecanum_sensors/package.xml
[51.225s] Invoked command in '/home/tigertronics/mecanum_ws_v2/build/mecanum_sensors' returned '0': CMAKE_PREFIX_PATH=${CMAKE_PREFIX_PATH}:/home/tigertronics/testing_ws/install/rqt_joint_trajectory_controller:/home/tigertronics/testing_ws/install/rqt_controller_manager:/home/tigertronics/testing_ws/install/ros2controlcli:/home/tigertronics/testing_ws/install/ros2_controllers_test_nodes:/opt/ros/jazzy DEBUGINFOD_URLS=https://debuginfod.ubuntu.com /usr/bin/cmake --install /home/tigertronics/mecanum_ws_v2/build/mecanum_sensors
