[0.149s] Invoking command in '/home/tigertronics/mecanum_ws_v2/build/mecanum_localization': CMAKE_PREFIX_PATH=${CMAKE_PREFIX_PATH}:/home/tigertronics/testing_ws/install/rqt_joint_trajectory_controller:/home/tigertronics/testing_ws/install/rqt_controller_manager:/home/tigertronics/testing_ws/install/ros2controlcli:/home/tigertronics/testing_ws/install/ros2_controllers_test_nodes:/opt/ros/jazzy DEBUGINFOD_URLS=https://debuginfod.ubuntu.com /usr/bin/cmake --build /home/tigertronics/mecanum_ws_v2/build/mecanum_localization -- -j4 -l4
[0.467s] [ 33%] Built target initial_pose_publisher
[0.501s] [ 66%] Built target odometry_publisher
[0.523s] [100%] Built target white_line_corrector
[0.577s] Invoked command in '/home/tigertronics/mecanum_ws_v2/build/mecanum_localization' returned '0': CMAKE_PREFIX_PATH=${CMAKE_PREFIX_PATH}:/home/tigertronics/testing_ws/install/rqt_joint_trajectory_controller:/home/tigertronics/testing_ws/install/rqt_controller_manager:/home/tigertronics/testing_ws/install/ros2controlcli:/home/tigertronics/testing_ws/install/ros2_controllers_test_nodes:/opt/ros/jazzy DEBUGINFOD_URLS=https://debuginfod.ubuntu.com /usr/bin/cmake --build /home/tigertronics/mecanum_ws_v2/build/mecanum_localization -- -j4 -l4
[0.578s] Invoking command in '/home/tigertronics/mecanum_ws_v2/build/mecanum_localization': CMAKE_PREFIX_PATH=${CMAKE_PREFIX_PATH}:/home/tigertronics/testing_ws/install/rqt_joint_trajectory_controller:/home/tigertronics/testing_ws/install/rqt_controller_manager:/home/tigertronics/testing_ws/install/ros2controlcli:/home/tigertronics/testing_ws/install/ros2_controllers_test_nodes:/opt/ros/jazzy DEBUGINFOD_URLS=https://debuginfod.ubuntu.com /usr/bin/cmake --install /home/tigertronics/mecanum_ws_v2/build/mecanum_localization
[0.623s] -- Install configuration: ""
[0.623s] -- Execute custom install script
[0.624s] -- Up-to-date symlink: /home/tigertronics/mecanum_ws_v2/install/mecanum_localization/lib/mecanum_localization/odometry_publisher
[0.625s] -- Up-to-date symlink: /home/tigertronics/mecanum_ws_v2/install/mecanum_localization/lib/mecanum_localization/initial_pose_publisher
[0.625s] -- Up-to-date symlink: /home/tigertronics/mecanum_ws_v2/install/mecanum_localization/lib/mecanum_localization/white_line_corrector
[0.625s] -- Up-to-date symlink: /home/tigertronics/mecanum_ws_v2/install/mecanum_localization/include/mecanum_localization/odometry_publisher.hpp
[0.626s] -- Up-to-date symlink: /home/tigertronics/mecanum_ws_v2/install/mecanum_localization/share/ament_index/resource_index/package_run_dependencies/mecanum_localization
[0.627s] -- Up-to-date symlink: /home/tigertronics/mecanum_ws_v2/install/mecanum_localization/share/ament_index/resource_index/parent_prefix_path/mecanum_localization
[0.630s] -- Up-to-date symlink: /home/tigertronics/mecanum_ws_v2/install/mecanum_localization/share/mecanum_localization/environment/ament_prefix_path.sh
[0.630s] -- Up-to-date symlink: /home/tigertronics/mecanum_ws_v2/install/mecanum_localization/share/mecanum_localization/environment/ament_prefix_path.dsv
[0.631s] -- Up-to-date symlink: /home/tigertronics/mecanum_ws_v2/install/mecanum_localization/share/mecanum_localization/environment/path.sh
[0.631s] -- Up-to-date symlink: /home/tigertronics/mecanum_ws_v2/install/mecanum_localization/share/mecanum_localization/environment/path.dsv
[0.631s] -- Up-to-date symlink: /home/tigertronics/mecanum_ws_v2/install/mecanum_localization/share/mecanum_localization/local_setup.bash
[0.632s] -- Up-to-date symlink: /home/tigertronics/mecanum_ws_v2/install/mecanum_localization/share/mecanum_localization/local_setup.sh
[0.632s] -- Up-to-date symlink: /home/tigertronics/mecanum_ws_v2/install/mecanum_localization/share/mecanum_localization/local_setup.zsh
[0.636s] -- Up-to-date symlink: /home/tigertronics/mecanum_ws_v2/install/mecanum_localization/share/mecanum_localization/local_setup.dsv
[0.636s] -- Symlinking: /home/tigertronics/mecanum_ws_v2/install/mecanum_localization/share/mecanum_localization/package.dsv
[0.699s] -- Up-to-date symlink: /home/tigertronics/mecanum_ws_v2/install/mecanum_localization/share/ament_index/resource_index/packages/mecanum_localization
[0.699s] -- Up-to-date symlink: /home/tigertronics/mecanum_ws_v2/install/mecanum_localization/share/mecanum_localization/cmake/mecanum_localizationConfig.cmake
[0.699s] -- Up-to-date symlink: /home/tigertronics/mecanum_ws_v2/install/mecanum_localization/share/mecanum_localization/cmake/mecanum_localizationConfig-version.cmake
[0.699s] -- Up-to-date symlink: /home/tigertronics/mecanum_ws_v2/install/mecanum_localization/share/mecanum_localization/package.xml
[0.819s] Invoked command in '/home/tigertronics/mecanum_ws_v2/build/mecanum_localization' returned '0': CMAKE_PREFIX_PATH=${CMAKE_PREFIX_PATH}:/home/tigertronics/testing_ws/install/rqt_joint_trajectory_controller:/home/tigertronics/testing_ws/install/rqt_controller_manager:/home/tigertronics/testing_ws/install/ros2controlcli:/home/tigertronics/testing_ws/install/ros2_controllers_test_nodes:/opt/ros/jazzy DEBUGINFOD_URLS=https://debuginfod.ubuntu.com /usr/bin/cmake --install /home/tigertronics/mecanum_ws_v2/build/mecanum_localization
