[0.140s] Invoking command in '/home/tigertronics/mecanum_ws_v2/build/mecanum_localization': CMAKE_PREFIX_PATH=${CMAKE_PREFIX_PATH}:/home/tigertronics/testing_ws/install/rqt_joint_trajectory_controller:/home/tigertronics/testing_ws/install/rqt_controller_manager:/home/tigertronics/testing_ws/install/ros2controlcli:/home/tigertronics/testing_ws/install/ros2_controllers_test_nodes:/opt/ros/jazzy DEBUGINFOD_URLS=https://debuginfod.ubuntu.com /usr/bin/cmake --build /home/tigertronics/mecanum_ws_v2/build/mecanum_localization -- -j4 -l4
[0.411s] [ 33%] Built target odometry_publisher
[0.429s] [ 83%] Built target white_line_corrector
[0.429s] [100%] Built target initial_pose_publisher
[0.468s] Invoked command in '/home/tigertronics/mecanum_ws_v2/build/mecanum_localization' returned '0': CMAKE_PREFIX_PATH=${CMAKE_PREFIX_PATH}:/home/tigertronics/testing_ws/install/rqt_joint_trajectory_controller:/home/tigertronics/testing_ws/install/rqt_controller_manager:/home/tigertronics/testing_ws/install/ros2controlcli:/home/tigertronics/testing_ws/install/ros2_controllers_test_nodes:/opt/ros/jazzy DEBUGINFOD_URLS=https://debuginfod.ubuntu.com /usr/bin/cmake --build /home/tigertronics/mecanum_ws_v2/build/mecanum_localization -- -j4 -l4
[0.472s] Invoking command in '/home/tigertronics/mecanum_ws_v2/build/mecanum_localization': CMAKE_PREFIX_PATH=${CMAKE_PREFIX_PATH}:/home/tigertronics/testing_ws/install/rqt_joint_trajectory_controller:/home/tigertronics/testing_ws/install/rqt_controller_manager:/home/tigertronics/testing_ws/install/ros2controlcli:/home/tigertronics/testing_ws/install/ros2_controllers_test_nodes:/opt/ros/jazzy DEBUGINFOD_URLS=https://debuginfod.ubuntu.com /usr/bin/cmake --install /home/tigertronics/mecanum_ws_v2/build/mecanum_localization
[0.505s] -- Install configuration: "Release"
[0.507s] -- Execute custom install script
[0.511s] -- Up-to-date symlink: /home/tigertronics/mecanum_ws_v2/install/mecanum_localization/lib/mecanum_localization/odometry_publisher
[0.511s] -- Up-to-date symlink: /home/tigertronics/mecanum_ws_v2/install/mecanum_localization/lib/mecanum_localization/initial_pose_publisher
[0.513s] -- Up-to-date symlink: /home/tigertronics/mecanum_ws_v2/install/mecanum_localization/lib/mecanum_localization/white_line_corrector
[0.514s] -- Up-to-date symlink: /home/tigertronics/mecanum_ws_v2/install/mecanum_localization/include/mecanum_localization/odometry_publisher.hpp
[0.515s] -- Up-to-date symlink: /home/tigertronics/mecanum_ws_v2/install/mecanum_localization/share/ament_index/resource_index/package_run_dependencies/mecanum_localization
[0.515s] -- Up-to-date symlink: /home/tigertronics/mecanum_ws_v2/install/mecanum_localization/share/ament_index/resource_index/parent_prefix_path/mecanum_localization
[0.516s] -- Up-to-date symlink: /home/tigertronics/mecanum_ws_v2/install/mecanum_localization/share/mecanum_localization/environment/ament_prefix_path.sh
[0.516s] -- Up-to-date symlink: /home/tigertronics/mecanum_ws_v2/install/mecanum_localization/share/mecanum_localization/environment/ament_prefix_path.dsv
[0.517s] -- Up-to-date symlink: /home/tigertronics/mecanum_ws_v2/install/mecanum_localization/share/mecanum_localization/environment/path.sh
[0.517s] -- Up-to-date symlink: /home/tigertronics/mecanum_ws_v2/install/mecanum_localization/share/mecanum_localization/environment/path.dsv
[0.517s] -- Up-to-date symlink: /home/tigertronics/mecanum_ws_v2/install/mecanum_localization/share/mecanum_localization/local_setup.bash
[0.518s] -- Up-to-date symlink: /home/tigertronics/mecanum_ws_v2/install/mecanum_localization/share/mecanum_localization/local_setup.sh
[0.520s] -- Up-to-date symlink: /home/tigertronics/mecanum_ws_v2/install/mecanum_localization/share/mecanum_localization/local_setup.zsh
[0.520s] -- Up-to-date symlink: /home/tigertronics/mecanum_ws_v2/install/mecanum_localization/share/mecanum_localization/local_setup.dsv
[0.520s] -- Symlinking: /home/tigertronics/mecanum_ws_v2/install/mecanum_localization/share/mecanum_localization/package.dsv
[0.551s] -- Up-to-date symlink: /home/tigertronics/mecanum_ws_v2/install/mecanum_localization/share/ament_index/resource_index/packages/mecanum_localization
[0.552s] -- Up-to-date symlink: /home/tigertronics/mecanum_ws_v2/install/mecanum_localization/share/mecanum_localization/cmake/mecanum_localizationConfig.cmake
[0.553s] -- Up-to-date symlink: /home/tigertronics/mecanum_ws_v2/install/mecanum_localization/share/mecanum_localization/cmake/mecanum_localizationConfig-version.cmake
[0.553s] -- Up-to-date symlink: /home/tigertronics/mecanum_ws_v2/install/mecanum_localization/share/mecanum_localization/package.xml
[0.558s] Invoked command in '/home/tigertronics/mecanum_ws_v2/build/mecanum_localization' returned '0': CMAKE_PREFIX_PATH=${CMAKE_PREFIX_PATH}:/home/tigertronics/testing_ws/install/rqt_joint_trajectory_controller:/home/tigertronics/testing_ws/install/rqt_controller_manager:/home/tigertronics/testing_ws/install/ros2controlcli:/home/tigertronics/testing_ws/install/ros2_controllers_test_nodes:/opt/ros/jazzy DEBUGINFOD_URLS=https://debuginfod.ubuntu.com /usr/bin/cmake --install /home/tigertronics/mecanum_ws_v2/build/mecanum_localization
