[0.191s] Invoking command in '/home/tigertronics/mecanum_ws_v2/build/mecanum_sensors': CMAKE_PREFIX_PATH=${CMAKE_PREFIX_PATH}:/home/tigertronics/testing_ws/install/rqt_joint_trajectory_controller:/home/tigertronics/testing_ws/install/rqt_controller_manager:/home/tigertronics/testing_ws/install/ros2controlcli:/home/tigertronics/testing_ws/install/ros2_controllers_test_nodes:/opt/ros/jazzy DEBUGINFOD_URLS=https://debuginfod.ubuntu.com /usr/bin/cmake /home/tigertronics/mecanum_ws_v2/src/mecanum_sensors -DAMENT_CMAKE_SYMLINK_INSTALL=1 -DCMAKE_INSTALL_PREFIX=/home/tigertronics/mecanum_ws_v2/install/mecanum_sensors
[0.768s] -- The C compiler identification is GNU 13.3.0
[1.390s] -- The CXX compiler identification is GNU 13.3.0
[1.575s] -- Detecting C compiler ABI info
[2.694s] -- Detecting C compiler ABI info - done
[2.788s] -- Check for working C compiler: /usr/bin/cc - skipped
[2.793s] -- Detecting C compile features
[2.801s] -- Detecting C compile features - done
[2.857s] -- Detecting CXX compiler ABI info
[3.766s] -- Detecting CXX compiler ABI info - done
[3.812s] -- Check for working CXX compiler: /usr/bin/c++ - skipped
[3.812s] -- Detecting CXX compile features
[3.817s] -- Detecting CXX compile features - done
[3.853s] -- Found ament_cmake: 2.5.5 (/opt/ros/jazzy/share/ament_cmake/cmake)
[5.091s] -- Found Python3: /usr/bin/python3 (found version "3.12.3") found components: Interpreter 
[5.680s] -- Override CMake install command with custom implementation using symlinks instead of copying resources
[6.155s] -- Found rclcpp: 28.1.16 (/opt/ros/jazzy/share/rclcpp/cmake)
[6.802s] -- Found rosidl_generator_c: 4.6.7 (/opt/ros/jazzy/share/rosidl_generator_c/cmake)
[6.977s] -- Found rosidl_generator_cpp: 4.6.7 (/opt/ros/jazzy/share/rosidl_generator_cpp/cmake)
[7.167s] -- Using all available rosidl_typesupport_c: rosidl_typesupport_fastrtps_c;rosidl_typesupport_introspection_c
[7.355s] -- Using all available rosidl_typesupport_cpp: rosidl_typesupport_fastrtps_cpp;rosidl_typesupport_introspection_cpp
[8.197s] -- Found rmw_implementation_cmake: 7.3.3 (/opt/ros/jazzy/share/rmw_implementation_cmake/cmake)
[8.291s] -- Found rmw_fastrtps_cpp: 8.4.3 (/opt/ros/jazzy/share/rmw_fastrtps_cpp/cmake)
[8.967s] -- Found OpenSSL: /usr/lib/aarch64-linux-gnu/libcrypto.so (found version "3.0.13")  
[9.104s] -- Found FastRTPS: /opt/ros/jazzy/include (Required is at least version "2.13") 
[9.200s] -- Using RMW implementation 'rmw_fastrtps_cpp' as default
[9.691s] -- Found std_msgs: 5.3.6 (/opt/ros/jazzy/share/std_msgs/cmake)
[9.809s] -- Found sensor_msgs: 5.3.6 (/opt/ros/jazzy/share/sensor_msgs/cmake)
[10.250s] -- Found cv_bridge: 4.1.0 (/opt/ros/jazzy/share/cv_bridge/cmake)
[10.420s] -- Found image_transport: 5.1.7 (/opt/ros/jazzy/share/image_transport/cmake)
[10.881s] -- Found OpenCV: /usr (found version "4.6.0") 
[11.703s] -- Configuring done (11.4s)
[11.890s] -- Generating done (0.1s)
[11.933s] -- Build files have been written to: /home/tigertronics/mecanum_ws_v2/build/mecanum_sensors
[12.030s] Invoked command in '/home/tigertronics/mecanum_ws_v2/build/mecanum_sensors' returned '0': CMAKE_PREFIX_PATH=${CMAKE_PREFIX_PATH}:/home/tigertronics/testing_ws/install/rqt_joint_trajectory_controller:/home/tigertronics/testing_ws/install/rqt_controller_manager:/home/tigertronics/testing_ws/install/ros2controlcli:/home/tigertronics/testing_ws/install/ros2_controllers_test_nodes:/opt/ros/jazzy DEBUGINFOD_URLS=https://debuginfod.ubuntu.com /usr/bin/cmake /home/tigertronics/mecanum_ws_v2/src/mecanum_sensors -DAMENT_CMAKE_SYMLINK_INSTALL=1 -DCMAKE_INSTALL_PREFIX=/home/tigertronics/mecanum_ws_v2/install/mecanum_sensors
[12.036s] Invoking command in '/home/tigertronics/mecanum_ws_v2/build/mecanum_sensors': CMAKE_PREFIX_PATH=${CMAKE_PREFIX_PATH}:/home/tigertronics/testing_ws/install/rqt_joint_trajectory_controller:/home/tigertronics/testing_ws/install/rqt_controller_manager:/home/tigertronics/testing_ws/install/ros2controlcli:/home/tigertronics/testing_ws/install/ros2_controllers_test_nodes:/opt/ros/jazzy DEBUGINFOD_URLS=https://debuginfod.ubuntu.com /usr/bin/cmake --build /home/tigertronics/mecanum_ws_v2/build/mecanum_sensors -- -j4 -l4
[12.489s] [ 25%] [32mBuilding CXX object CMakeFiles/fixture_detector_node.dir/src/fixture_detector_node.cpp.o[0m
[12.647s] [ 50%] [32mBuilding CXX object CMakeFiles/teensy_bridge_node.dir/src/teensy_bridge_node.cpp.o[0m
[46.548s] [ 75%] [32m[1mLinking CXX executable teensy_bridge_node[0m
[48.637s] [ 75%] Built target teensy_bridge_node
[62.347s] [100%] [32m[1mLinking CXX executable fixture_detector_node[0m
[65.062s] [100%] Built target fixture_detector_node
