[0.087s] Invoking command in '/home/tigertronics/mecanum_ws_v2/build/mecanum_description': CMAKE_PREFIX_PATH=${CMAKE_PREFIX_PATH}:/home/tigertronics/testing_ws/install/rqt_joint_trajectory_controller:/home/tigertronics/testing_ws/install/rqt_controller_manager:/home/tigertronics/testing_ws/install/ros2controlcli:/home/tigertronics/testing_ws/install/ros2_controllers_test_nodes:/opt/ros/jazzy DEBUGINFOD_URLS=https://debuginfod.ubuntu.com /usr/bin/cmake /home/tigertronics/mecanum_ws_v2/src/mecanum_description -DCMAKE_BUILD_TYPE=Release -DAMENT_CMAKE_SYMLINK_INSTALL=1 -DCMAKE_INSTALL_PREFIX=/home/tigertronics/mecanum_ws_v2/install/mecanum_description
[0.145s] -- Found ament_cmake: 2.5.5 (/opt/ros/jazzy/share/ament_cmake/cmake)
[1.342s] -- Override CMake install command with custom implementation using symlinks instead of copying resources
[1.767s] -- Configuring done (1.6s)
[1.811s] -- Generating done (0.0s)
[1.833s] -- Build files have been written to: /home/tigertronics/mecanum_ws_v2/build/mecanum_description
[1.834s] Invoked command in '/home/tigertronics/mecanum_ws_v2/build/mecanum_description' returned '0': CMAKE_PREFIX_PATH=${CMAKE_PREFIX_PATH}:/home/tigertronics/testing_ws/install/rqt_joint_trajectory_controller:/home/tigertronics/testing_ws/install/rqt_controller_manager:/home/tigertronics/testing_ws/install/ros2controlcli:/home/tigertronics/testing_ws/install/ros2_controllers_test_nodes:/opt/ros/jazzy DEBUGINFOD_URLS=https://debuginfod.ubuntu.com /usr/bin/cmake /home/tigertronics/mecanum_ws_v2/src/mecanum_description -DCMAKE_BUILD_TYPE=Release -DAMENT_CMAKE_SYMLINK_INSTALL=1 -DCMAKE_INSTALL_PREFIX=/home/tigertronics/mecanum_ws_v2/install/mecanum_description
[1.835s] Invoking command in '/home/tigertronics/mecanum_ws_v2/build/mecanum_description': CMAKE_PREFIX_PATH=${CMAKE_PREFIX_PATH}:/home/tigertronics/testing_ws/install/rqt_joint_trajectory_controller:/home/tigertronics/testing_ws/install/rqt_controller_manager:/home/tigertronics/testing_ws/install/ros2controlcli:/home/tigertronics/testing_ws/install/ros2_controllers_test_nodes:/opt/ros/jazzy DEBUGINFOD_URLS=https://debuginfod.ubuntu.com /usr/bin/cmake --build /home/tigertronics/mecanum_ws_v2/build/mecanum_description -- -j4 -l4
[2.124s] Invoked command in '/home/tigertronics/mecanum_ws_v2/build/mecanum_description' returned '0': CMAKE_PREFIX_PATH=${CMAKE_PREFIX_PATH}:/home/tigertronics/testing_ws/install/rqt_joint_trajectory_controller:/home/tigertronics/testing_ws/install/rqt_controller_manager:/home/tigertronics/testing_ws/install/ros2controlcli:/home/tigertronics/testing_ws/install/ros2_controllers_test_nodes:/opt/ros/jazzy DEBUGINFOD_URLS=https://debuginfod.ubuntu.com /usr/bin/cmake --build /home/tigertronics/mecanum_ws_v2/build/mecanum_description -- -j4 -l4
[2.125s] Invoking command in '/home/tigertronics/mecanum_ws_v2/build/mecanum_description': CMAKE_PREFIX_PATH=${CMAKE_PREFIX_PATH}:/home/tigertronics/testing_ws/install/rqt_joint_trajectory_controller:/home/tigertronics/testing_ws/install/rqt_controller_manager:/home/tigertronics/testing_ws/install/ros2controlcli:/home/tigertronics/testing_ws/install/ros2_controllers_test_nodes:/opt/ros/jazzy DEBUGINFOD_URLS=https://debuginfod.ubuntu.com /usr/bin/cmake --install /home/tigertronics/mecanum_ws_v2/build/mecanum_description
[2.191s] -- Install configuration: "Release"
[2.192s] -- Execute custom install script
[2.192s] -- Up-to-date symlink: /home/tigertronics/mecanum_ws_v2/install/mecanum_description/share/mecanum_description/urdf/mecanum_robot.urdf.xacro
[2.192s] -- Up-to-date symlink: /home/tigertronics/mecanum_ws_v2/install/mecanum_description/share/mecanum_description/urdf/ros2_control.xacro
[2.192s] -- Up-to-date symlink: /home/tigertronics/mecanum_ws_v2/install/mecanum_description/share/mecanum_description/urdf/sensors.xacro
[2.201s] -- Up-to-date symlink: /home/tigertronics/mecanum_ws_v2/install/mecanum_description/share/ament_index/resource_index/package_run_dependencies/mecanum_description
[2.201s] -- Up-to-date symlink: /home/tigertronics/mecanum_ws_v2/install/mecanum_description/share/ament_index/resource_index/parent_prefix_path/mecanum_description
[2.201s] -- Up-to-date symlink: /home/tigertronics/mecanum_ws_v2/install/mecanum_description/share/mecanum_description/environment/ament_prefix_path.sh
[2.204s] -- Up-to-date symlink: /home/tigertronics/mecanum_ws_v2/install/mecanum_description/share/mecanum_description/environment/ament_prefix_path.dsv
[2.205s] -- Up-to-date symlink: /home/tigertronics/mecanum_ws_v2/install/mecanum_description/share/mecanum_description/environment/path.sh
[2.205s] -- Up-to-date symlink: /home/tigertronics/mecanum_ws_v2/install/mecanum_description/share/mecanum_description/environment/path.dsv
[2.205s] -- Up-to-date symlink: /home/tigertronics/mecanum_ws_v2/install/mecanum_description/share/mecanum_description/local_setup.bash
[2.205s] -- Up-to-date symlink: /home/tigertronics/mecanum_ws_v2/install/mecanum_description/share/mecanum_description/local_setup.sh
[2.205s] -- Up-to-date symlink: /home/tigertronics/mecanum_ws_v2/install/mecanum_description/share/mecanum_description/local_setup.zsh
[2.205s] -- Up-to-date symlink: /home/tigertronics/mecanum_ws_v2/install/mecanum_description/share/mecanum_description/local_setup.dsv
[2.205s] -- Symlinking: /home/tigertronics/mecanum_ws_v2/install/mecanum_description/share/mecanum_description/package.dsv
[2.241s] -- Up-to-date symlink: /home/tigertronics/mecanum_ws_v2/install/mecanum_description/share/ament_index/resource_index/packages/mecanum_description
[2.242s] -- Up-to-date symlink: /home/tigertronics/mecanum_ws_v2/install/mecanum_description/share/mecanum_description/cmake/mecanum_descriptionConfig.cmake
[2.243s] -- Up-to-date symlink: /home/tigertronics/mecanum_ws_v2/install/mecanum_description/share/mecanum_description/cmake/mecanum_descriptionConfig-version.cmake
[2.244s] -- Up-to-date symlink: /home/tigertronics/mecanum_ws_v2/install/mecanum_description/share/mecanum_description/package.xml
[2.253s] Invoked command in '/home/tigertronics/mecanum_ws_v2/build/mecanum_description' returned '0': CMAKE_PREFIX_PATH=${CMAKE_PREFIX_PATH}:/home/tigertronics/testing_ws/install/rqt_joint_trajectory_controller:/home/tigertronics/testing_ws/install/rqt_controller_manager:/home/tigertronics/testing_ws/install/ros2controlcli:/home/tigertronics/testing_ws/install/ros2_controllers_test_nodes:/opt/ros/jazzy DEBUGINFOD_URLS=https://debuginfod.ubuntu.com /usr/bin/cmake --install /home/tigertronics/mecanum_ws_v2/build/mecanum_description
