[0.043s] Invoking command in '/home/tigertronics/mecanum_ws_v2/build/mecanum_sensors': CMAKE_PREFIX_PATH=${CMAKE_PREFIX_PATH}:/home/tigertronics/testing_ws/install/rqt_joint_trajectory_controller:/home/tigertronics/testing_ws/install/rqt_controller_manager:/home/tigertronics/testing_ws/install/ros2controlcli:/home/tigertronics/testing_ws/install/ros2_controllers_test_nodes:/opt/ros/jazzy DEBUGINFOD_URLS=https://debuginfod.ubuntu.com /usr/bin/cmake --build /home/tigertronics/mecanum_ws_v2/build/mecanum_sensors -- -j4 -l4
[0.638s] [ 50%] Built target teensy_bridge_node
[0.639s] [100%] Built target fixture_detector_node
[0.671s] Invoked command in '/home/tigertronics/mecanum_ws_v2/build/mecanum_sensors' returned '0': CMAKE_PREFIX_PATH=${CMAKE_PREFIX_PATH}:/home/tigertronics/testing_ws/install/rqt_joint_trajectory_controller:/home/tigertronics/testing_ws/install/rqt_controller_manager:/home/tigertronics/testing_ws/install/ros2controlcli:/home/tigertronics/testing_ws/install/ros2_controllers_test_nodes:/opt/ros/jazzy DEBUGINFOD_URLS=https://debuginfod.ubuntu.com /usr/bin/cmake --build /home/tigertronics/mecanum_ws_v2/build/mecanum_sensors -- -j4 -l4
[0.711s] Invoking command in '/home/tigertronics/mecanum_ws_v2/build/mecanum_sensors': CMAKE_PREFIX_PATH=${CMAKE_PREFIX_PATH}:/home/tigertronics/testing_ws/install/rqt_joint_trajectory_controller:/home/tigertronics/testing_ws/install/rqt_controller_manager:/home/tigertronics/testing_ws/install/ros2controlcli:/home/tigertronics/testing_ws/install/ros2_controllers_test_nodes:/opt/ros/jazzy DEBUGINFOD_URLS=https://debuginfod.ubuntu.com /usr/bin/cmake --install /home/tigertronics/mecanum_ws_v2/build/mecanum_sensors
[0.739s] -- Install configuration: "Release"
[0.741s] -- Execute custom install script
[0.743s] -- Up-to-date symlink: /home/tigertronics/mecanum_ws_v2/install/mecanum_sensors/lib/mecanum_sensors/teensy_bridge_node
[0.744s] -- Up-to-date symlink: /home/tigertronics/mecanum_ws_v2/install/mecanum_sensors/lib/mecanum_sensors/fixture_detector_node
[0.747s] -- Up-to-date symlink: /home/tigertronics/mecanum_ws_v2/install/mecanum_sensors/include/mecanum_sensors/fixture_detector_node.hpp
[0.747s] -- Up-to-date symlink: /home/tigertronics/mecanum_ws_v2/install/mecanum_sensors/include/mecanum_sensors/teensy_bridge_node.hpp
[0.749s] -- Up-to-date symlink: /home/tigertronics/mecanum_ws_v2/install/mecanum_sensors/share/ament_index/resource_index/package_run_dependencies/mecanum_sensors
[0.749s] -- Up-to-date symlink: /home/tigertronics/mecanum_ws_v2/install/mecanum_sensors/share/ament_index/resource_index/parent_prefix_path/mecanum_sensors
[0.750s] -- Up-to-date symlink: /home/tigertronics/mecanum_ws_v2/install/mecanum_sensors/share/mecanum_sensors/environment/ament_prefix_path.sh
[0.751s] -- Up-to-date symlink: /home/tigertronics/mecanum_ws_v2/install/mecanum_sensors/share/mecanum_sensors/environment/ament_prefix_path.dsv
[0.752s] -- Up-to-date symlink: /home/tigertronics/mecanum_ws_v2/install/mecanum_sensors/share/mecanum_sensors/environment/path.sh
[0.752s] -- Up-to-date symlink: /home/tigertronics/mecanum_ws_v2/install/mecanum_sensors/share/mecanum_sensors/environment/path.dsv
[0.753s] -- Up-to-date symlink: /home/tigertronics/mecanum_ws_v2/install/mecanum_sensors/share/mecanum_sensors/local_setup.bash
[0.753s] -- Up-to-date symlink: /home/tigertronics/mecanum_ws_v2/install/mecanum_sensors/share/mecanum_sensors/local_setup.sh
[0.754s] -- Up-to-date symlink: /home/tigertronics/mecanum_ws_v2/install/mecanum_sensors/share/mecanum_sensors/local_setup.zsh
[0.754s] -- Up-to-date symlink: /home/tigertronics/mecanum_ws_v2/install/mecanum_sensors/share/mecanum_sensors/local_setup.dsv
[0.755s] -- Symlinking: /home/tigertronics/mecanum_ws_v2/install/mecanum_sensors/share/mecanum_sensors/package.dsv
[0.789s] -- Up-to-date symlink: /home/tigertronics/mecanum_ws_v2/install/mecanum_sensors/share/ament_index/resource_index/packages/mecanum_sensors
[0.789s] -- Up-to-date symlink: /home/tigertronics/mecanum_ws_v2/install/mecanum_sensors/share/mecanum_sensors/cmake/mecanum_sensorsConfig.cmake
[0.790s] -- Up-to-date symlink: /home/tigertronics/mecanum_ws_v2/install/mecanum_sensors/share/mecanum_sensors/cmake/mecanum_sensorsConfig-version.cmake
[0.790s] -- Up-to-date symlink: /home/tigertronics/mecanum_ws_v2/install/mecanum_sensors/share/mecanum_sensors/package.xml
[0.794s] Invoked command in '/home/tigertronics/mecanum_ws_v2/build/mecanum_sensors' returned '0': CMAKE_PREFIX_PATH=${CMAKE_PREFIX_PATH}:/home/tigertronics/testing_ws/install/rqt_joint_trajectory_controller:/home/tigertronics/testing_ws/install/rqt_controller_manager:/home/tigertronics/testing_ws/install/ros2controlcli:/home/tigertronics/testing_ws/install/ros2_controllers_test_nodes:/opt/ros/jazzy DEBUGINFOD_URLS=https://debuginfod.ubuntu.com /usr/bin/cmake --install /home/tigertronics/mecanum_ws_v2/build/mecanum_sensors
