[0.057s] Invoking command in '/home/tigertronics/mecanum_ws_v2/build/mecanum_sensors': CMAKE_PREFIX_PATH=${CMAKE_PREFIX_PATH}:/home/tigertronics/testing_ws/install/rqt_joint_trajectory_controller:/home/tigertronics/testing_ws/install/rqt_controller_manager:/home/tigertronics/testing_ws/install/ros2controlcli:/home/tigertronics/testing_ws/install/ros2_controllers_test_nodes:/opt/ros/jazzy DEBUGINFOD_URLS=https://debuginfod.ubuntu.com /usr/bin/cmake /home/tigertronics/mecanum_ws_v2/src/mecanum_sensors -DAMENT_CMAKE_SYMLINK_INSTALL=1 -DCMAKE_INSTALL_PREFIX=/home/tigertronics/mecanum_ws_v2/install/mecanum_sensors
[0.212s] -- Found ament_cmake: 2.5.5 (/opt/ros/jazzy/share/ament_cmake/cmake)
[1.411s] -- Override CMake install command with custom implementation using symlinks instead of copying resources
[1.473s] -- Found rclcpp: 28.1.16 (/opt/ros/jazzy/share/rclcpp/cmake)
[1.713s] -- Found rosidl_generator_c: 4.6.7 (/opt/ros/jazzy/share/rosidl_generator_c/cmake)
[1.737s] -- Found rosidl_generator_cpp: 4.6.7 (/opt/ros/jazzy/share/rosidl_generator_cpp/cmake)
[1.777s] -- Using all available rosidl_typesupport_c: rosidl_typesupport_fastrtps_c;rosidl_typesupport_introspection_c
[1.817s] -- Using all available rosidl_typesupport_cpp: rosidl_typesupport_fastrtps_cpp;rosidl_typesupport_introspection_cpp
[2.041s] -- Found rmw_implementation_cmake: 7.3.3 (/opt/ros/jazzy/share/rmw_implementation_cmake/cmake)
[2.055s] -- Found rmw_fastrtps_cpp: 8.4.3 (/opt/ros/jazzy/share/rmw_fastrtps_cpp/cmake)
[2.315s] -- Using RMW implementation 'rmw_fastrtps_cpp' as default
[2.440s] -- Found std_msgs: 5.3.6 (/opt/ros/jazzy/share/std_msgs/cmake)
[2.478s] -- Found sensor_msgs: 5.3.6 (/opt/ros/jazzy/share/sensor_msgs/cmake)
[2.587s] -- Found cv_bridge: 4.1.0 (/opt/ros/jazzy/share/cv_bridge/cmake)
[2.620s] -- Found image_transport: 5.1.7 (/opt/ros/jazzy/share/image_transport/cmake)
[3.269s] -- Configuring done (3.1s)
[3.383s] -- Generating done (0.1s)
[3.409s] -- Build files have been written to: /home/tigertronics/mecanum_ws_v2/build/mecanum_sensors
[3.435s] Invoked command in '/home/tigertronics/mecanum_ws_v2/build/mecanum_sensors' returned '0': CMAKE_PREFIX_PATH=${CMAKE_PREFIX_PATH}:/home/tigertronics/testing_ws/install/rqt_joint_trajectory_controller:/home/tigertronics/testing_ws/install/rqt_controller_manager:/home/tigertronics/testing_ws/install/ros2controlcli:/home/tigertronics/testing_ws/install/ros2_controllers_test_nodes:/opt/ros/jazzy DEBUGINFOD_URLS=https://debuginfod.ubuntu.com /usr/bin/cmake /home/tigertronics/mecanum_ws_v2/src/mecanum_sensors -DAMENT_CMAKE_SYMLINK_INSTALL=1 -DCMAKE_INSTALL_PREFIX=/home/tigertronics/mecanum_ws_v2/install/mecanum_sensors
[3.436s] Invoking command in '/home/tigertronics/mecanum_ws_v2/build/mecanum_sensors': CMAKE_PREFIX_PATH=${CMAKE_PREFIX_PATH}:/home/tigertronics/testing_ws/install/rqt_joint_trajectory_controller:/home/tigertronics/testing_ws/install/rqt_controller_manager:/home/tigertronics/testing_ws/install/ros2controlcli:/home/tigertronics/testing_ws/install/ros2_controllers_test_nodes:/opt/ros/jazzy DEBUGINFOD_URLS=https://debuginfod.ubuntu.com /usr/bin/cmake --build /home/tigertronics/mecanum_ws_v2/build/mecanum_sensors -- -j4 -l4
[3.848s] [ 50%] Built target fixture_detector_node
[3.896s] [100%] Built target teensy_bridge_node
[3.957s] Invoked command in '/home/tigertronics/mecanum_ws_v2/build/mecanum_sensors' returned '0': CMAKE_PREFIX_PATH=${CMAKE_PREFIX_PATH}:/home/tigertronics/testing_ws/install/rqt_joint_trajectory_controller:/home/tigertronics/testing_ws/install/rqt_controller_manager:/home/tigertronics/testing_ws/install/ros2controlcli:/home/tigertronics/testing_ws/install/ros2_controllers_test_nodes:/opt/ros/jazzy DEBUGINFOD_URLS=https://debuginfod.ubuntu.com /usr/bin/cmake --build /home/tigertronics/mecanum_ws_v2/build/mecanum_sensors -- -j4 -l4
[3.964s] Invoking command in '/home/tigertronics/mecanum_ws_v2/build/mecanum_sensors': CMAKE_PREFIX_PATH=${CMAKE_PREFIX_PATH}:/home/tigertronics/testing_ws/install/rqt_joint_trajectory_controller:/home/tigertronics/testing_ws/install/rqt_controller_manager:/home/tigertronics/testing_ws/install/ros2controlcli:/home/tigertronics/testing_ws/install/ros2_controllers_test_nodes:/opt/ros/jazzy DEBUGINFOD_URLS=https://debuginfod.ubuntu.com /usr/bin/cmake --install /home/tigertronics/mecanum_ws_v2/build/mecanum_sensors
[4.010s] -- Install configuration: "Release"
[4.010s] -- Execute custom install script
[4.010s] -- Up-to-date symlink: /home/tigertronics/mecanum_ws_v2/install/mecanum_sensors/lib/mecanum_sensors/teensy_bridge_node
[4.014s] -- Up-to-date symlink: /home/tigertronics/mecanum_ws_v2/install/mecanum_sensors/lib/mecanum_sensors/fixture_detector_node
[4.015s] -- Up-to-date symlink: /home/tigertronics/mecanum_ws_v2/install/mecanum_sensors/include/mecanum_sensors/fixture_detector_node.hpp
[4.015s] -- Up-to-date symlink: /home/tigertronics/mecanum_ws_v2/install/mecanum_sensors/include/mecanum_sensors/teensy_bridge_node.hpp
[4.017s] -- Up-to-date symlink: /home/tigertronics/mecanum_ws_v2/install/mecanum_sensors/share/ament_index/resource_index/package_run_dependencies/mecanum_sensors
[4.018s] -- Up-to-date symlink: /home/tigertronics/mecanum_ws_v2/install/mecanum_sensors/share/ament_index/resource_index/parent_prefix_path/mecanum_sensors
[4.018s] -- Up-to-date symlink: /home/tigertronics/mecanum_ws_v2/install/mecanum_sensors/share/mecanum_sensors/environment/ament_prefix_path.sh
[4.018s] -- Up-to-date symlink: /home/tigertronics/mecanum_ws_v2/install/mecanum_sensors/share/mecanum_sensors/environment/ament_prefix_path.dsv
[4.018s] -- Up-to-date symlink: /home/tigertronics/mecanum_ws_v2/install/mecanum_sensors/share/mecanum_sensors/environment/path.sh
[4.018s] -- Up-to-date symlink: /home/tigertronics/mecanum_ws_v2/install/mecanum_sensors/share/mecanum_sensors/environment/path.dsv
[4.018s] -- Up-to-date symlink: /home/tigertronics/mecanum_ws_v2/install/mecanum_sensors/share/mecanum_sensors/local_setup.bash
[4.018s] -- Up-to-date symlink: /home/tigertronics/mecanum_ws_v2/install/mecanum_sensors/share/mecanum_sensors/local_setup.sh
[4.018s] -- Up-to-date symlink: /home/tigertronics/mecanum_ws_v2/install/mecanum_sensors/share/mecanum_sensors/local_setup.zsh
[4.022s] -- Up-to-date symlink: /home/tigertronics/mecanum_ws_v2/install/mecanum_sensors/share/mecanum_sensors/local_setup.dsv
[4.022s] -- Symlinking: /home/tigertronics/mecanum_ws_v2/install/mecanum_sensors/share/mecanum_sensors/package.dsv
[4.079s] -- Up-to-date symlink: /home/tigertronics/mecanum_ws_v2/install/mecanum_sensors/share/ament_index/resource_index/packages/mecanum_sensors
[4.080s] -- Up-to-date symlink: /home/tigertronics/mecanum_ws_v2/install/mecanum_sensors/share/mecanum_sensors/cmake/mecanum_sensorsConfig.cmake
[4.082s] -- Up-to-date symlink: /home/tigertronics/mecanum_ws_v2/install/mecanum_sensors/share/mecanum_sensors/cmake/mecanum_sensorsConfig-version.cmake
[4.082s] -- Up-to-date symlink: /home/tigertronics/mecanum_ws_v2/install/mecanum_sensors/share/mecanum_sensors/package.xml
[4.089s] Invoked command in '/home/tigertronics/mecanum_ws_v2/build/mecanum_sensors' returned '0': CMAKE_PREFIX_PATH=${CMAKE_PREFIX_PATH}:/home/tigertronics/testing_ws/install/rqt_joint_trajectory_controller:/home/tigertronics/testing_ws/install/rqt_controller_manager:/home/tigertronics/testing_ws/install/ros2controlcli:/home/tigertronics/testing_ws/install/ros2_controllers_test_nodes:/opt/ros/jazzy DEBUGINFOD_URLS=https://debuginfod.ubuntu.com /usr/bin/cmake --install /home/tigertronics/mecanum_ws_v2/build/mecanum_sensors
