[0.109s] Invoking command in '/home/tigertronics/mecanum_ws_v2/build/task_manager': CMAKE_PREFIX_PATH=${CMAKE_PREFIX_PATH}:/home/tigertronics/testing_ws/install/rqt_joint_trajectory_controller:/home/tigertronics/testing_ws/install/rqt_controller_manager:/home/tigertronics/testing_ws/install/ros2controlcli:/home/tigertronics/testing_ws/install/ros2_controllers_test_nodes:/opt/ros/jazzy DEBUGINFOD_URLS=https://debuginfod.ubuntu.com /usr/bin/cmake /home/tigertronics/mecanum_ws_v2/src/task_manager -DAMENT_CMAKE_SYMLINK_INSTALL=1 -DCMAKE_INSTALL_PREFIX=/home/tigertronics/mecanum_ws_v2/install/task_manager
[0.498s] -- The C compiler identification is GNU 13.3.0
[1.070s] -- The CXX compiler identification is GNU 13.3.0
[1.234s] -- Detecting C compiler ABI info
[2.181s] -- Detecting C compiler ABI info - done
[2.227s] -- Check for working C compiler: /usr/bin/cc - skipped
[2.230s] -- Detecting C compile features
[2.230s] -- Detecting C compile features - done
[2.300s] -- Detecting CXX compiler ABI info
[3.098s] -- Detecting CXX compiler ABI info - done
[3.139s] -- Check for working CXX compiler: /usr/bin/c++ - skipped
[3.144s] -- Detecting CXX compile features
[3.148s] -- Detecting CXX compile features - done
[3.166s] -- Found ament_cmake: 2.5.5 (/opt/ros/jazzy/share/ament_cmake/cmake)
[4.431s] -- Found Python3: /usr/bin/python3 (found version "3.12.3") found components: Interpreter 
[4.897s] -- Override CMake install command with custom implementation using symlinks instead of copying resources
[5.282s] -- Found rclcpp: 28.1.16 (/opt/ros/jazzy/share/rclcpp/cmake)
[5.539s] -- Found rosidl_generator_c: 4.6.7 (/opt/ros/jazzy/share/rosidl_generator_c/cmake)
[5.687s] -- Found rosidl_generator_cpp: 4.6.7 (/opt/ros/jazzy/share/rosidl_generator_cpp/cmake)
[5.860s] -- Using all available rosidl_typesupport_c: rosidl_typesupport_fastrtps_c;rosidl_typesupport_introspection_c
[6.043s] -- Using all available rosidl_typesupport_cpp: rosidl_typesupport_fastrtps_cpp;rosidl_typesupport_introspection_cpp
[6.548s] -- Found rmw_implementation_cmake: 7.3.3 (/opt/ros/jazzy/share/rmw_implementation_cmake/cmake)
[6.585s] -- Found rmw_fastrtps_cpp: 8.4.3 (/opt/ros/jazzy/share/rmw_fastrtps_cpp/cmake)
[7.268s] -- Found OpenSSL: /usr/lib/aarch64-linux-gnu/libcrypto.so (found version "3.0.13")  
[7.388s] -- Found FastRTPS: /opt/ros/jazzy/include (Required is at least version "2.13") 
[7.573s] -- Using RMW implementation 'rmw_fastrtps_cpp' as default
[8.041s] -- Found rclcpp_action: 28.1.16 (/opt/ros/jazzy/share/rclcpp_action/cmake)
[8.402s] -- Found nav2_msgs: 1.3.10 (/opt/ros/jazzy/share/nav2_msgs/cmake)
[9.603s] -- Found tf2: 0.36.19 (/opt/ros/jazzy/share/tf2/cmake)
[9.654s] -- Found tf2_geometry_msgs: 0.36.19 (/opt/ros/jazzy/share/tf2_geometry_msgs/cmake)
[9.862s] -- Found eigen3_cmake_module: 0.3.0 (/opt/ros/jazzy/share/eigen3_cmake_module/cmake)
[9.865s] -- Found Eigen3: TRUE (found version "3.4.0") 
[9.865s] -- Ensuring Eigen3 include directory is part of orocos-kdl CMake target
[11.887s] -- Configuring done (11.7s)
[12.107s] -- Generating done (0.1s)
[12.204s] -- Build files have been written to: /home/tigertronics/mecanum_ws_v2/build/task_manager
[12.334s] Invoked command in '/home/tigertronics/mecanum_ws_v2/build/task_manager' returned '0': CMAKE_PREFIX_PATH=${CMAKE_PREFIX_PATH}:/home/tigertronics/testing_ws/install/rqt_joint_trajectory_controller:/home/tigertronics/testing_ws/install/rqt_controller_manager:/home/tigertronics/testing_ws/install/ros2controlcli:/home/tigertronics/testing_ws/install/ros2_controllers_test_nodes:/opt/ros/jazzy DEBUGINFOD_URLS=https://debuginfod.ubuntu.com /usr/bin/cmake /home/tigertronics/mecanum_ws_v2/src/task_manager -DAMENT_CMAKE_SYMLINK_INSTALL=1 -DCMAKE_INSTALL_PREFIX=/home/tigertronics/mecanum_ws_v2/install/task_manager
[12.336s] Invoking command in '/home/tigertronics/mecanum_ws_v2/build/task_manager': CMAKE_PREFIX_PATH=${CMAKE_PREFIX_PATH}:/home/tigertronics/testing_ws/install/rqt_joint_trajectory_controller:/home/tigertronics/testing_ws/install/rqt_controller_manager:/home/tigertronics/testing_ws/install/ros2controlcli:/home/tigertronics/testing_ws/install/ros2_controllers_test_nodes:/opt/ros/jazzy DEBUGINFOD_URLS=https://debuginfod.ubuntu.com /usr/bin/cmake --build /home/tigertronics/mecanum_ws_v2/build/task_manager -- -j4 -l4
[12.882s] [ 50%] [32mBuilding CXX object CMakeFiles/task_manager_node.dir/src/task_manager_node.cpp.o[0m
[68.312s] [100%] [32m[1mLinking CXX executable task_manager_node[0m
[71.332s] [100%] Built target task_manager_node
