[0.119s] Invoking command in '/home/tigertronics/mecanum_ws_v2/build/task_manager': CMAKE_PREFIX_PATH=${CMAKE_PREFIX_PATH}:/home/tigertronics/testing_ws/install/rqt_joint_trajectory_controller:/home/tigertronics/testing_ws/install/rqt_controller_manager:/home/tigertronics/testing_ws/install/ros2controlcli:/home/tigertronics/testing_ws/install/ros2_controllers_test_nodes:/opt/ros/jazzy DEBUGINFOD_URLS=https://debuginfod.ubuntu.com /usr/bin/cmake --build /home/tigertronics/mecanum_ws_v2/build/task_manager -- -j4 -l4
[0.331s] [100%] Built target task_manager_node
[0.367s] Invoked command in '/home/tigertronics/mecanum_ws_v2/build/task_manager' returned '0': CMAKE_PREFIX_PATH=${CMAKE_PREFIX_PATH}:/home/tigertronics/testing_ws/install/rqt_joint_trajectory_controller:/home/tigertronics/testing_ws/install/rqt_controller_manager:/home/tigertronics/testing_ws/install/ros2controlcli:/home/tigertronics/testing_ws/install/ros2_controllers_test_nodes:/opt/ros/jazzy DEBUGINFOD_URLS=https://debuginfod.ubuntu.com /usr/bin/cmake --build /home/tigertronics/mecanum_ws_v2/build/task_manager -- -j4 -l4
[0.369s] Invoking command in '/home/tigertronics/mecanum_ws_v2/build/task_manager': CMAKE_PREFIX_PATH=${CMAKE_PREFIX_PATH}:/home/tigertronics/testing_ws/install/rqt_joint_trajectory_controller:/home/tigertronics/testing_ws/install/rqt_controller_manager:/home/tigertronics/testing_ws/install/ros2controlcli:/home/tigertronics/testing_ws/install/ros2_controllers_test_nodes:/opt/ros/jazzy DEBUGINFOD_URLS=https://debuginfod.ubuntu.com /usr/bin/cmake --install /home/tigertronics/mecanum_ws_v2/build/task_manager
[0.403s] -- Install configuration: ""
[0.405s] -- Execute custom install script
[0.405s] -- Up-to-date symlink: /home/tigertronics/mecanum_ws_v2/install/task_manager/lib/task_manager/task_manager_node
[0.406s] -- Up-to-date symlink: /home/tigertronics/mecanum_ws_v2/install/task_manager/include/task_manager/task_manager_node.hpp
[0.408s] -- Up-to-date symlink: /home/tigertronics/mecanum_ws_v2/install/task_manager/share/ament_index/resource_index/package_run_dependencies/task_manager
[0.408s] -- Up-to-date symlink: /home/tigertronics/mecanum_ws_v2/install/task_manager/share/ament_index/resource_index/parent_prefix_path/task_manager
[0.408s] -- Up-to-date symlink: /home/tigertronics/mecanum_ws_v2/install/task_manager/share/task_manager/environment/ament_prefix_path.sh
[0.410s] -- Up-to-date symlink: /home/tigertronics/mecanum_ws_v2/install/task_manager/share/task_manager/environment/ament_prefix_path.dsv
[0.410s] -- Up-to-date symlink: /home/tigertronics/mecanum_ws_v2/install/task_manager/share/task_manager/environment/path.sh
[0.410s] -- Up-to-date symlink: /home/tigertronics/mecanum_ws_v2/install/task_manager/share/task_manager/environment/path.dsv
[0.411s] -- Up-to-date symlink: /home/tigertronics/mecanum_ws_v2/install/task_manager/share/task_manager/local_setup.bash
[0.411s] -- Up-to-date symlink: /home/tigertronics/mecanum_ws_v2/install/task_manager/share/task_manager/local_setup.sh
[0.411s] -- Up-to-date symlink: /home/tigertronics/mecanum_ws_v2/install/task_manager/share/task_manager/local_setup.zsh
[0.411s] -- Up-to-date symlink: /home/tigertronics/mecanum_ws_v2/install/task_manager/share/task_manager/local_setup.dsv
[0.411s] -- Symlinking: /home/tigertronics/mecanum_ws_v2/install/task_manager/share/task_manager/package.dsv
[0.446s] -- Up-to-date symlink: /home/tigertronics/mecanum_ws_v2/install/task_manager/share/ament_index/resource_index/packages/task_manager
[0.446s] -- Up-to-date symlink: /home/tigertronics/mecanum_ws_v2/install/task_manager/share/task_manager/cmake/task_managerConfig.cmake
[0.446s] -- Up-to-date symlink: /home/tigertronics/mecanum_ws_v2/install/task_manager/share/task_manager/cmake/task_managerConfig-version.cmake
[0.446s] -- Up-to-date symlink: /home/tigertronics/mecanum_ws_v2/install/task_manager/share/task_manager/package.xml
[0.453s] Invoked command in '/home/tigertronics/mecanum_ws_v2/build/task_manager' returned '0': CMAKE_PREFIX_PATH=${CMAKE_PREFIX_PATH}:/home/tigertronics/testing_ws/install/rqt_joint_trajectory_controller:/home/tigertronics/testing_ws/install/rqt_controller_manager:/home/tigertronics/testing_ws/install/ros2controlcli:/home/tigertronics/testing_ws/install/ros2_controllers_test_nodes:/opt/ros/jazzy DEBUGINFOD_URLS=https://debuginfod.ubuntu.com /usr/bin/cmake --install /home/tigertronics/mecanum_ws_v2/build/task_manager
