[0.054s] Invoking command in '/home/tigertronics/mecanum_ws_v2/build/mecanum_sensors': CMAKE_PREFIX_PATH=${CMAKE_PREFIX_PATH}:/home/tigertronics/testing_ws/install/rqt_joint_trajectory_controller:/home/tigertronics/testing_ws/install/rqt_controller_manager:/home/tigertronics/testing_ws/install/ros2controlcli:/home/tigertronics/testing_ws/install/ros2_controllers_test_nodes:/opt/ros/jazzy DEBUGINFOD_URLS=https://debuginfod.ubuntu.com /usr/bin/cmake --build /home/tigertronics/mecanum_ws_v2/build/mecanum_sensors -- -j4 -l4
[0.483s] [ 33%] Built target imu_node
[0.487s] [ 66%] Built target fixture_detector_node
[0.492s] [100%] Built target teensy_bridge_node
[0.543s] Invoked command in '/home/tigertronics/mecanum_ws_v2/build/mecanum_sensors' returned '0': CMAKE_PREFIX_PATH=${CMAKE_PREFIX_PATH}:/home/tigertronics/testing_ws/install/rqt_joint_trajectory_controller:/home/tigertronics/testing_ws/install/rqt_controller_manager:/home/tigertronics/testing_ws/install/ros2controlcli:/home/tigertronics/testing_ws/install/ros2_controllers_test_nodes:/opt/ros/jazzy DEBUGINFOD_URLS=https://debuginfod.ubuntu.com /usr/bin/cmake --build /home/tigertronics/mecanum_ws_v2/build/mecanum_sensors -- -j4 -l4
[0.591s] Invoking command in '/home/tigertronics/mecanum_ws_v2/build/mecanum_sensors': CMAKE_PREFIX_PATH=${CMAKE_PREFIX_PATH}:/home/tigertronics/testing_ws/install/rqt_joint_trajectory_controller:/home/tigertronics/testing_ws/install/rqt_controller_manager:/home/tigertronics/testing_ws/install/ros2controlcli:/home/tigertronics/testing_ws/install/ros2_controllers_test_nodes:/opt/ros/jazzy DEBUGINFOD_URLS=https://debuginfod.ubuntu.com /usr/bin/cmake --install /home/tigertronics/mecanum_ws_v2/build/mecanum_sensors
[0.642s] -- Install configuration: ""
[0.645s] -- Execute custom install script
[0.647s] -- Up-to-date symlink: /home/tigertronics/mecanum_ws_v2/install/mecanum_sensors/lib/mecanum_sensors/teensy_bridge_node
[0.649s] -- Up-to-date symlink: /home/tigertronics/mecanum_ws_v2/install/mecanum_sensors/lib/mecanum_sensors/fixture_detector_node
[0.650s] -- Up-to-date symlink: /home/tigertronics/mecanum_ws_v2/install/mecanum_sensors/lib/mecanum_sensors/imu_node
[0.653s] -- Up-to-date symlink: /home/tigertronics/mecanum_ws_v2/install/mecanum_sensors/include/mecanum_sensors/fixture_detector_node.hpp
[0.653s] -- Up-to-date symlink: /home/tigertronics/mecanum_ws_v2/install/mecanum_sensors/include/mecanum_sensors/teensy_bridge_node.hpp
[0.657s] -- Up-to-date symlink: /home/tigertronics/mecanum_ws_v2/install/mecanum_sensors/share/ament_index/resource_index/package_run_dependencies/mecanum_sensors
[0.658s] -- Up-to-date symlink: /home/tigertronics/mecanum_ws_v2/install/mecanum_sensors/share/ament_index/resource_index/parent_prefix_path/mecanum_sensors
[0.660s] -- Up-to-date symlink: /home/tigertronics/mecanum_ws_v2/install/mecanum_sensors/share/mecanum_sensors/environment/ament_prefix_path.sh
[0.661s] -- Up-to-date symlink: /home/tigertronics/mecanum_ws_v2/install/mecanum_sensors/share/mecanum_sensors/environment/ament_prefix_path.dsv
[0.661s] -- Up-to-date symlink: /home/tigertronics/mecanum_ws_v2/install/mecanum_sensors/share/mecanum_sensors/environment/path.sh
[0.662s] -- Up-to-date symlink: /home/tigertronics/mecanum_ws_v2/install/mecanum_sensors/share/mecanum_sensors/environment/path.dsv
[0.662s] -- Up-to-date symlink: /home/tigertronics/mecanum_ws_v2/install/mecanum_sensors/share/mecanum_sensors/local_setup.bash
[0.663s] -- Up-to-date symlink: /home/tigertronics/mecanum_ws_v2/install/mecanum_sensors/share/mecanum_sensors/local_setup.sh
[0.664s] -- Up-to-date symlink: /home/tigertronics/mecanum_ws_v2/install/mecanum_sensors/share/mecanum_sensors/local_setup.zsh
[0.665s] -- Up-to-date symlink: /home/tigertronics/mecanum_ws_v2/install/mecanum_sensors/share/mecanum_sensors/local_setup.dsv
[0.665s] -- Symlinking: /home/tigertronics/mecanum_ws_v2/install/mecanum_sensors/share/mecanum_sensors/package.dsv
[0.725s] -- Up-to-date symlink: /home/tigertronics/mecanum_ws_v2/install/mecanum_sensors/share/ament_index/resource_index/packages/mecanum_sensors
[0.726s] -- Up-to-date symlink: /home/tigertronics/mecanum_ws_v2/install/mecanum_sensors/share/mecanum_sensors/cmake/mecanum_sensorsConfig.cmake
[0.727s] -- Up-to-date symlink: /home/tigertronics/mecanum_ws_v2/install/mecanum_sensors/share/mecanum_sensors/cmake/mecanum_sensorsConfig-version.cmake
[0.728s] -- Up-to-date symlink: /home/tigertronics/mecanum_ws_v2/install/mecanum_sensors/share/mecanum_sensors/package.xml
[0.735s] Invoked command in '/home/tigertronics/mecanum_ws_v2/build/mecanum_sensors' returned '0': CMAKE_PREFIX_PATH=${CMAKE_PREFIX_PATH}:/home/tigertronics/testing_ws/install/rqt_joint_trajectory_controller:/home/tigertronics/testing_ws/install/rqt_controller_manager:/home/tigertronics/testing_ws/install/ros2controlcli:/home/tigertronics/testing_ws/install/ros2_controllers_test_nodes:/opt/ros/jazzy DEBUGINFOD_URLS=https://debuginfod.ubuntu.com /usr/bin/cmake --install /home/tigertronics/mecanum_ws_v2/build/mecanum_sensors
