[0.035s] Invoking command in '/home/tigertronics/mecanum_ws_v2/build/mecanum_sensors': CMAKE_PREFIX_PATH=${CMAKE_PREFIX_PATH}:/home/tigertronics/testing_ws/install/rqt_joint_trajectory_controller:/home/tigertronics/testing_ws/install/rqt_controller_manager:/home/tigertronics/testing_ws/install/ros2controlcli:/home/tigertronics/testing_ws/install/ros2_controllers_test_nodes:/opt/ros/jazzy DEBUGINFOD_URLS=https://debuginfod.ubuntu.com /usr/bin/cmake --build /home/tigertronics/mecanum_ws_v2/build/mecanum_sensors -- -j4 -l4
[0.290s] [ 12%] [32mBuilding CXX object CMakeFiles/tof_node.dir/src/tof_node.cpp.o[0m
[0.326s] [ 37%] Built target fixture_detector_node
[0.330s] [ 62%] Built target teensy_bridge_node
[0.342s] [ 87%] Built target imu_node
[6.440s] [01m[K/home/tigertronics/mecanum_ws_v2/src/mecanum_sensors/src/tof_node.cpp:[m[K In constructor ‘[01m[KToFNode::[01;32m[KToFNode[m[K()[m[K’:
[6.440s] [01m[K/home/tigertronics/mecanum_ws_v2/src/mecanum_sensors/src/tof_node.cpp:90:5:[m[K [01;31m[Kerror: [m[K‘[01m[Knum_sensors_[m[K’ was not declared in this scope
[6.440s]    90 |     [01;31m[Knum_sensors_[m[K = get_parameter("num_sensors").as_int();
[6.440s]       |     [01;31m[K^~~~~~~~~~~~[m[K
[6.487s] [01m[K/home/tigertronics/mecanum_ws_v2/src/mecanum_sensors/src/tof_node.cpp:[m[K In destructor ‘[01m[Kvirtual ToFNode::[01;32m[K~ToFNode[m[K()[m[K’:
[6.487s] [01m[K/home/tigertronics/mecanum_ws_v2/src/mecanum_sensors/src/tof_node.cpp:136:25:[m[K [01;31m[Kerror: [m[K‘[01m[Knum_sensors_[m[K’ was not declared in this scope
[6.487s]   136 |     for (int i = 0; i < [01;31m[Knum_sensors_[m[K; i++)
[6.488s]       |                         [01;31m[K^~~~~~~~~~~~[m[K
[6.506s] [01m[K/home/tigertronics/mecanum_ws_v2/src/mecanum_sensors/src/tof_node.cpp:[m[K In member function ‘[01m[Kbool ToFNode::[01;32m[KinitSensors[m[K()[m[K’:
[6.507s] [01m[K/home/tigertronics/mecanum_ws_v2/src/mecanum_sensors/src/tof_node.cpp:145:25:[m[K [01;31m[Kerror: [m[K‘[01m[Knum_sensors_[m[K’ was not declared in this scope
[6.507s]   145 |     for (int i = 0; i < [01;31m[Knum_sensors_[m[K; i++) gpiod_line_set_value(lines_[i], 0);
[6.507s]       |                         [01;31m[K^~~~~~~~~~~~[m[K
[6.531s] [01m[K/home/tigertronics/mecanum_ws_v2/src/mecanum_sensors/src/tof_node.cpp:149:25:[m[K [01;31m[Kerror: [m[K‘[01m[Knum_sensors_[m[K’ was not declared in this scope
[6.531s]   149 |     for (int i = 0; i < [01;31m[Knum_sensors_[m[K; i++) {
[6.531s]       |                         [01;31m[K^~~~~~~~~~~~[m[K
[6.556s] [01m[K/home/tigertronics/mecanum_ws_v2/src/mecanum_sensors/src/tof_node.cpp:[m[K In member function ‘[01m[Kvoid ToFNode::[01;32m[Kpublish[m[K()[m[K’:
[6.559s] [01m[K/home/tigertronics/mecanum_ws_v2/src/mecanum_sensors/src/tof_node.cpp:212:25:[m[K [01;31m[Kerror: [m[K‘[01m[Knum_sensors_[m[K’ was not declared in this scope
[6.559s]   212 |     for (int i = 0; i < [01;31m[Knum_sensors_[m[K; i++) {
[6.560s]       |                         [01;31m[K^~~~~~~~~~~~[m[K
[9.432s] gmake[2]: *** [CMakeFiles/tof_node.dir/build.make:76: CMakeFiles/tof_node.dir/src/tof_node.cpp.o] Error 1
[9.432s] gmake[1]: *** [CMakeFiles/Makefile2:221: CMakeFiles/tof_node.dir/all] Error 2
[9.432s] gmake: *** [Makefile:146: all] Error 2
[9.436s] Invoked command in '/home/tigertronics/mecanum_ws_v2/build/mecanum_sensors' returned '2': CMAKE_PREFIX_PATH=${CMAKE_PREFIX_PATH}:/home/tigertronics/testing_ws/install/rqt_joint_trajectory_controller:/home/tigertronics/testing_ws/install/rqt_controller_manager:/home/tigertronics/testing_ws/install/ros2controlcli:/home/tigertronics/testing_ws/install/ros2_controllers_test_nodes:/opt/ros/jazzy DEBUGINFOD_URLS=https://debuginfod.ubuntu.com /usr/bin/cmake --build /home/tigertronics/mecanum_ws_v2/build/mecanum_sensors -- -j4 -l4
