[0.062s] Invoking command in '/home/tigertronics/mecanum_ws_v2/build/mecanum_sensors': CMAKE_PREFIX_PATH=${CMAKE_PREFIX_PATH}:/home/tigertronics/testing_ws/install/rqt_joint_trajectory_controller:/home/tigertronics/testing_ws/install/rqt_controller_manager:/home/tigertronics/testing_ws/install/ros2controlcli:/home/tigertronics/testing_ws/install/ros2_controllers_test_nodes:/opt/ros/jazzy DEBUGINFOD_URLS=https://debuginfod.ubuntu.com /usr/bin/cmake --build /home/tigertronics/mecanum_ws_v2/build/mecanum_sensors -- -j4 -l4
[0.394s] [ 50%] Built target teensy_bridge_node
[0.397s] [100%] Built target fixture_detector_node
[0.470s] Invoked command in '/home/tigertronics/mecanum_ws_v2/build/mecanum_sensors' returned '0': CMAKE_PREFIX_PATH=${CMAKE_PREFIX_PATH}:/home/tigertronics/testing_ws/install/rqt_joint_trajectory_controller:/home/tigertronics/testing_ws/install/rqt_controller_manager:/home/tigertronics/testing_ws/install/ros2controlcli:/home/tigertronics/testing_ws/install/ros2_controllers_test_nodes:/opt/ros/jazzy DEBUGINFOD_URLS=https://debuginfod.ubuntu.com /usr/bin/cmake --build /home/tigertronics/mecanum_ws_v2/build/mecanum_sensors -- -j4 -l4
[0.471s] Invoking command in '/home/tigertronics/mecanum_ws_v2/build/mecanum_sensors': CMAKE_PREFIX_PATH=${CMAKE_PREFIX_PATH}:/home/tigertronics/testing_ws/install/rqt_joint_trajectory_controller:/home/tigertronics/testing_ws/install/rqt_controller_manager:/home/tigertronics/testing_ws/install/ros2controlcli:/home/tigertronics/testing_ws/install/ros2_controllers_test_nodes:/opt/ros/jazzy DEBUGINFOD_URLS=https://debuginfod.ubuntu.com /usr/bin/cmake --install /home/tigertronics/mecanum_ws_v2/build/mecanum_sensors
[0.519s] -- Install configuration: ""
[0.523s] -- Execute custom install script
[0.528s] -- Up-to-date symlink: /home/tigertronics/mecanum_ws_v2/install/mecanum_sensors/lib/mecanum_sensors/teensy_bridge_node
[0.528s] -- Up-to-date symlink: /home/tigertronics/mecanum_ws_v2/install/mecanum_sensors/lib/mecanum_sensors/fixture_detector_node
[0.528s] -- Up-to-date symlink: /home/tigertronics/mecanum_ws_v2/install/mecanum_sensors/include/mecanum_sensors/fixture_detector_node.hpp
[0.528s] -- Up-to-date symlink: /home/tigertronics/mecanum_ws_v2/install/mecanum_sensors/include/mecanum_sensors/teensy_bridge_node.hpp
[0.529s] -- Up-to-date symlink: /home/tigertronics/mecanum_ws_v2/install/mecanum_sensors/share/ament_index/resource_index/package_run_dependencies/mecanum_sensors
[0.529s] -- Up-to-date symlink: /home/tigertronics/mecanum_ws_v2/install/mecanum_sensors/share/ament_index/resource_index/parent_prefix_path/mecanum_sensors
[0.529s] -- Up-to-date symlink: /home/tigertronics/mecanum_ws_v2/install/mecanum_sensors/share/mecanum_sensors/environment/ament_prefix_path.sh
[0.530s] -- Up-to-date symlink: /home/tigertronics/mecanum_ws_v2/install/mecanum_sensors/share/mecanum_sensors/environment/ament_prefix_path.dsv
[0.530s] -- Up-to-date symlink: /home/tigertronics/mecanum_ws_v2/install/mecanum_sensors/share/mecanum_sensors/environment/path.sh
[0.530s] -- Up-to-date symlink: /home/tigertronics/mecanum_ws_v2/install/mecanum_sensors/share/mecanum_sensors/environment/path.dsv
[0.533s] -- Up-to-date symlink: /home/tigertronics/mecanum_ws_v2/install/mecanum_sensors/share/mecanum_sensors/local_setup.bash
[0.533s] -- Up-to-date symlink: /home/tigertronics/mecanum_ws_v2/install/mecanum_sensors/share/mecanum_sensors/local_setup.sh
[0.533s] -- Up-to-date symlink: /home/tigertronics/mecanum_ws_v2/install/mecanum_sensors/share/mecanum_sensors/local_setup.zsh
[0.533s] -- Up-to-date symlink: /home/tigertronics/mecanum_ws_v2/install/mecanum_sensors/share/mecanum_sensors/local_setup.dsv
[0.533s] -- Symlinking: /home/tigertronics/mecanum_ws_v2/install/mecanum_sensors/share/mecanum_sensors/package.dsv
[0.572s] -- Up-to-date symlink: /home/tigertronics/mecanum_ws_v2/install/mecanum_sensors/share/ament_index/resource_index/packages/mecanum_sensors
[0.573s] -- Up-to-date symlink: /home/tigertronics/mecanum_ws_v2/install/mecanum_sensors/share/mecanum_sensors/cmake/mecanum_sensorsConfig.cmake
[0.573s] -- Up-to-date symlink: /home/tigertronics/mecanum_ws_v2/install/mecanum_sensors/share/mecanum_sensors/cmake/mecanum_sensorsConfig-version.cmake
[0.573s] -- Up-to-date symlink: /home/tigertronics/mecanum_ws_v2/install/mecanum_sensors/share/mecanum_sensors/package.xml
[0.681s] Invoked command in '/home/tigertronics/mecanum_ws_v2/build/mecanum_sensors' returned '0': CMAKE_PREFIX_PATH=${CMAKE_PREFIX_PATH}:/home/tigertronics/testing_ws/install/rqt_joint_trajectory_controller:/home/tigertronics/testing_ws/install/rqt_controller_manager:/home/tigertronics/testing_ws/install/ros2controlcli:/home/tigertronics/testing_ws/install/ros2_controllers_test_nodes:/opt/ros/jazzy DEBUGINFOD_URLS=https://debuginfod.ubuntu.com /usr/bin/cmake --install /home/tigertronics/mecanum_ws_v2/build/mecanum_sensors
